[Wed, 12 Feb 20 09:53:00 +0700] DISPOSISI SENT {"disposisi_id":"ed7474ea1f2e4c958c4c3e07fbd027f3","dispo_masuk_parent":"\/704752f09d084738bd9b88e9579b7c8d","penerima_id":"7afb9db7eb7a41ceae7ccee5711b525a","pengirim_id":"1","berkas":0,"tembusan":0}
[Wed, 12 Feb 20 09:53:56 +0700] DISPOSISI SENT {"disposisi_id":"b4121937adea48b38ccad45c9e1eec8d","dispo_masuk_parent":"\/704752f09d084738bd9b88e9579b7c8d","penerima_id":"7afb9db7eb7a41ceae7ccee5711b525a","pengirim_id":"1","berkas":0,"tembusan":0}
[Wed, 12 Feb 20 09:55:43 +0700] DISPOSISI SENT {"disposisi_id":"974e8862189a4444b1121dad2bb045b4","dispo_masuk_parent":"\/704752f09d084738bd9b88e9579b7c8d","penerima_id":"7afb9db7eb7a41ceae7ccee5711b525a","pengirim_id":"1","berkas":0,"tembusan":0}
[Wed, 12 Feb 20 09:56:10 +0700] DISPOSISI SENT {"disposisi_id":"ad0b3740d78e4837ae256ce5c0c04c28","dispo_masuk_parent":"\/704752f09d084738bd9b88e9579b7c8d\/8082a2b45e1c42e289b76c845118ccd6","penerima_id":"1","pengirim_id":"7afb9db7eb7a41ceae7ccee5711b525a","berkas":0,"tembusan":0}
[Wed, 12 Feb 20 09:58:19 +0700] DISPOSISI SENT {"disposisi_id":"499d51d553194d8ca6486e23987dd203","dispo_masuk_parent":"\/704752f09d084738bd9b88e9579b7c8d","penerima_id":"7afb9db7eb7a41ceae7ccee5711b525a","pengirim_id":"1","berkas":0,"tembusan":0}
[Wed, 12 Feb 20 09:58:34 +0700] DISPOSISI SENT {"disposisi_id":"ee05902a24e0464fae4d6c1914ff5cb2","dispo_masuk_parent":"\/704752f09d084738bd9b88e9579b7c8d","penerima_id":"7afb9db7eb7a41ceae7ccee5711b525a","pengirim_id":"1","berkas":0,"tembusan":0}
[Wed, 12 Feb 20 09:59:14 +0700] DISPOSISI SENT {"disposisi_id":"1d27ab618d924893bb4032028cddcdb7","dispo_masuk_parent":"\/704752f09d084738bd9b88e9579b7c8d","penerima_id":"7afb9db7eb7a41ceae7ccee5711b525a","pengirim_id":"1","berkas":0,"tembusan":0}
[Wed, 12 Feb 20 10:01:32 +0700] DISPOSISI SENT {"disposisi_id":"9e1058012582428ca88978a99e70bb33","dispo_masuk_parent":"\/704752f09d084738bd9b88e9579b7c8d","penerima_id":"7afb9db7eb7a41ceae7ccee5711b525a","pengirim_id":"1","berkas":0,"tembusan":0}
[Wed, 12 Feb 20 10:18:37 +0700] DISPOSISI SENT {"disposisi_id":"0566ebb380f347bbabdbc962f2cce53e","dispo_masuk_parent":null,"penerima_id":"1","pengirim_id":"1","berkas":0,"tembusan":0}
[Wed, 12 Feb 20 10:19:47 +0700] DISPOSISI SENT {"disposisi_id":"7389592c7c704f588862934680a2b282","dispo_masuk_parent":null,"penerima_id":"7afb9db7eb7a41ceae7ccee5711b525a","pengirim_id":"1","berkas":0,"tembusan":0}
[Wed, 12 Feb 20 10:19:47 +0700] DISPOSISI SENT {"disposisi_id":"7389592c7c704f588862934680a2b282","dispo_masuk_parent":null,"penerima_id":"955e5b11dad64389b0d9cdb730f08d33","pengirim_id":"1","berkas":0,"tembusan":0}
[Wed, 12 Feb 20 10:19:47 +0700] DISPOSISI SENT {"disposisi_id":"7389592c7c704f588862934680a2b282","dispo_masuk_parent":null,"penerima_id":"1","pengirim_id":"1","berkas":0,"tembusan":0}
[Wed, 12 Feb 20 10:19:48 +0700] DISPOSISI SENT {"disposisi_id":"7389592c7c704f588862934680a2b282","dispo_masuk_parent":null,"penerima_id":"7ca0675abc9546f5965d8b109aa47827","pengirim_id":"1","berkas":0,"tembusan":0}
[Wed, 12 Feb 20 10:19:48 +0700] DISPOSISI SENT {"disposisi_id":"7389592c7c704f588862934680a2b282","dispo_masuk_parent":null,"penerima_id":"64ae661d57d2492689730af88f6b08bc","pengirim_id":"1","berkas":0,"tembusan":0}
[Wed, 12 Feb 20 10:19:48 +0700] DISPOSISI SENT {"disposisi_id":"7389592c7c704f588862934680a2b282","dispo_masuk_parent":null,"penerima_id":"c356f6e35013405896c3c4e952731a5d","pengirim_id":"1","berkas":0,"tembusan":0}
[Wed, 12 Feb 20 10:19:49 +0700] DISPOSISI SENT {"disposisi_id":"7389592c7c704f588862934680a2b282","dispo_masuk_parent":null,"penerima_id":"9359fe4f11e24d3495f6e17e39fef4e9","pengirim_id":"1","berkas":0,"tembusan":0}
[Wed, 12 Feb 20 10:19:49 +0700] DISPOSISI SENT {"disposisi_id":"7389592c7c704f588862934680a2b282","dispo_masuk_parent":null,"penerima_id":"79e5550985084b75882ed90456460826","pengirim_id":"1","berkas":0,"tembusan":0}
[Wed, 12 Feb 20 10:19:49 +0700] DISPOSISI SENT {"disposisi_id":"7389592c7c704f588862934680a2b282","dispo_masuk_parent":null,"penerima_id":"a5d6dbda089b42b3a820109288e4ba11","pengirim_id":"1","berkas":0,"tembusan":0}
[Wed, 12 Feb 20 10:19:50 +0700] DISPOSISI SENT {"disposisi_id":"7389592c7c704f588862934680a2b282","dispo_masuk_parent":null,"penerima_id":"05b9c7c370574d14bc14572bf6b042d2","pengirim_id":"1","berkas":0,"tembusan":0}
[Wed, 12 Feb 20 10:19:50 +0700] DISPOSISI SENT {"disposisi_id":"7389592c7c704f588862934680a2b282","dispo_masuk_parent":null,"penerima_id":"0677e46cc7944a11a1b752e1c15ab09d","pengirim_id":"1","berkas":0,"tembusan":0}
[Wed, 12 Feb 20 10:19:50 +0700] DISPOSISI SENT {"disposisi_id":"7389592c7c704f588862934680a2b282","dispo_masuk_parent":null,"penerima_id":"82a5eddf5a7f4db08600312fe40f1e8a","pengirim_id":"1","berkas":0,"tembusan":0}
[Wed, 12 Feb 20 10:19:51 +0700] DISPOSISI SENT {"disposisi_id":"7389592c7c704f588862934680a2b282","dispo_masuk_parent":null,"penerima_id":"feee296b68304ff09fde2635bd9a1fe4","pengirim_id":"1","berkas":0,"tembusan":0}
[Wed, 12 Feb 20 10:19:51 +0700] DISPOSISI SENT {"disposisi_id":"7389592c7c704f588862934680a2b282","dispo_masuk_parent":null,"penerima_id":"1969a95c30844a2fa6ccbdfc6d03962d","pengirim_id":"1","berkas":0,"tembusan":0}
[Wed, 12 Feb 20 10:19:51 +0700] DISPOSISI SENT {"disposisi_id":"7389592c7c704f588862934680a2b282","dispo_masuk_parent":null,"penerima_id":"c6b0b7b73aa842a196827b306731d909","pengirim_id":"1","berkas":0,"tembusan":0}
[Wed, 12 Feb 20 10:19:52 +0700] DISPOSISI SENT {"disposisi_id":"7389592c7c704f588862934680a2b282","dispo_masuk_parent":null,"penerima_id":"82773afd4aff4d6b948752d677b8b735","pengirim_id":"1","berkas":0,"tembusan":0}
[Wed, 12 Feb 20 10:19:52 +0700] DISPOSISI SENT {"disposisi_id":"7389592c7c704f588862934680a2b282","dispo_masuk_parent":null,"penerima_id":"1eec0b31fa4d46bdb0e27140c47b302e","pengirim_id":"1","berkas":0,"tembusan":0}
[Wed, 12 Feb 20 10:19:52 +0700] DISPOSISI SENT {"disposisi_id":"7389592c7c704f588862934680a2b282","dispo_masuk_parent":null,"penerima_id":"f81fab2c40fc463e9c1742ac96037098","pengirim_id":"1","berkas":0,"tembusan":0}
[Wed, 12 Feb 20 10:19:52 +0700] DISPOSISI SENT {"disposisi_id":"7389592c7c704f588862934680a2b282","dispo_masuk_parent":null,"penerima_id":"5d945c54029a4afa859d3371a5eb6729","pengirim_id":"1","berkas":0,"tembusan":0}
[Wed, 12 Feb 20 10:19:53 +0700] DISPOSISI SENT {"disposisi_id":"7389592c7c704f588862934680a2b282","dispo_masuk_parent":null,"penerima_id":"229fcd937481473aad1e16fd53e411a3","pengirim_id":"1","berkas":0,"tembusan":0}
[Wed, 12 Feb 20 10:42:02 +0700] DISPOSISI SENT {"disposisi_id":"b2ffb35b5fd44589a4f4b15070d2db2e","dispo_masuk_parent":null,"penerima_id":"1","pengirim_id":"1","berkas":1,"tembusan":1}
[Wed, 12 Feb 20 10:42:53 +0700] DISPOSISI SENT {"disposisi_id":"844c753d47f7401c9df8d627b341a07d","dispo_masuk_parent":null,"penerima_id":"7afb9db7eb7a41ceae7ccee5711b525a","pengirim_id":"1","berkas":1,"tembusan":1}
[Wed, 12 Feb 20 10:42:53 +0700] DISPOSISI SENT {"disposisi_id":"844c753d47f7401c9df8d627b341a07d","dispo_masuk_parent":null,"penerima_id":"955e5b11dad64389b0d9cdb730f08d33","pengirim_id":"1","berkas":1,"tembusan":1}
[Wed, 12 Feb 20 10:42:54 +0700] DISPOSISI SENT {"disposisi_id":"844c753d47f7401c9df8d627b341a07d","dispo_masuk_parent":null,"penerima_id":"1","pengirim_id":"1","berkas":1,"tembusan":1}
[Wed, 12 Feb 20 10:42:54 +0700] DISPOSISI SENT {"disposisi_id":"844c753d47f7401c9df8d627b341a07d","dispo_masuk_parent":null,"penerima_id":"7ca0675abc9546f5965d8b109aa47827","pengirim_id":"1","berkas":1,"tembusan":1}
[Wed, 12 Feb 20 10:42:54 +0700] DISPOSISI SENT {"disposisi_id":"844c753d47f7401c9df8d627b341a07d","dispo_masuk_parent":null,"penerima_id":"64ae661d57d2492689730af88f6b08bc","pengirim_id":"1","berkas":1,"tembusan":1}
[Wed, 12 Feb 20 10:42:54 +0700] DISPOSISI SENT {"disposisi_id":"844c753d47f7401c9df8d627b341a07d","dispo_masuk_parent":null,"penerima_id":"c356f6e35013405896c3c4e952731a5d","pengirim_id":"1","berkas":1,"tembusan":1}
[Wed, 12 Feb 20 10:42:54 +0700] DISPOSISI SENT {"disposisi_id":"844c753d47f7401c9df8d627b341a07d","dispo_masuk_parent":null,"penerima_id":"9359fe4f11e24d3495f6e17e39fef4e9","pengirim_id":"1","berkas":1,"tembusan":1}
[Wed, 12 Feb 20 10:42:55 +0700] DISPOSISI SENT {"disposisi_id":"844c753d47f7401c9df8d627b341a07d","dispo_masuk_parent":null,"penerima_id":"79e5550985084b75882ed90456460826","pengirim_id":"1","berkas":1,"tembusan":1}
[Wed, 12 Feb 20 10:42:55 +0700] DISPOSISI SENT {"disposisi_id":"844c753d47f7401c9df8d627b341a07d","dispo_masuk_parent":null,"penerima_id":"a5d6dbda089b42b3a820109288e4ba11","pengirim_id":"1","berkas":1,"tembusan":1}
[Wed, 12 Feb 20 10:42:55 +0700] DISPOSISI SENT {"disposisi_id":"844c753d47f7401c9df8d627b341a07d","dispo_masuk_parent":null,"penerima_id":"05b9c7c370574d14bc14572bf6b042d2","pengirim_id":"1","berkas":1,"tembusan":1}
[Wed, 12 Feb 20 10:42:55 +0700] DISPOSISI SENT {"disposisi_id":"844c753d47f7401c9df8d627b341a07d","dispo_masuk_parent":null,"penerima_id":"0677e46cc7944a11a1b752e1c15ab09d","pengirim_id":"1","berkas":1,"tembusan":1}
[Wed, 12 Feb 20 10:42:56 +0700] DISPOSISI SENT {"disposisi_id":"844c753d47f7401c9df8d627b341a07d","dispo_masuk_parent":null,"penerima_id":"82a5eddf5a7f4db08600312fe40f1e8a","pengirim_id":"1","berkas":1,"tembusan":1}
[Wed, 12 Feb 20 10:42:56 +0700] DISPOSISI SENT {"disposisi_id":"844c753d47f7401c9df8d627b341a07d","dispo_masuk_parent":null,"penerima_id":"feee296b68304ff09fde2635bd9a1fe4","pengirim_id":"1","berkas":1,"tembusan":1}
[Wed, 12 Feb 20 10:42:56 +0700] DISPOSISI SENT {"disposisi_id":"844c753d47f7401c9df8d627b341a07d","dispo_masuk_parent":null,"penerima_id":"1969a95c30844a2fa6ccbdfc6d03962d","pengirim_id":"1","berkas":1,"tembusan":1}
[Wed, 12 Feb 20 10:42:56 +0700] DISPOSISI SENT {"disposisi_id":"844c753d47f7401c9df8d627b341a07d","dispo_masuk_parent":null,"penerima_id":"c6b0b7b73aa842a196827b306731d909","pengirim_id":"1","berkas":1,"tembusan":1}
[Wed, 12 Feb 20 10:42:56 +0700] DISPOSISI SENT {"disposisi_id":"844c753d47f7401c9df8d627b341a07d","dispo_masuk_parent":null,"penerima_id":"82773afd4aff4d6b948752d677b8b735","pengirim_id":"1","berkas":1,"tembusan":1}
[Wed, 12 Feb 20 10:42:57 +0700] DISPOSISI SENT {"disposisi_id":"844c753d47f7401c9df8d627b341a07d","dispo_masuk_parent":null,"penerima_id":"1eec0b31fa4d46bdb0e27140c47b302e","pengirim_id":"1","berkas":1,"tembusan":1}
[Wed, 12 Feb 20 10:42:57 +0700] DISPOSISI SENT {"disposisi_id":"844c753d47f7401c9df8d627b341a07d","dispo_masuk_parent":null,"penerima_id":"f81fab2c40fc463e9c1742ac96037098","pengirim_id":"1","berkas":1,"tembusan":1}
[Wed, 12 Feb 20 10:42:57 +0700] DISPOSISI SENT {"disposisi_id":"844c753d47f7401c9df8d627b341a07d","dispo_masuk_parent":null,"penerima_id":"5d945c54029a4afa859d3371a5eb6729","pengirim_id":"1","berkas":1,"tembusan":1}
[Wed, 12 Feb 20 10:42:57 +0700] DISPOSISI SENT {"disposisi_id":"844c753d47f7401c9df8d627b341a07d","dispo_masuk_parent":null,"penerima_id":"229fcd937481473aad1e16fd53e411a3","pengirim_id":"1","berkas":1,"tembusan":1}
[Wed, 12 Feb 20 10:43:24 +0700] DISPOSISI SENT {"disposisi_id":"4f40320fbbb648fc87705d51587e331c","dispo_masuk_parent":"\/b90678f1ff7c4cbab151d20025c0c18c","penerima_id":"7afb9db7eb7a41ceae7ccee5711b525a","pengirim_id":"1","berkas":0,"tembusan":0}
[Wed, 12 Feb 20 10:44:03 +0700] DISPOSISI SENT {"disposisi_id":"cacacbd55640471095d4bfe9561c9353","dispo_masuk_parent":"\/b90678f1ff7c4cbab151d20025c0c18c","penerima_id":"9359fe4f11e24d3495f6e17e39fef4e9","pengirim_id":"1","berkas":0,"tembusan":0}
[Wed, 12 Feb 20 10:44:03 +0700] DISPOSISI SENT {"disposisi_id":"cacacbd55640471095d4bfe9561c9353","dispo_masuk_parent":"\/b90678f1ff7c4cbab151d20025c0c18c","penerima_id":"79e5550985084b75882ed90456460826","pengirim_id":"1","berkas":0,"tembusan":0}
[Wed, 12 Feb 20 10:44:03 +0700] DISPOSISI SENT {"disposisi_id":"cacacbd55640471095d4bfe9561c9353","dispo_masuk_parent":"\/b90678f1ff7c4cbab151d20025c0c18c","penerima_id":"a5d6dbda089b42b3a820109288e4ba11","pengirim_id":"1","berkas":0,"tembusan":0}
[Wed, 12 Feb 20 10:44:04 +0700] DISPOSISI SENT {"disposisi_id":"cacacbd55640471095d4bfe9561c9353","dispo_masuk_parent":"\/b90678f1ff7c4cbab151d20025c0c18c","penerima_id":"05b9c7c370574d14bc14572bf6b042d2","pengirim_id":"1","berkas":0,"tembusan":0}
[Wed, 12 Feb 20 10:44:04 +0700] DISPOSISI SENT {"disposisi_id":"cacacbd55640471095d4bfe9561c9353","dispo_masuk_parent":"\/b90678f1ff7c4cbab151d20025c0c18c","penerima_id":"0677e46cc7944a11a1b752e1c15ab09d","pengirim_id":"1","berkas":0,"tembusan":0}
[Wed, 12 Feb 20 10:44:04 +0700] DISPOSISI SENT {"disposisi_id":"cacacbd55640471095d4bfe9561c9353","dispo_masuk_parent":"\/b90678f1ff7c4cbab151d20025c0c18c","penerima_id":"82a5eddf5a7f4db08600312fe40f1e8a","pengirim_id":"1","berkas":0,"tembusan":0}
[Wed, 12 Feb 20 10:44:05 +0700] DISPOSISI SENT {"disposisi_id":"cacacbd55640471095d4bfe9561c9353","dispo_masuk_parent":"\/b90678f1ff7c4cbab151d20025c0c18c","penerima_id":"feee296b68304ff09fde2635bd9a1fe4","pengirim_id":"1","berkas":0,"tembusan":0}
[Wed, 12 Feb 20 10:44:05 +0700] DISPOSISI SENT {"disposisi_id":"cacacbd55640471095d4bfe9561c9353","dispo_masuk_parent":"\/b90678f1ff7c4cbab151d20025c0c18c","penerima_id":"1969a95c30844a2fa6ccbdfc6d03962d","pengirim_id":"1","berkas":0,"tembusan":0}
[Wed, 12 Feb 20 10:44:05 +0700] DISPOSISI SENT {"disposisi_id":"cacacbd55640471095d4bfe9561c9353","dispo_masuk_parent":"\/b90678f1ff7c4cbab151d20025c0c18c","penerima_id":"c6b0b7b73aa842a196827b306731d909","pengirim_id":"1","berkas":0,"tembusan":0}
[Wed, 12 Feb 20 10:44:05 +0700] DISPOSISI SENT {"disposisi_id":"cacacbd55640471095d4bfe9561c9353","dispo_masuk_parent":"\/b90678f1ff7c4cbab151d20025c0c18c","penerima_id":"82773afd4aff4d6b948752d677b8b735","pengirim_id":"1","berkas":0,"tembusan":0}
[Wed, 12 Feb 20 10:44:06 +0700] DISPOSISI SENT {"disposisi_id":"cacacbd55640471095d4bfe9561c9353","dispo_masuk_parent":"\/b90678f1ff7c4cbab151d20025c0c18c","penerima_id":"1eec0b31fa4d46bdb0e27140c47b302e","pengirim_id":"1","berkas":0,"tembusan":0}
[Wed, 12 Feb 20 10:44:06 +0700] DISPOSISI SENT {"disposisi_id":"cacacbd55640471095d4bfe9561c9353","dispo_masuk_parent":"\/b90678f1ff7c4cbab151d20025c0c18c","penerima_id":"f81fab2c40fc463e9c1742ac96037098","pengirim_id":"1","berkas":0,"tembusan":0}
[Wed, 12 Feb 20 10:44:06 +0700] DISPOSISI SENT {"disposisi_id":"cacacbd55640471095d4bfe9561c9353","dispo_masuk_parent":"\/b90678f1ff7c4cbab151d20025c0c18c","penerima_id":"5d945c54029a4afa859d3371a5eb6729","pengirim_id":"1","berkas":0,"tembusan":0}
[Wed, 12 Feb 20 10:44:06 +0700] DISPOSISI SENT {"disposisi_id":"cacacbd55640471095d4bfe9561c9353","dispo_masuk_parent":"\/b90678f1ff7c4cbab151d20025c0c18c","penerima_id":"229fcd937481473aad1e16fd53e411a3","pengirim_id":"1","berkas":0,"tembusan":0}
[Wed, 12 Feb 20 10:44:07 +0700] DISPOSISI SENT {"disposisi_id":"cacacbd55640471095d4bfe9561c9353","dispo_masuk_parent":"\/b90678f1ff7c4cbab151d20025c0c18c","penerima_id":"ca4a22f9f36d4219954675eacfeb00d7","pengirim_id":"1","berkas":0,"tembusan":0}
[Wed, 12 Feb 20 10:44:07 +0700] DISPOSISI SENT {"disposisi_id":"cacacbd55640471095d4bfe9561c9353","dispo_masuk_parent":"\/b90678f1ff7c4cbab151d20025c0c18c","penerima_id":"1ede7115c43d4c0cab04fe2fc6c14083","pengirim_id":"1","berkas":0,"tembusan":0}
[Wed, 12 Feb 20 10:44:07 +0700] DISPOSISI SENT {"disposisi_id":"cacacbd55640471095d4bfe9561c9353","dispo_masuk_parent":"\/b90678f1ff7c4cbab151d20025c0c18c","penerima_id":"83bfee9ebada408b858ee51984407b6a","pengirim_id":"1","berkas":0,"tembusan":0}
[Wed, 12 Feb 20 10:44:07 +0700] DISPOSISI SENT {"disposisi_id":"cacacbd55640471095d4bfe9561c9353","dispo_masuk_parent":"\/b90678f1ff7c4cbab151d20025c0c18c","penerima_id":"ce14f7b249dc4aa78551d66dbd832697","pengirim_id":"1","berkas":0,"tembusan":0}
[Wed, 12 Feb 20 10:44:08 +0700] DISPOSISI SENT {"disposisi_id":"cacacbd55640471095d4bfe9561c9353","dispo_masuk_parent":"\/b90678f1ff7c4cbab151d20025c0c18c","penerima_id":"78d4428e95e0418aa99bc65761af1b11","pengirim_id":"1","berkas":0,"tembusan":0}
[Wed, 12 Feb 20 10:44:08 +0700] DISPOSISI SENT {"disposisi_id":"cacacbd55640471095d4bfe9561c9353","dispo_masuk_parent":"\/b90678f1ff7c4cbab151d20025c0c18c","penerima_id":"b2d7ca6ea04848df8b0b480b657b3489","pengirim_id":"1","berkas":0,"tembusan":0}
[Wed, 12 Feb 20 15:22:43 +0700] DISPOSISI SENT {"disposisi_id":"f41cd599368c497e9dbbe196158c3b02","dispo_masuk_parent":"\/a65ba7cd1abe41068e97d2d7982389af","penerima_id":"7afb9db7eb7a41ceae7ccee5711b525a","pengirim_id":"1","berkas":0,"tembusan":0}
[Wed, 12 Feb 20 15:23:32 +0700] DISPOSISI SENT {"disposisi_id":"29cf9dfeeaf144fa9a1163eceaa3b29e","dispo_masuk_parent":"\/a65ba7cd1abe41068e97d2d7982389af","penerima_id":"7afb9db7eb7a41ceae7ccee5711b525a","pengirim_id":"1","berkas":0,"tembusan":0}
[Wed, 12 Feb 20 15:27:02 +0700] DISPOSISI SENT {"disposisi_id":"a32264440c80482e815bd6284dd3e122","dispo_masuk_parent":"\/a65ba7cd1abe41068e97d2d7982389af","penerima_id":"7afb9db7eb7a41ceae7ccee5711b525a","pengirim_id":"1","berkas":0,"tembusan":0}
[Wed, 12 Feb 20 15:38:17 +0700] DISPOSISI SENT {"disposisi_id":"307467613f99416097200f5b9618c9fe","dispo_masuk_parent":"\/704752f09d084738bd9b88e9579b7c8d\/8082a2b45e1c42e289b76c845118ccd6\/b558d036410c4dc69cf5323f185ffb0a","penerima_id":"7afb9db7eb7a41ceae7ccee5711b525a","pengirim_id":"1","berkas":0,"tembusan":0}
[Wed, 12 Feb 20 16:19:41 +0700] DISPOSISI SENT {"disposisi_id":"a34bf0ef4f5f47a2856b58a17c366fdb","dispo_masuk_parent":"\/704752f09d084738bd9b88e9579b7c8d\/8082a2b45e1c42e289b76c845118ccd6\/b558d036410c4dc69cf5323f185ffb0a\/bb460df03e02442d8c0585994bb61441","penerima_id":"1","pengirim_id":"7afb9db7eb7a41ceae7ccee5711b525a","berkas":0,"tembusan":0}
[Wed, 12 Feb 20 16:20:52 +0700] DISPOSISI SENT {"disposisi_id":"6acb7ae34d5c4304b2a38f43c7ad3c35","dispo_masuk_parent":"\/704752f09d084738bd9b88e9579b7c8d\/8082a2b45e1c42e289b76c845118ccd6\/b558d036410c4dc69cf5323f185ffb0a\/bb460df03e02442d8c0585994bb61441","penerima_id":"1","pengirim_id":"7afb9db7eb7a41ceae7ccee5711b525a","berkas":0,"tembusan":0}
[Wed, 12 Feb 20 16:24:36 +0700] DISPOSISI SENT {"disposisi_id":"40591178bfef4eadba93b2e20a7f5815","dispo_masuk_parent":"\/704752f09d084738bd9b88e9579b7c8d\/8082a2b45e1c42e289b76c845118ccd6\/b558d036410c4dc69cf5323f185ffb0a\/bb460df03e02442d8c0585994bb61441\/2520416f30794273b34273c760a5490f","penerima_id":"7afb9db7eb7a41ceae7ccee5711b525a","pengirim_id":"1","berkas":0,"tembusan":0}
[Wed, 12 Feb 20 16:38:15 +0700] DISPOSISI SENT {"disposisi_id":"26ddf8b40836408c970ed778bbb460da","dispo_masuk_parent":"\/704752f09d084738bd9b88e9579b7c8d\/8082a2b45e1c42e289b76c845118ccd6\/b558d036410c4dc69cf5323f185ffb0a\/bb460df03e02442d8c0585994bb61441\/2520416f30794273b34273c760a5490f\/8663a8dd1a77479680fa492843ab3d52","penerima_id":"1","pengirim_id":"7afb9db7eb7a41ceae7ccee5711b525a","berkas":0,"tembusan":0}
[Wed, 12 Feb 20 20:10:43 +0700] DISPOSISI SENT {"disposisi_id":"3c1198459d2b422fb82bb0c0b14431c8","dispo_masuk_parent":"\/a65ba7cd1abe41068e97d2d7982389af\/856ce10c316e4aed8414091cb1f6c5ca","penerima_id":"1","pengirim_id":"7afb9db7eb7a41ceae7ccee5711b525a","berkas":0,"tembusan":0}
[Wed, 12 Feb 20 20:11:07 +0700] DISPOSISI SENT {"disposisi_id":"2183b179c6d84a10b99e5416ffa46cb7","dispo_masuk_parent":"\/704752f09d084738bd9b88e9579b7c8d\/8082a2b45e1c42e289b76c845118ccd6\/b558d036410c4dc69cf5323f185ffb0a\/bb460df03e02442d8c0585994bb61441\/2520416f30794273b34273c760a5490f\/8663a8dd1a77479680fa492843ab3d52\/a10466721d454904b78029d4a9e10987","penerima_id":"7afb9db7eb7a41ceae7ccee5711b525a","pengirim_id":"1","berkas":0,"tembusan":0}
