[Thu, 13 Feb 20 08:05:29 +0700] DISPOSISI SENT {"disposisi_id":"e1d8d70318974e26bc4b881af4986983","dispo_masuk_parent":"\/a65ba7cd1abe41068e97d2d7982389af\/856ce10c316e4aed8414091cb1f6c5ca\/023eebb066254ee9a3f37a3be965659b","penerima_id":"7afb9db7eb7a41ceae7ccee5711b525a","pengirim_id":"1","berkas":0,"tembusan":0}
[Thu, 13 Feb 20 08:05:54 +0700] DISPOSISI SENT {"disposisi_id":"caf38760bb1e46968e9ec3b180a3a8f2","dispo_masuk_parent":null,"penerima_id":"1","pengirim_id":"1","berkas":0,"tembusan":0}
[Thu, 13 Feb 20 08:05:54 +0700] DISPOSISI SENT {"disposisi_id":"caf38760bb1e46968e9ec3b180a3a8f2","dispo_masuk_parent":null,"penerima_id":"7afb9db7eb7a41ceae7ccee5711b525a","pengirim_id":"1","berkas":0,"tembusan":0}
[Thu, 13 Feb 20 08:08:14 +0700] DISPOSISI SENT {"disposisi_id":"ead49ae512684ff6b74e1d9c71fb823f","dispo_masuk_parent":"\/a3f0c9661c1748169b210b288e520f4f","penerima_id":"7afb9db7eb7a41ceae7ccee5711b525a","pengirim_id":"1","berkas":0,"tembusan":0}
[Thu, 13 Feb 20 08:13:35 +0700] DISPOSISI SENT {"disposisi_id":"a8741b4c79da40efbacb1108e8bc5799","dispo_masuk_parent":"\/7a7d5738295e405992539c523e1aa738\/f5fc66868cea4b43b1226f20c62132db","penerima_id":"1","pengirim_id":"05b9c7c370574d14bc14572bf6b042d2","berkas":0,"tembusan":0}
[Thu, 13 Feb 20 08:15:35 +0700] DISPOSISI SENT {"disposisi_id":"97eebba7c5e94ee9ba6d8aa09edc58d7","dispo_masuk_parent":null,"penerima_id":"1","pengirim_id":"05b9c7c370574d14bc14572bf6b042d2","berkas":0,"tembusan":1}
[Thu, 13 Feb 20 08:17:42 +0700] DISPOSISI SENT {"disposisi_id":"33a75d1fa7a043c59fa38fd7779958f5","dispo_masuk_parent":"\/b90678f1ff7c4cbab151d20025c0c18c\/118dcbbedc0244459eb517d21703068f","penerima_id":"1","pengirim_id":"05b9c7c370574d14bc14572bf6b042d2","berkas":0,"tembusan":0}
[Thu, 13 Feb 20 08:18:57 +0700] DISPOSISI SENT {"disposisi_id":"4b9615a8bed84609a871c5cea65900f6","dispo_masuk_parent":"\/b90678f1ff7c4cbab151d20025c0c18c\/118dcbbedc0244459eb517d21703068f","penerima_id":"7afb9db7eb7a41ceae7ccee5711b525a","pengirim_id":"05b9c7c370574d14bc14572bf6b042d2","berkas":0,"tembusan":0}
[Thu, 13 Feb 20 08:19:27 +0700] DISPOSISI SENT {"disposisi_id":"2c80a5dac236430ba45a4fd766ad6970","dispo_masuk_parent":"\/b90678f1ff7c4cbab151d20025c0c18c\/118dcbbedc0244459eb517d21703068f","penerima_id":"1","pengirim_id":"05b9c7c370574d14bc14572bf6b042d2","berkas":0,"tembusan":0}
[Thu, 13 Feb 20 08:21:02 +0700] DISPOSISI SENT {"disposisi_id":"d9de6e8d9529462da9ada4c9df17adc9","dispo_masuk_parent":"\/4c81a0d1a8f94960ae2a5a375637610e\/f625fa6652ba4eda8d4584b2f6365c5e","penerima_id":"7afb9db7eb7a41ceae7ccee5711b525a","pengirim_id":"05b9c7c370574d14bc14572bf6b042d2","berkas":0,"tembusan":0}
[Thu, 13 Feb 20 08:28:19 +0700] DISPOSISI SENT {"disposisi_id":"fee9f4d976834f0ab0bc6cc5cc5b9983","dispo_masuk_parent":"\/4c81a0d1a8f94960ae2a5a375637610e\/f625fa6652ba4eda8d4584b2f6365c5e","penerima_id":"1","pengirim_id":"05b9c7c370574d14bc14572bf6b042d2","berkas":0,"tembusan":0}
[Thu, 13 Feb 20 08:31:06 +0700] DISPOSISI SENT {"disposisi_id":"9f728d35c35144ddbbf82dec554b3c69","dispo_masuk_parent":"\/4c81a0d1a8f94960ae2a5a375637610e\/f625fa6652ba4eda8d4584b2f6365c5e","penerima_id":"1","pengirim_id":"05b9c7c370574d14bc14572bf6b042d2","berkas":0,"tembusan":0}
[Thu, 13 Feb 20 08:34:33 +0700] DISPOSISI SENT {"disposisi_id":"b5d363c2b28947aaae5ec21eb846078f","dispo_masuk_parent":"\/6afa15a17c074288b3e7ffbd707b8f63","penerima_id":"1","pengirim_id":"05b9c7c370574d14bc14572bf6b042d2","berkas":0,"tembusan":0}
[Thu, 13 Feb 20 08:35:07 +0700] DISPOSISI SENT {"disposisi_id":"9637e811ad9b419ebf45668c6aca8dc4","dispo_masuk_parent":"\/a1094bbb023b4504a16c53ba6deb95a8\/64dd8d09e4e644abaf3b56ef22266ab2","penerima_id":"1","pengirim_id":"05b9c7c370574d14bc14572bf6b042d2","berkas":0,"tembusan":0}
[Thu, 13 Feb 20 08:45:54 +0700] DISPOSISI SENT {"disposisi_id":"dd54cee955e44d4cbc8107a3c7d5306d","dispo_masuk_parent":"\/865ed44d3d614fe0bad1d3b7cd90230d","penerima_id":"7afb9db7eb7a41ceae7ccee5711b525a","pengirim_id":"1","berkas":0,"tembusan":0}
[Thu, 13 Feb 20 09:59:32 +0700] DISPOSISI SENT {"disposisi_id":"9f7a46bfe0804d77815bb88d8aa5bb8e","dispo_masuk_parent":null,"penerima_id":"1","pengirim_id":"05b9c7c370574d14bc14572bf6b042d2","berkas":0,"tembusan":0}
[Thu, 13 Feb 20 10:00:52 +0700] DISPOSISI SENT {"disposisi_id":"f84c0d6905c1432ab94ad3193126a2de","dispo_masuk_parent":null,"penerima_id":"1","pengirim_id":"05b9c7c370574d14bc14572bf6b042d2","berkas":0,"tembusan":0}
[Thu, 13 Feb 20 10:03:10 +0700] DISPOSISI SENT {"disposisi_id":"58451d727d8c4bc986d1db5495269008","dispo_masuk_parent":null,"penerima_id":"7afb9db7eb7a41ceae7ccee5711b525a","pengirim_id":"05b9c7c370574d14bc14572bf6b042d2","berkas":0,"tembusan":0}
[Thu, 13 Feb 20 10:03:10 +0700] DISPOSISI SENT {"disposisi_id":"58451d727d8c4bc986d1db5495269008","dispo_masuk_parent":null,"penerima_id":"1","pengirim_id":"05b9c7c370574d14bc14572bf6b042d2","berkas":0,"tembusan":0}
[Thu, 13 Feb 20 10:06:34 +0700] DISPOSISI SENT {"disposisi_id":"e00ac79e5f4449cbba2f4ba868fc508e","dispo_masuk_parent":"\/d5849a09628046c7a847152b57465ac5","penerima_id":"7afb9db7eb7a41ceae7ccee5711b525a","pengirim_id":"1","berkas":0,"tembusan":0}
[Thu, 13 Feb 20 10:09:11 +0700] DISPOSISI SENT {"disposisi_id":"5e25575dae954180a8f016624c975a95","dispo_masuk_parent":"\/d5849a09628046c7a847152b57465ac5","penerima_id":"7afb9db7eb7a41ceae7ccee5711b525a","pengirim_id":"1","berkas":0,"tembusan":0}
[Thu, 13 Feb 20 10:13:12 +0700] DISPOSISI SENT {"disposisi_id":"aab4692a68ca4a75a7be9c812265671d","dispo_masuk_parent":"\/d5849a09628046c7a847152b57465ac5","penerima_id":"7afb9db7eb7a41ceae7ccee5711b525a","pengirim_id":"1","berkas":0,"tembusan":0}
[Thu, 13 Feb 20 10:13:55 +0700] DISPOSISI SENT {"disposisi_id":"2d5adf92eac34c77aed8a8fb5990e9da","dispo_masuk_parent":"\/d5849a09628046c7a847152b57465ac5\/dbc8ef689a58452fabb4b048178acac8","penerima_id":"1","pengirim_id":"7afb9db7eb7a41ceae7ccee5711b525a","berkas":0,"tembusan":0}
[Thu, 13 Feb 20 10:15:35 +0700] DISPOSISI SENT {"disposisi_id":"a8c6fcff362e49f68b68a6765001b91b","dispo_masuk_parent":"\/d5849a09628046c7a847152b57465ac5\/dbc8ef689a58452fabb4b048178acac8","penerima_id":"1","pengirim_id":"7afb9db7eb7a41ceae7ccee5711b525a","berkas":0,"tembusan":0}
[Thu, 13 Feb 20 10:17:23 +0700] DISPOSISI SENT {"disposisi_id":"d7be464c7d93477eb90b6675fb2407be","dispo_masuk_parent":"\/d5849a09628046c7a847152b57465ac5\/dbc8ef689a58452fabb4b048178acac8\/923661c4e7f24a5cb4aa9f969b242975","penerima_id":"7afb9db7eb7a41ceae7ccee5711b525a","pengirim_id":"1","berkas":0,"tembusan":0}
[Thu, 13 Feb 20 10:18:00 +0700] DISPOSISI SENT {"disposisi_id":"4f3a3aeaa1a64a0b9aa7c7761cfb41bb","dispo_masuk_parent":"\/d5849a09628046c7a847152b57465ac5\/dbc8ef689a58452fabb4b048178acac8\/923661c4e7f24a5cb4aa9f969b242975","penerima_id":"7afb9db7eb7a41ceae7ccee5711b525a","pengirim_id":"1","berkas":0,"tembusan":0}
[Thu, 13 Feb 20 10:26:10 +0700] DISPOSISI SENT {"disposisi_id":"f942d66a32e74b4fa069fb78dbb4f549","dispo_masuk_parent":"\/d5849a09628046c7a847152b57465ac5\/dbc8ef689a58452fabb4b048178acac8\/1f3b8c1b7ac642e38ea512f2374be939","penerima_id":"7afb9db7eb7a41ceae7ccee5711b525a","pengirim_id":"1","berkas":0,"tembusan":0}
[Thu, 13 Feb 20 10:30:34 +0700] DISPOSISI SENT {"disposisi_id":"989ec234d66a4a31adf0454f5144a70c","dispo_masuk_parent":"\/4c81a0d1a8f94960ae2a5a375637610e\/f625fa6652ba4eda8d4584b2f6365c5e","penerima_id":"7afb9db7eb7a41ceae7ccee5711b525a","pengirim_id":"05b9c7c370574d14bc14572bf6b042d2","berkas":0,"tembusan":0}
[Thu, 13 Feb 20 10:30:35 +0700] DISPOSISI SENT {"disposisi_id":"989ec234d66a4a31adf0454f5144a70c","dispo_masuk_parent":"\/4c81a0d1a8f94960ae2a5a375637610e\/f625fa6652ba4eda8d4584b2f6365c5e","penerima_id":"1","pengirim_id":"05b9c7c370574d14bc14572bf6b042d2","berkas":0,"tembusan":0}
[Thu, 13 Feb 20 10:31:09 +0700] DISPOSISI SENT {"disposisi_id":"fa46ccb1614b4d929d8b0505cfaf0f41","dispo_masuk_parent":"\/4c81a0d1a8f94960ae2a5a375637610e\/f625fa6652ba4eda8d4584b2f6365c5e","penerima_id":"7afb9db7eb7a41ceae7ccee5711b525a","pengirim_id":"05b9c7c370574d14bc14572bf6b042d2","berkas":0,"tembusan":0}
[Thu, 13 Feb 20 10:31:09 +0700] DISPOSISI SENT {"disposisi_id":"fa46ccb1614b4d929d8b0505cfaf0f41","dispo_masuk_parent":"\/4c81a0d1a8f94960ae2a5a375637610e\/f625fa6652ba4eda8d4584b2f6365c5e","penerima_id":"1","pengirim_id":"05b9c7c370574d14bc14572bf6b042d2","berkas":0,"tembusan":0}
[Thu, 13 Feb 20 10:31:50 +0700] DISPOSISI SENT {"disposisi_id":"66417bb51aad45108988707d274cc345","dispo_masuk_parent":"\/204ddc3a88994c5e8ba14b9082eb6496","penerima_id":"7afb9db7eb7a41ceae7ccee5711b525a","pengirim_id":"05b9c7c370574d14bc14572bf6b042d2","berkas":0,"tembusan":0}
[Thu, 13 Feb 20 10:31:50 +0700] DISPOSISI SENT {"disposisi_id":"66417bb51aad45108988707d274cc345","dispo_masuk_parent":"\/204ddc3a88994c5e8ba14b9082eb6496","penerima_id":"1","pengirim_id":"05b9c7c370574d14bc14572bf6b042d2","berkas":0,"tembusan":0}
[Thu, 13 Feb 20 10:35:23 +0700] DISPOSISI SENT {"disposisi_id":"1008ba6915124156a93386a43ee9759f","dispo_masuk_parent":"\/204ddc3a88994c5e8ba14b9082eb6496","penerima_id":"7afb9db7eb7a41ceae7ccee5711b525a","pengirim_id":"05b9c7c370574d14bc14572bf6b042d2","berkas":0,"tembusan":0}
[Thu, 13 Feb 20 10:35:25 +0700] DISPOSISI SENT {"disposisi_id":"1008ba6915124156a93386a43ee9759f","dispo_masuk_parent":"\/204ddc3a88994c5e8ba14b9082eb6496","penerima_id":"1","pengirim_id":"05b9c7c370574d14bc14572bf6b042d2","berkas":0,"tembusan":0}
[Thu, 13 Feb 20 10:36:14 +0700] DISPOSISI SENT {"disposisi_id":"acf953f6e3b04d869bd42b7dc2e99834","dispo_masuk_parent":"\/204ddc3a88994c5e8ba14b9082eb6496","penerima_id":"7afb9db7eb7a41ceae7ccee5711b525a","pengirim_id":"05b9c7c370574d14bc14572bf6b042d2","berkas":0,"tembusan":0}
[Thu, 13 Feb 20 10:36:15 +0700] DISPOSISI SENT {"disposisi_id":"acf953f6e3b04d869bd42b7dc2e99834","dispo_masuk_parent":"\/204ddc3a88994c5e8ba14b9082eb6496","penerima_id":"1","pengirim_id":"05b9c7c370574d14bc14572bf6b042d2","berkas":0,"tembusan":0}
[Thu, 13 Feb 20 10:36:43 +0700] DISPOSISI SENT {"disposisi_id":"d9bf128fb44d487d896e0b4092af2496","dispo_masuk_parent":"\/204ddc3a88994c5e8ba14b9082eb6496","penerima_id":"7afb9db7eb7a41ceae7ccee5711b525a","pengirim_id":"05b9c7c370574d14bc14572bf6b042d2","berkas":0,"tembusan":0}
[Thu, 13 Feb 20 10:36:43 +0700] DISPOSISI SENT {"disposisi_id":"d9bf128fb44d487d896e0b4092af2496","dispo_masuk_parent":"\/204ddc3a88994c5e8ba14b9082eb6496","penerima_id":"1","pengirim_id":"05b9c7c370574d14bc14572bf6b042d2","berkas":0,"tembusan":0}
[Thu, 13 Feb 20 10:37:27 +0700] DISPOSISI SENT {"disposisi_id":"a37b0af0b62d487baa97efad1f18a2ca","dispo_masuk_parent":"\/204ddc3a88994c5e8ba14b9082eb6496","penerima_id":"7afb9db7eb7a41ceae7ccee5711b525a","pengirim_id":"05b9c7c370574d14bc14572bf6b042d2","berkas":0,"tembusan":0}
[Thu, 13 Feb 20 10:37:28 +0700] DISPOSISI SENT {"disposisi_id":"a37b0af0b62d487baa97efad1f18a2ca","dispo_masuk_parent":"\/204ddc3a88994c5e8ba14b9082eb6496","penerima_id":"1","pengirim_id":"05b9c7c370574d14bc14572bf6b042d2","berkas":0,"tembusan":0}
[Thu, 13 Feb 20 10:39:27 +0700] DISPOSISI SENT {"disposisi_id":"14033526115f428d8850c39d38b174a1","dispo_masuk_parent":null,"penerima_id":"7afb9db7eb7a41ceae7ccee5711b525a","pengirim_id":"05b9c7c370574d14bc14572bf6b042d2","berkas":0,"tembusan":0}
[Thu, 13 Feb 20 10:39:29 +0700] DISPOSISI SENT {"disposisi_id":"14033526115f428d8850c39d38b174a1","dispo_masuk_parent":null,"penerima_id":"1","pengirim_id":"05b9c7c370574d14bc14572bf6b042d2","berkas":0,"tembusan":0}
[Thu, 13 Feb 20 10:42:51 +0700] DISPOSISI SENT {"disposisi_id":"af877050a49a4cf2a2682490df4d54dc","dispo_masuk_parent":null,"penerima_id":"7afb9db7eb7a41ceae7ccee5711b525a","pengirim_id":"05b9c7c370574d14bc14572bf6b042d2","berkas":0,"tembusan":0}
[Thu, 13 Feb 20 10:42:52 +0700] DISPOSISI SENT {"disposisi_id":"af877050a49a4cf2a2682490df4d54dc","dispo_masuk_parent":null,"penerima_id":"1","pengirim_id":"05b9c7c370574d14bc14572bf6b042d2","berkas":0,"tembusan":0}
[Thu, 13 Feb 20 10:44:36 +0700] DISPOSISI SENT {"disposisi_id":"65c708731f1c4dc3bcc172dcd67eb047","dispo_masuk_parent":"\/7b877f116e354ac8bc457c33b79b4beb","penerima_id":"7afb9db7eb7a41ceae7ccee5711b525a","pengirim_id":"1","berkas":0,"tembusan":0}
[Thu, 13 Feb 20 10:45:19 +0700] DISPOSISI SENT {"disposisi_id":"42204cd8fb3c44bcb0f6e5f2936ab99d","dispo_masuk_parent":"\/7b877f116e354ac8bc457c33b79b4beb","penerima_id":"7afb9db7eb7a41ceae7ccee5711b525a","pengirim_id":"1","berkas":0,"tembusan":0}
[Thu, 13 Feb 20 10:47:32 +0700] DISPOSISI SENT {"disposisi_id":"79ec51cb8f3e4d96bd91ae13cdefe01d","dispo_masuk_parent":"\/204ddc3a88994c5e8ba14b9082eb6496\/5d426c120e044f78ae76a68df8d969fd","penerima_id":"7afb9db7eb7a41ceae7ccee5711b525a","pengirim_id":"1","berkas":0,"tembusan":0}
[Thu, 13 Feb 20 10:52:07 +0700] DISPOSISI SENT {"disposisi_id":"4ce37c95e7774f2599139077d0fa5357","dispo_masuk_parent":"\/4c81a0d1a8f94960ae2a5a375637610e\/f625fa6652ba4eda8d4584b2f6365c5e\/d9a71b0ce4204978bc8c518bff5df890","penerima_id":"7afb9db7eb7a41ceae7ccee5711b525a","pengirim_id":"1","berkas":0,"tembusan":0}
[Thu, 13 Feb 20 10:53:44 +0700] DISPOSISI SENT {"disposisi_id":"093aebfe149b4d3b8707e54dd7997513","dispo_masuk_parent":"\/4c81a0d1a8f94960ae2a5a375637610e\/f625fa6652ba4eda8d4584b2f6365c5e\/8586f95f0a1442f5a38f83f60b646e6e","penerima_id":"7afb9db7eb7a41ceae7ccee5711b525a","pengirim_id":"1","berkas":0,"tembusan":0}
[Thu, 13 Feb 20 10:54:52 +0700] DISPOSISI SENT {"disposisi_id":"e2c7e6745712418caf9f0e8471ee0cb6","dispo_masuk_parent":"\/90b0cfc24ddf444d8a0232aa2d92c31c","penerima_id":"7afb9db7eb7a41ceae7ccee5711b525a","pengirim_id":"1","berkas":0,"tembusan":0}
[Thu, 13 Feb 20 11:15:08 +0700] DISPOSISI SENT {"disposisi_id":"4b54e9ce3235469fb463648b656a67ee","dispo_masuk_parent":"\/a1094bbb023b4504a16c53ba6deb95a8\/64dd8d09e4e644abaf3b56ef22266ab2\/1274c81792264c0fad26a7533b12c7d7","penerima_id":"7afb9db7eb7a41ceae7ccee5711b525a","pengirim_id":"1","berkas":0,"tembusan":0}
[Thu, 13 Feb 20 11:15:51 +0700] DISPOSISI SENT {"disposisi_id":"0a608af7b9d24847b251915642cd3c52","dispo_masuk_parent":"\/6afa15a17c074288b3e7ffbd707b8f63\/e79439fb71ea48c4bdb21543c90fafe7","penerima_id":"7afb9db7eb7a41ceae7ccee5711b525a","pengirim_id":"1","berkas":0,"tembusan":0}
[Thu, 13 Feb 20 11:29:53 +0700] DISPOSISI SENT {"disposisi_id":"2ac5ca8e48004041be1478dcec51a1ac","dispo_masuk_parent":"\/4c81a0d1a8f94960ae2a5a375637610e\/f625fa6652ba4eda8d4584b2f6365c5e\/eea35c72029d48a896180616a0c89358","penerima_id":"7afb9db7eb7a41ceae7ccee5711b525a","pengirim_id":"1","berkas":0,"tembusan":0}
[Thu, 13 Feb 20 11:31:10 +0700] DISPOSISI SENT {"disposisi_id":"53a7f9e52d6d4ecf9c016a75f363c7cf","dispo_masuk_parent":"\/4c81a0d1a8f94960ae2a5a375637610e\/f625fa6652ba4eda8d4584b2f6365c5e\/eea35c72029d48a896180616a0c89358\/1cfac62ea39347e29fb0b07019e526e7","penerima_id":"1","pengirim_id":"7afb9db7eb7a41ceae7ccee5711b525a","berkas":0,"tembusan":0}
[Thu, 13 Feb 20 13:28:51 +0700] DISPOSISI SENT {"disposisi_id":"fb59687118d240ebbd77ce708ddf4348","dispo_masuk_parent":null,"penerima_id":"1","pengirim_id":"05b9c7c370574d14bc14572bf6b042d2","berkas":0,"tembusan":0}
[Thu, 13 Feb 20 13:36:18 +0700] DISPOSISI SENT {"disposisi_id":"11631c9c23b742a4b485f94cc0723053","dispo_masuk_parent":null,"penerima_id":"1","pengirim_id":"05b9c7c370574d14bc14572bf6b042d2","berkas":0,"tembusan":0}
[Thu, 13 Feb 20 13:40:51 +0700] DISPOSISI SENT {"disposisi_id":"96fe016e40004ef1a1156adcb44a1599","dispo_masuk_parent":null,"penerima_id":"1","pengirim_id":"05b9c7c370574d14bc14572bf6b042d2","berkas":0,"tembusan":0}
[Thu, 13 Feb 20 13:49:24 +0700] DISPOSISI SENT {"disposisi_id":"83bf4207166940a7b2dc57c0de406422","dispo_masuk_parent":null,"penerima_id":"1","pengirim_id":"05b9c7c370574d14bc14572bf6b042d2","berkas":0,"tembusan":0}
[Thu, 13 Feb 20 13:49:26 +0700] DISPOSISI SENT {"disposisi_id":"83bf4207166940a7b2dc57c0de406422","dispo_masuk_parent":null,"penerima_id":"5d945c54029a4afa859d3371a5eb6729","pengirim_id":"05b9c7c370574d14bc14572bf6b042d2","berkas":0,"tembusan":0}
