{
    "type": "Ext.data.Model",
    "reference": {
        "name": "items",
        "type": "array"
    },
    "codeClass": null,
    "userConfig": {
        "designer|userClassName": "Sipas.surat.agenda.Log",
        "idProperty": "surat_log_id"
    },
    "name": "Sipas.disposisi.masuk.Log1",
    "designerId": "53f3e160-b93a-4431-813e-c2d9c9670352",
    "cn": [
        {
            "type": "Ext.data.proxy.Ajax",
            "reference": {
                "name": "proxy",
                "type": "object"
            },
            "codeClass": null,
            "userConfig": {
                "api": [
                    "{",
                    "    \"create\"\t:\"server.php/sipas/surat_log/create\",",
                    "    \"read\"\t\t:\"server.php/sipas/surat_log/read\",",
                    "    \"update\"\t:\"server.php/sipas/surat_log/update\",",
                    "    \"destroy\"\t:\"server.php/sipas/surat_log/destroy\"",
                    "}"
                ]
            },
            "name": "MyAjaxProxy6",
            "designerId": "aaa443a9-9e47-438a-a4cd-ae4e2f099a13",
            "cn": [
                {
                    "type": "Ext.data.reader.Json",
                    "reference": {
                        "name": "reader",
                        "type": "object"
                    },
                    "codeClass": null,
                    "userConfig": {
                        "messageProperty": "message",
                        "record": null,
                        "root": "data"
                    },
                    "name": "MyJsonReader6",
                    "designerId": "d3621151-c501-4e25-b106-933493505181"
                }
            ]
        },
        {
            "type": "basicfunction",
            "reference": {
                "name": "items",
                "type": "array"
            },
            "codeClass": null,
            "userConfig": {
                "designer|params": [
                    "config"
                ],
                "fn": "reading",
                "implHandler": [
                    "config = Ext.apply({",
                    "    callback: Ext.emptyFn,",
                    "    success: Ext.emptyFn,",
                    "    failure: Ext.emptyFn,",
                    "    scope: this",
                    "}, config);",
                    "",
                    "this.set({",
                    "    'surat_log_surat' : config.surat,",
                    "    'surat_log_staf' : config.staf,",
                    "    'surat_log_tgl': new Date(),",
                    "    'status': 0",
                    "});",
                    "this.save(config);"
                ]
            },
            "name": "reading",
            "designerId": "dd6ad27b-7df6-4588-b308-627f75758916"
        },
        {
            "type": "basicfunction",
            "reference": {
                "name": "items",
                "type": "array"
            },
            "codeClass": null,
            "userConfig": {
                "designer|params": [
                    "config"
                ],
                "fn": "status",
                "implHandler": [
                    "config = Ext.apply({",
                    "    callback: Ext.emptyFn,",
                    "    success: Ext.emptyFn,",
                    "    failure: Ext.emptyFn,",
                    "    scope: this",
                    "}, config);",
                    "",
                    "this.set({",
                    "    'surat_log_surat' : config.surat,",
                    "    'surat_log_staf' : config.staf,",
                    "    'surat_log_setuju' : config.status,",
                    "    'surat_log_pesan' : config.pesan,",
                    "    'surat_log_tgl': new Date(),",
                    "    'status': 1",
                    "});",
                    "this.save(config);"
                ]
            },
            "name": "status",
            "designerId": "be69a88e-1053-443f-ad00-2844bd7c0bec"
        },
        {
            "type": "Ext.data.Field",
            "reference": {
                "name": "fields",
                "type": "array"
            },
            "codeClass": null,
            "userConfig": {
                "name": "surat_log_id"
            },
            "name": "MyField54",
            "designerId": "8e8fee7c-d559-417e-9200-b8a6d7d8c677"
        },
        {
            "type": "Ext.data.Field",
            "reference": {
                "name": "fields",
                "type": "array"
            },
            "codeClass": null,
            "userConfig": {
                "name": "surat_log_staf"
            },
            "name": "MyField78",
            "designerId": "15c82ae5-d41b-43b3-97b1-e4d9273d70c3"
        },
        {
            "type": "Ext.data.Field",
            "reference": {
                "name": "fields",
                "type": "array"
            },
            "codeClass": null,
            "userConfig": {
                "name": "surat_log_profil"
            },
            "name": "MyField1541",
            "designerId": "7be06598-18fe-4fac-a4e4-ed5b70d266ad"
        },
        {
            "type": "Ext.data.Field",
            "reference": {
                "name": "fields",
                "type": "array"
            },
            "codeClass": null,
            "userConfig": {
                "name": "surat_log_surat"
            },
            "name": "MyField79",
            "designerId": "45d3d538-91ba-4b02-9ee6-bdeebaabd706"
        },
        {
            "type": "Ext.data.Field",
            "reference": {
                "name": "fields",
                "type": "array"
            },
            "codeClass": null,
            "userConfig": {
                "name": "surat_log_arsip"
            },
            "name": "MyField80",
            "designerId": "aacca328-34de-4466-892a-dd7d0889ca29"
        },
        {
            "type": "Ext.data.Field",
            "reference": {
                "name": "fields",
                "type": "array"
            },
            "codeClass": null,
            "userConfig": {
                "name": "surat_log_ekspedisi"
            },
            "name": "MyField81",
            "designerId": "f7c369dc-6a51-4d3f-94c1-25817b86bea2"
        },
        {
            "type": "Ext.data.Field",
            "reference": {
                "name": "fields",
                "type": "array"
            },
            "codeClass": null,
            "userConfig": {
                "name": "surat_log_petugas"
            },
            "name": "MyField82",
            "designerId": "7b81b75e-57d9-4bd8-8de1-82b05c9d7c36"
        },
        {
            "type": "Ext.data.Field",
            "reference": {
                "name": "fields",
                "type": "array"
            },
            "codeClass": null,
            "userConfig": {
                "name": "surat_log_setuju"
            },
            "name": "MyField83",
            "designerId": "72a2a83c-0935-4a2d-9877-b2ed543dca25"
        },
        {
            "type": "Ext.data.Field",
            "reference": {
                "name": "fields",
                "type": "array"
            },
            "codeClass": null,
            "userConfig": {
                "name": "surat_log_catatan"
            },
            "name": "MyField88",
            "designerId": "7d79558e-9fc9-4aed-95d5-94efde1d2891"
        },
        {
            "type": "Ext.data.Field",
            "reference": {
                "name": "fields",
                "type": "array"
            },
            "codeClass": null,
            "userConfig": {
                "name": "surat_log_data"
            },
            "name": "MyField89",
            "designerId": "fccaa9dd-5c96-40dd-8641-8ee8adfc8004"
        },
        {
            "type": "Ext.data.Field",
            "reference": {
                "name": "fields",
                "type": "array"
            },
            "codeClass": null,
            "userConfig": {
                "name": "surat_log_properti"
            },
            "name": "MyField90",
            "designerId": "5cced8f5-bbeb-48ee-9f9e-84e046c6729c"
        },
        {
            "type": "Ext.data.Field",
            "reference": {
                "name": "fields",
                "type": "array"
            },
            "codeClass": null,
            "userConfig": {
                "name": "surat_log_tipe",
                "type": "int"
            },
            "name": "MyField292",
            "designerId": "ccbf07e1-b88e-46c7-943b-6844dfb81f52"
        },
        {
            "type": "Ext.data.Field",
            "reference": {
                "name": "fields",
                "type": "array"
            },
            "codeClass": null,
            "userConfig": {
                "name": "surat_log_tgl",
                "type": "date"
            },
            "name": "MyField293",
            "designerId": "5eec808a-907d-4dd4-b74b-ae02abfaac95"
        },
        {
            "type": "Ext.data.Field",
            "reference": {
                "name": "fields",
                "type": "array"
            },
            "codeClass": null,
            "userConfig": {
                "name": "surat_id"
            },
            "name": "MyField91",
            "designerId": "1cf0591e-3dcc-4730-9044-9a677bd665b7"
        },
        {
            "type": "Ext.data.Field",
            "reference": {
                "name": "fields",
                "type": "array"
            },
            "codeClass": null,
            "userConfig": {
                "name": "surat_arsip"
            },
            "name": "MyField92",
            "designerId": "9ca6f67f-48f0-4c36-b891-2dec6466b563"
        },
        {
            "type": "Ext.data.Field",
            "reference": {
                "name": "fields",
                "type": "array"
            },
            "codeClass": null,
            "userConfig": {
                "name": "surat_model"
            },
            "name": "MyField94",
            "designerId": "4bfd2326-57f6-4767-a049-9fbc98770e4f"
        },
        {
            "type": "Ext.data.Field",
            "reference": {
                "name": "fields",
                "type": "array"
            },
            "codeClass": null,
            "userConfig": {
                "name": "surat_itipe"
            },
            "name": "MyField95",
            "designerId": "9def4cbe-83d1-4d74-b4be-707db3faa203"
        },
        {
            "type": "Ext.data.Field",
            "reference": {
                "name": "fields",
                "type": "array"
            },
            "codeClass": null,
            "userConfig": {
                "name": "surat_registrasi"
            },
            "name": "MyField96",
            "designerId": "87e1c87a-1592-494d-9230-99abdeb3b44e"
        },
        {
            "type": "Ext.data.Field",
            "reference": {
                "name": "fields",
                "type": "array"
            },
            "codeClass": null,
            "userConfig": {
                "name": "surat_nomor"
            },
            "name": "MyField99",
            "designerId": "3bac7845-1104-41c4-aa99-1ee635b4b23c"
        },
        {
            "type": "Ext.data.Field",
            "reference": {
                "name": "fields",
                "type": "array"
            },
            "codeClass": null,
            "userConfig": {
                "name": "surat_agenda"
            },
            "name": "MyField100",
            "designerId": "62ddde94-97a1-47a3-a4cc-3c483d78eb78"
        },
        {
            "type": "Ext.data.Field",
            "reference": {
                "name": "fields",
                "type": "array"
            },
            "codeClass": null,
            "userConfig": {
                "name": "surat_agenda_sub"
            },
            "name": "MyField101",
            "designerId": "63ebd2fd-17e9-4943-8a32-9b1aab2dc030"
        },
        {
            "type": "Ext.data.Field",
            "reference": {
                "name": "fields",
                "type": "array"
            },
            "codeClass": null,
            "userConfig": {
                "name": "surat_tanggal"
            },
            "name": "MyField102",
            "designerId": "60b7c350-a565-472e-aef7-15a69d2fd5fb"
        },
        {
            "type": "Ext.data.Field",
            "reference": {
                "name": "fields",
                "type": "array"
            },
            "codeClass": null,
            "userConfig": {
                "name": "surat_perihal"
            },
            "name": "MyField103",
            "designerId": "98424af6-546c-478f-b232-425ef7501713"
        },
        {
            "type": "Ext.data.Field",
            "reference": {
                "name": "fields",
                "type": "array"
            },
            "codeClass": null,
            "userConfig": {
                "name": "surat_pengirim"
            },
            "name": "MyField104",
            "designerId": "b74efe74-7476-431f-985d-aceb1380df05"
        },
        {
            "type": "Ext.data.Field",
            "reference": {
                "name": "fields",
                "type": "array"
            },
            "codeClass": null,
            "userConfig": {
                "name": "surat_tujuan"
            },
            "name": "MyField105",
            "designerId": "82d8e150-d546-4058-ac2e-4b8314898b36"
        },
        {
            "type": "Ext.data.Field",
            "reference": {
                "name": "fields",
                "type": "array"
            },
            "codeClass": null,
            "userConfig": {
                "name": "surat_kepada"
            },
            "name": "MyField106",
            "designerId": "4b13cd14-7ee8-49a6-a38c-6d70284d8498"
        },
        {
            "type": "Ext.data.Field",
            "reference": {
                "name": "fields",
                "type": "array"
            },
            "codeClass": null,
            "userConfig": {
                "name": "surat_lampiran"
            },
            "name": "MyField107",
            "designerId": "6da5a593-ab34-48de-bfb1-772e3ba4c2a6"
        },
        {
            "type": "Ext.data.Field",
            "reference": {
                "name": "fields",
                "type": "array"
            },
            "codeClass": null,
            "userConfig": {
                "name": "surat_lampiran_sub"
            },
            "name": "MyField108",
            "designerId": "04dd443b-1672-41cd-a070-bb0c9bd62cae"
        },
        {
            "type": "Ext.data.Field",
            "reference": {
                "name": "fields",
                "type": "array"
            },
            "codeClass": null,
            "userConfig": {
                "name": "surat_usesetuju"
            },
            "name": "MyField109",
            "designerId": "7a87a750-0690-4adc-b8b4-9f2a93f7813f"
        },
        {
            "type": "Ext.data.Field",
            "reference": {
                "name": "fields",
                "type": "array"
            },
            "codeClass": null,
            "userConfig": {
                "name": "surat_ringkasan"
            },
            "name": "MyField110",
            "designerId": "fb60c11c-7345-44e7-9587-5a89497c27da"
        },
        {
            "type": "Ext.data.Field",
            "reference": {
                "name": "fields",
                "type": "array"
            },
            "codeClass": null,
            "userConfig": {
                "name": "surat_catatan"
            },
            "name": "MyField111",
            "designerId": "cef7eef9-25f9-4980-bcd1-f80dd2a51e74"
        },
        {
            "type": "Ext.data.Field",
            "reference": {
                "name": "fields",
                "type": "array"
            },
            "codeClass": null,
            "userConfig": {
                "name": "surat_unit"
            },
            "name": "MyField112",
            "designerId": "b3c4a603-7619-4ff3-9263-7f01d3fdff1f"
        },
        {
            "type": "Ext.data.Field",
            "reference": {
                "name": "fields",
                "type": "array"
            },
            "codeClass": null,
            "userConfig": {
                "name": "surat_setuju_isurut"
            },
            "name": "MyField113",
            "designerId": "4b2febd6-f3c8-4633-b1c8-b1f30e658b27"
        },
        {
            "type": "Ext.data.Field",
            "reference": {
                "name": "fields",
                "type": "array"
            },
            "codeClass": null,
            "userConfig": {
                "name": "surat_setuju_komentar"
            },
            "name": "MyField114",
            "designerId": "e20a1b8a-4d39-4018-9188-d0f79fdcb2dd"
        },
        {
            "type": "Ext.data.Field",
            "reference": {
                "name": "fields",
                "type": "array"
            },
            "codeClass": null,
            "userConfig": {
                "name": "surat_setuju"
            },
            "name": "MyField115",
            "designerId": "eb091afc-5ba0-4c49-ad79-a33f64230ed7"
        },
        {
            "type": "Ext.data.Field",
            "reference": {
                "name": "fields",
                "type": "array"
            },
            "codeClass": null,
            "userConfig": {
                "name": "surat_setuju_staf"
            },
            "name": "MyField116",
            "designerId": "4886b510-434d-4017-adaf-84f670c8f912"
        },
        {
            "type": "Ext.data.Field",
            "reference": {
                "name": "fields",
                "type": "array"
            },
            "codeClass": null,
            "userConfig": {
                "name": "surat_setuju_profil"
            },
            "name": "MyField1542",
            "designerId": "bbd4c284-bd13-4844-bdf4-90a815711f0e"
        },
        {
            "type": "Ext.data.Field",
            "reference": {
                "name": "fields",
                "type": "array"
            },
            "codeClass": null,
            "userConfig": {
                "name": "surat_setuju_tgl"
            },
            "name": "MyField117",
            "designerId": "3f4998aa-dd66-4ad9-846e-d3bbed37a0e8"
        },
        {
            "type": "Ext.data.Field",
            "reference": {
                "name": "fields",
                "type": "array"
            },
            "codeClass": null,
            "userConfig": {
                "name": "surat_distribusi_staf"
            },
            "name": "MyField118",
            "designerId": "5817e20a-fb0e-497e-bd2e-a87f19a1be8c"
        },
        {
            "type": "Ext.data.Field",
            "reference": {
                "name": "fields",
                "type": "array"
            },
            "codeClass": null,
            "userConfig": {
                "name": "surat_distribusi_profil"
            },
            "name": "MyField1543",
            "designerId": "6a5af044-7041-498b-babf-533ceff08ba0"
        },
        {
            "type": "Ext.data.Field",
            "reference": {
                "name": "fields",
                "type": "array"
            },
            "codeClass": null,
            "userConfig": {
                "name": "surat_distribusi_tgl"
            },
            "name": "MyField119",
            "designerId": "a21755e7-8833-44cb-8df0-904adc138046"
        },
        {
            "type": "Ext.data.Field",
            "reference": {
                "name": "fields",
                "type": "array"
            },
            "codeClass": null,
            "userConfig": {
                "name": "surat_selesai_staf"
            },
            "name": "MyField120",
            "designerId": "06f6fbd6-5bc3-46e2-a313-870aa528d9ee"
        },
        {
            "type": "Ext.data.Field",
            "reference": {
                "name": "fields",
                "type": "array"
            },
            "codeClass": null,
            "userConfig": {
                "name": "surat_selesai_profil"
            },
            "name": "MyField1544",
            "designerId": "44d17cd1-1e80-44df-aec0-8a31da006c66"
        },
        {
            "type": "Ext.data.Field",
            "reference": {
                "name": "fields",
                "type": "array"
            },
            "codeClass": null,
            "userConfig": {
                "name": "surat_selesai_tgl"
            },
            "name": "MyField121",
            "designerId": "8be1ea55-921e-4837-9957-942416718ea0"
        },
        {
            "type": "Ext.data.Field",
            "reference": {
                "name": "fields",
                "type": "array"
            },
            "codeClass": null,
            "userConfig": {
                "name": "surat_terima_staf"
            },
            "name": "MyField122",
            "designerId": "aeb2fa9e-ada2-48a7-9cea-d043c52498ef"
        },
        {
            "type": "Ext.data.Field",
            "reference": {
                "name": "fields",
                "type": "array"
            },
            "codeClass": null,
            "userConfig": {
                "name": "surat_korespondensi"
            },
            "name": "MyField125",
            "designerId": "9bce57cb-37a4-47d4-befe-bbab70de8317"
        },
        {
            "type": "Ext.data.Field",
            "reference": {
                "name": "fields",
                "type": "array"
            },
            "codeClass": null,
            "userConfig": {
                "name": "surat_korespondensi_surat"
            },
            "name": "MyField126",
            "designerId": "34af1dfc-1dba-454c-9846-3988d877ad8e"
        },
        {
            "type": "Ext.data.Field",
            "reference": {
                "name": "fields",
                "type": "array"
            },
            "codeClass": null,
            "userConfig": {
                "name": "surat_useretensi"
            },
            "name": "MyField127",
            "designerId": "5707a4be-d45e-44d1-845a-0d7fd838dcd6"
        },
        {
            "type": "Ext.data.Field",
            "reference": {
                "name": "fields",
                "type": "array"
            },
            "codeClass": null,
            "userConfig": {
                "name": "surat_retensi_tgl"
            },
            "name": "MyField128",
            "designerId": "9e92c902-8175-401b-87a6-ab9f4873b433"
        },
        {
            "type": "Ext.data.Field",
            "reference": {
                "name": "fields",
                "type": "array"
            },
            "codeClass": null,
            "userConfig": {
                "name": "surat_prioritas"
            },
            "name": "MyField129",
            "designerId": "1246588b-5b64-4b35-b1b0-00aba9edab7b"
        },
        {
            "type": "Ext.data.Field",
            "reference": {
                "name": "fields",
                "type": "array"
            },
            "codeClass": null,
            "userConfig": {
                "name": "surat_kelas"
            },
            "name": "MyField130",
            "designerId": "6f50ef98-9d88-4ad8-a889-278dc624d480"
        },
        {
            "type": "Ext.data.Field",
            "reference": {
                "name": "fields",
                "type": "array"
            },
            "codeClass": null,
            "userConfig": {
                "name": "surat_lokasi"
            },
            "name": "MyField131",
            "designerId": "340a2162-0401-4856-a429-43c5e23f05af"
        },
        {
            "type": "Ext.data.Field",
            "reference": {
                "name": "fields",
                "type": "array"
            },
            "codeClass": null,
            "userConfig": {
                "name": "surat_jenis"
            },
            "name": "MyField132",
            "designerId": "d8065ad3-68d9-4a5d-a387-bc78b689ccbd"
        },
        {
            "type": "Ext.data.Field",
            "reference": {
                "name": "fields",
                "type": "array"
            },
            "codeClass": null,
            "userConfig": {
                "name": "surat_media"
            },
            "name": "MyField133",
            "designerId": "0d8e70c6-9f24-4e24-a7f2-af5ceb3ba58d"
        },
        {
            "type": "Ext.data.Field",
            "reference": {
                "name": "fields",
                "type": "array"
            },
            "codeClass": null,
            "userConfig": {
                "name": "surat_sifat"
            },
            "name": "MyField134",
            "designerId": "c9a02c31-c595-47ce-9322-1cd4d598f2fe"
        },
        {
            "type": "Ext.data.Field",
            "reference": {
                "name": "fields",
                "type": "array"
            },
            "codeClass": null,
            "userConfig": {
                "name": "surat_sla"
            },
            "name": "MyField135",
            "designerId": "a423443c-ecef-4dfc-acfd-660395a54bb8"
        },
        {
            "type": "Ext.data.Field",
            "reference": {
                "name": "fields",
                "type": "array"
            },
            "codeClass": null,
            "userConfig": {
                "name": "surat_usesla"
            },
            "name": "MyField136",
            "designerId": "c4376ae9-f2ce-4dcd-9c58-5ae6a2826b3d"
        },
        {
            "type": "Ext.data.Field",
            "reference": {
                "name": "fields",
                "type": "array"
            },
            "codeClass": null,
            "userConfig": {
                "name": "surat_israhasia"
            },
            "name": "MyField137",
            "designerId": "5ba6cb2c-967a-4d96-bcde-a8f8390597eb"
        },
        {
            "type": "Ext.data.Field",
            "reference": {
                "name": "fields",
                "type": "array"
            },
            "codeClass": null,
            "userConfig": {
                "name": "surat_properti"
            },
            "name": "MyField139",
            "designerId": "67e32bfa-4490-48f7-82a2-29866073c52a"
        },
        {
            "type": "Ext.data.Field",
            "reference": {
                "name": "fields",
                "type": "array"
            },
            "codeClass": null,
            "userConfig": {
                "name": "surat_ekspedisi"
            },
            "name": "MyField140",
            "designerId": "95839e52-7da6-42c5-b2f9-46ad855d59f4"
        },
        {
            "type": "Ext.data.Field",
            "reference": {
                "name": "fields",
                "type": "array"
            },
            "codeClass": null,
            "userConfig": {
                "name": "staf_id"
            },
            "name": "MyField191",
            "designerId": "7814c349-deb9-4592-8273-29b4181122ea"
        },
        {
            "type": "Ext.data.Field",
            "reference": {
                "name": "fields",
                "type": "array"
            },
            "codeClass": null,
            "userConfig": {
                "name": "staf_peran"
            },
            "name": "MyField192",
            "designerId": "06fd5235-ab3f-4cb8-9507-222b4baedfa9"
        },
        {
            "type": "Ext.data.Field",
            "reference": {
                "name": "fields",
                "type": "array"
            },
            "codeClass": null,
            "userConfig": {
                "name": "staf_akun"
            },
            "name": "MyField193",
            "designerId": "98801034-3f8d-47a3-9fa3-3a322d503ad6"
        },
        {
            "type": "Ext.data.Field",
            "reference": {
                "name": "fields",
                "type": "array"
            },
            "codeClass": null,
            "userConfig": {
                "name": "staf_kode"
            },
            "name": "MyField194",
            "designerId": "32a83a09-99ea-4ef3-97a2-3f2608c0dc7f"
        },
        {
            "type": "Ext.data.Field",
            "reference": {
                "name": "fields",
                "type": "array"
            },
            "codeClass": null,
            "userConfig": {
                "name": "staf_nama"
            },
            "name": "MyField197",
            "designerId": "e7c156b2-619a-4bcb-998b-42e516ad495b"
        },
        {
            "type": "Ext.data.Field",
            "reference": {
                "name": "fields",
                "type": "array"
            },
            "codeClass": null,
            "userConfig": {
                "name": "staf_kelamin"
            },
            "name": "MyField198",
            "designerId": "1b2c8041-8fcd-483a-975e-7b967364d20a"
        },
        {
            "type": "Ext.data.Field",
            "reference": {
                "name": "fields",
                "type": "array"
            },
            "codeClass": null,
            "userConfig": {
                "name": "staf_isaktif"
            },
            "name": "MyField199",
            "designerId": "b114fe3f-d8a4-44e9-a5ed-74ce8a7e99ca"
        },
        {
            "type": "Ext.data.Field",
            "reference": {
                "name": "fields",
                "type": "array"
            },
            "codeClass": null,
            "userConfig": {
                "name": "staf_unit"
            },
            "name": "MyField200",
            "designerId": "31db49cf-0bd7-4a96-acd7-e6645c7d92a1"
        },
        {
            "type": "Ext.data.Field",
            "reference": {
                "name": "fields",
                "type": "array"
            },
            "codeClass": null,
            "userConfig": {
                "name": "unit_nama"
            },
            "name": "MyField1178",
            "designerId": "f4485731-9545-4d25-adb1-ab77375f71e4"
        },
        {
            "type": "Ext.data.Field",
            "reference": {
                "name": "fields",
                "type": "array"
            },
            "codeClass": null,
            "userConfig": {
                "name": "staf_jabatan"
            },
            "name": "MyField201",
            "designerId": "44638cca-485f-4fb6-8d76-63a294bbef6b"
        },
        {
            "type": "Ext.data.Field",
            "reference": {
                "name": "fields",
                "type": "array"
            },
            "codeClass": null,
            "userConfig": {
                "name": "jabatan_nama"
            },
            "name": "MyField1177",
            "designerId": "560fafa9-6f43-41e4-a0b8-743c005a60c2"
        },
        {
            "type": "Ext.data.Field",
            "reference": {
                "name": "fields",
                "type": "array"
            },
            "codeClass": null,
            "userConfig": {
                "name": "ekspedisi_id"
            },
            "name": "MyField210",
            "designerId": "25307c3c-9d99-41c8-8a27-bcc2382036e6"
        },
        {
            "type": "Ext.data.Field",
            "reference": {
                "name": "fields",
                "type": "array"
            },
            "codeClass": null,
            "userConfig": {
                "name": "ekspedisi_nama"
            },
            "name": "MyField211",
            "designerId": "aca3f2df-a636-43a1-a59c-3d8f3f058c4e"
        },
        {
            "type": "Ext.data.Field",
            "reference": {
                "name": "fields",
                "type": "array"
            },
            "codeClass": null,
            "userConfig": {
                "name": "ekspedisi_kode"
            },
            "name": "MyField217",
            "designerId": "80530c48-6cd4-4d7c-971d-6ee3805fa60a"
        },
        {
            "type": "Ext.data.Field",
            "reference": {
                "name": "fields",
                "type": "array"
            },
            "codeClass": null,
            "userConfig": {
                "name": "ekspedisi_isaktif"
            },
            "name": "MyField218",
            "designerId": "3a847df1-7937-485c-9f86-d02a2a0accb1"
        },
        {
            "type": "Ext.data.Field",
            "reference": {
                "name": "fields",
                "type": "array"
            },
            "codeClass": null,
            "userConfig": {
                "name": "ekspedisi_properti"
            },
            "name": "MyField219",
            "designerId": "bdbd08c8-e652-4fb8-bc5d-9558803acb11"
        },
        {
            "type": "Ext.data.Field",
            "reference": {
                "name": "fields",
                "type": "array"
            },
            "codeClass": null,
            "userConfig": {
                "name": "surat_useberkas",
                "type": "boolean"
            },
            "name": "MyField1575",
            "designerId": "acf319de-ecc0-4328-9daf-a9511e8be61e"
        }
    ]
}