{
    "type": "Ext.data.Model",
    "reference": {
        "name": "items",
        "type": "array"
    },
    "codeClass": null,
    "userConfig": {
        "designer|userClassName": "Sipas.disposisi.masuk.Log",
        "idProperty": "disposisi_masuk_log_id"
    },
    "name": "Sipas.Fitur1",
    "designerId": "85dea697-6f0d-42aa-9711-e1e9e1e3143c",
    "cn": [
        {
            "type": "Ext.data.proxy.Ajax",
            "reference": {
                "name": "proxy",
                "type": "object"
            },
            "codeClass": null,
            "userConfig": {
                "api": [
                    "{",
                    "    \"create\"\t:\"server.php/sipas/disposisi_masuk_log/create\",",
                    "    \"read\"\t\t:\"server.php/sipas/disposisi_masuk_log/read\",",
                    "    \"update\"\t:\"server.php/sipas/disposisi_masuk_log/update\",",
                    "    \"destroy\"\t:\"server.php/sipas/disposisi_masuk_log/destroy\"",
                    "}"
                ]
            },
            "name": "MyAjaxProxy6",
            "designerId": "a1c35c44-4b10-4700-b5ae-7eff84943a09",
            "cn": [
                {
                    "type": "Ext.data.reader.Json",
                    "reference": {
                        "name": "reader",
                        "type": "object"
                    },
                    "codeClass": null,
                    "userConfig": {
                        "messageProperty": "message",
                        "record": null,
                        "root": "data"
                    },
                    "name": "MyJsonReader6",
                    "designerId": "179f14c8-939f-446a-b74f-fa6d5c41203c"
                }
            ]
        },
        {
            "type": "Ext.data.Field",
            "reference": {
                "name": "fields",
                "type": "array"
            },
            "codeClass": null,
            "userConfig": {
                "name": "disposisi_masuk_log_id"
            },
            "name": "MyField44",
            "designerId": "eea1b792-1fc2-45f5-b38d-0c8facce08e7"
        },
        {
            "type": "Ext.data.Field",
            "reference": {
                "name": "fields",
                "type": "array"
            },
            "codeClass": null,
            "userConfig": {
                "name": "disposisi_masuk_log_staf"
            },
            "name": "MyField45",
            "designerId": "a3981f49-42c2-4f00-9211-59d82798cc76"
        },
        {
            "type": "Ext.data.Field",
            "reference": {
                "name": "fields",
                "type": "array"
            },
            "codeClass": null,
            "userConfig": {
                "name": "disposisi_masuk_log_profil"
            },
            "name": "MyField1475",
            "designerId": "ad72c9de-133f-44f4-80ea-4fa06fd634a3"
        },
        {
            "type": "Ext.data.Field",
            "reference": {
                "name": "fields",
                "type": "array"
            },
            "codeClass": null,
            "userConfig": {
                "name": "disposisi_masuk_log_masuk"
            },
            "name": "MyField46",
            "designerId": "b6053555-b873-49c5-86a2-ea6806c5a39b"
        },
        {
            "type": "Ext.data.Field",
            "reference": {
                "name": "fields",
                "type": "array"
            },
            "codeClass": null,
            "userConfig": {
                "name": "disposisi_masuk_log_status",
                "type": "int"
            },
            "name": "MyField822",
            "designerId": "38d4da9a-6a1b-4a48-9da2-e146d092929d"
        },
        {
            "type": "Ext.data.Field",
            "reference": {
                "name": "fields",
                "type": "array"
            },
            "codeClass": null,
            "userConfig": {
                "name": "disposisi_masuk_log_aksi",
                "type": null
            },
            "name": "MyField823",
            "designerId": "b011f1ae-c0c1-4db6-967b-27a0b50b5499"
        },
        {
            "type": "Ext.data.Field",
            "reference": {
                "name": "fields",
                "type": "array"
            },
            "codeClass": null,
            "userConfig": {
                "name": "disposisi_masuk_log_isbaca"
            },
            "name": "MyField897",
            "designerId": "993e50db-c858-4f0c-bca2-9f6a22b2dec8"
        },
        {
            "type": "Ext.data.Field",
            "reference": {
                "name": "fields",
                "type": "array"
            },
            "codeClass": null,
            "userConfig": {
                "name": "disposisi_masuk_log_isberkasterima"
            },
            "name": "MyField898",
            "designerId": "5b44cea4-49a3-4cf9-856a-a530181c11ea"
        },
        {
            "type": "Ext.data.Field",
            "reference": {
                "name": "fields",
                "type": "array"
            },
            "codeClass": null,
            "userConfig": {
                "name": "disposisi_masuk_log_isterus"
            },
            "name": "MyField899",
            "designerId": "795d7b6f-7006-401c-824a-104b6e15f909"
        },
        {
            "type": "Ext.data.Field",
            "reference": {
                "name": "fields",
                "type": "array"
            },
            "codeClass": null,
            "userConfig": {
                "name": "disposisi_masuk_log_iscabut"
            },
            "name": "MyField900",
            "designerId": "5d3a53d1-6841-456d-97b5-08ec7d2a1cac"
        },
        {
            "type": "Ext.data.Field",
            "reference": {
                "name": "fields",
                "type": "array"
            },
            "codeClass": null,
            "userConfig": {
                "name": "disposisi_masuk_log_isaksi"
            },
            "name": "MyField903",
            "designerId": "ae57ec9d-505f-433e-8dd8-a36ec88ac1bc"
        },
        {
            "type": "Ext.data.Field",
            "reference": {
                "name": "fields",
                "type": "array"
            },
            "codeClass": null,
            "userConfig": {
                "name": "disposisi_masuk_id"
            },
            "name": "MyField904",
            "designerId": "5f44b6f2-c309-4970-8733-e91a9490c8e3"
        },
        {
            "type": "Ext.data.Field",
            "reference": {
                "name": "fields",
                "type": "array"
            },
            "codeClass": null,
            "userConfig": {
                "name": "disposisi_masuk_disposisi"
            },
            "name": "MyField905",
            "designerId": "6941ed1e-2045-4ff4-8bee-36abf9244220"
        },
        {
            "type": "Ext.data.Field",
            "reference": {
                "name": "fields",
                "type": "array"
            },
            "codeClass": null,
            "userConfig": {
                "name": "disposisi_masuk_staf"
            },
            "name": "MyField906",
            "designerId": "e93b2505-4d44-43aa-ac89-6ba821063eb1"
        },
        {
            "type": "Ext.data.Field",
            "reference": {
                "name": "fields",
                "type": "array"
            },
            "codeClass": null,
            "userConfig": {
                "name": "disposisi_masuk_istembusan"
            },
            "name": "MyField908",
            "designerId": "ab6de112-85fb-469a-9219-aa175549e5f2"
        },
        {
            "type": "Ext.data.Field",
            "reference": {
                "name": "fields",
                "type": "array"
            },
            "codeClass": null,
            "userConfig": {
                "name": "disposisi_masuk_isberkas"
            },
            "name": "MyField909",
            "designerId": "22e06cfa-db03-4025-be7a-df1f7bcad4b2"
        },
        {
            "type": "Ext.data.Field",
            "reference": {
                "name": "fields",
                "type": "array"
            },
            "codeClass": null,
            "userConfig": {
                "name": "disposisi_masuk_nomor"
            },
            "name": "MyField910",
            "designerId": "620b6d59-a222-482a-b3a9-574afc2b2362"
        },
        {
            "type": "Ext.data.Field",
            "reference": {
                "name": "fields",
                "type": "array"
            },
            "codeClass": null,
            "userConfig": {
                "name": "disposisi_masuk_pesan"
            },
            "name": "MyField915",
            "designerId": "eff8c458-ba3a-48f1-afd1-5f1f3a9af06a"
        },
        {
            "type": "Ext.data.Field",
            "reference": {
                "name": "fields",
                "type": "array"
            },
            "codeClass": null,
            "userConfig": {
                "name": "disposisi_masuk_terima_tgl",
                "type": "date"
            },
            "name": "MyField935",
            "designerId": "b8965f99-5a0e-418f-82eb-af2bd11f4afd"
        },
        {
            "type": "Ext.data.Field",
            "reference": {
                "name": "fields",
                "type": "array"
            },
            "codeClass": null,
            "userConfig": {
                "name": "disposisi_masuk_terima_staf"
            },
            "name": "MyField939",
            "designerId": "7400aa79-2bea-49d7-9a55-14856afaa3f1"
        },
        {
            "type": "Ext.data.Field",
            "reference": {
                "name": "fields",
                "type": "array"
            },
            "codeClass": null,
            "userConfig": {
                "name": "disposisi_masuk_terima_profil"
            },
            "name": "MyField1476",
            "designerId": "ee3ee3c1-89f0-4aed-a577-74d9f806f86a"
        },
        {
            "type": "Ext.data.Field",
            "reference": {
                "name": "fields",
                "type": "array"
            },
            "codeClass": null,
            "userConfig": {
                "name": "disposisi_masuk_baca_tgl",
                "type": "date"
            },
            "name": "MyField940",
            "designerId": "19c8d030-2695-41b2-8bd5-6f94c6ac9134"
        },
        {
            "type": "Ext.data.Field",
            "reference": {
                "name": "fields",
                "type": "array"
            },
            "codeClass": null,
            "userConfig": {
                "name": "disposisi_masuk_baca_staf"
            },
            "name": "MyField941",
            "designerId": "70f9861f-43d2-4cb0-94e0-f6c61f7d1e92"
        },
        {
            "type": "Ext.data.Field",
            "reference": {
                "name": "fields",
                "type": "array"
            },
            "codeClass": null,
            "userConfig": {
                "name": "disposisi_masuk_baca_profil"
            },
            "name": "MyField1477",
            "designerId": "d82b328f-e85e-4099-90d1-e7db539ebe11"
        },
        {
            "type": "Ext.data.Field",
            "reference": {
                "name": "fields",
                "type": "array"
            },
            "codeClass": null,
            "userConfig": {
                "name": "disposisi_masuk_berkasterima_tgl",
                "type": "date"
            },
            "name": "MyField942",
            "designerId": "a36a342a-b144-4b2d-8a09-4de7c2918d5c"
        },
        {
            "type": "Ext.data.Field",
            "reference": {
                "name": "fields",
                "type": "array"
            },
            "codeClass": null,
            "userConfig": {
                "name": "disposisi_masuk_berkasterima_staf"
            },
            "name": "MyField943",
            "designerId": "8a667723-04b3-4675-b6c3-af57ce281982"
        },
        {
            "type": "Ext.data.Field",
            "reference": {
                "name": "fields",
                "type": "array"
            },
            "codeClass": null,
            "userConfig": {
                "name": "disposisi_masuk_berkasterima_profil"
            },
            "name": "MyField1478",
            "designerId": "8bc18066-b779-4158-a747-c45c0726cfca"
        },
        {
            "type": "Ext.data.Field",
            "reference": {
                "name": "fields",
                "type": "array"
            },
            "codeClass": null,
            "userConfig": {
                "name": "disposisi_masuk_terus_tgl",
                "type": "date"
            },
            "name": "MyField944",
            "designerId": "d4a84780-c22e-4251-bd05-6eded351a22c"
        },
        {
            "type": "Ext.data.Field",
            "reference": {
                "name": "fields",
                "type": "array"
            },
            "codeClass": null,
            "userConfig": {
                "name": "disposisi_masuk_terus_staf"
            },
            "name": "MyField945",
            "designerId": "b1e87105-40ac-46e8-91bf-f0883ede3ca0"
        },
        {
            "type": "Ext.data.Field",
            "reference": {
                "name": "fields",
                "type": "array"
            },
            "codeClass": null,
            "userConfig": {
                "name": "disposisi_masuk_terus_profil"
            },
            "name": "MyField1479",
            "designerId": "a4c4de60-ec9f-4491-866c-8c001c93fd6d"
        },
        {
            "type": "Ext.data.Field",
            "reference": {
                "name": "fields",
                "type": "array"
            },
            "codeClass": null,
            "userConfig": {
                "name": "disposisi_masuk_cabut_tgl",
                "type": "date"
            },
            "name": "MyField946",
            "designerId": "ea573668-e97c-4da7-8bc7-322540480777"
        },
        {
            "type": "Ext.data.Field",
            "reference": {
                "name": "fields",
                "type": "array"
            },
            "codeClass": null,
            "userConfig": {
                "name": "disposisi_masuk_cabut_staf"
            },
            "name": "MyField947",
            "designerId": "faa1f78a-baf9-4f9b-8a1d-a40bbc23396c"
        },
        {
            "type": "Ext.data.Field",
            "reference": {
                "name": "fields",
                "type": "array"
            },
            "codeClass": null,
            "userConfig": {
                "name": "disposisi_masuk_cabut_profil"
            },
            "name": "MyField1480",
            "designerId": "33e5f615-2c3c-4b70-be0e-c1068a7f3526"
        },
        {
            "type": "Ext.data.Field",
            "reference": {
                "name": "fields",
                "type": "array"
            },
            "codeClass": null,
            "userConfig": {
                "name": "disposisi_masuk_pulih_tgl",
                "type": "date"
            },
            "name": "MyField948",
            "designerId": "e4ad54fe-438f-4383-b5a3-43b257a00421"
        },
        {
            "type": "Ext.data.Field",
            "reference": {
                "name": "fields",
                "type": "array"
            },
            "codeClass": null,
            "userConfig": {
                "name": "disposisi_masuk_pulih_staf"
            },
            "name": "MyField949",
            "designerId": "4b74b4f3-69f2-4c50-8a39-916e1fac0ae8"
        },
        {
            "type": "Ext.data.Field",
            "reference": {
                "name": "fields",
                "type": "array"
            },
            "codeClass": null,
            "userConfig": {
                "name": "disposisi_masuk_pulih_profil"
            },
            "name": "MyField1481",
            "designerId": "af3fe7ae-360c-4aaf-ad09-0a3ee819b75b"
        },
        {
            "type": "Ext.data.Field",
            "reference": {
                "name": "fields",
                "type": "array"
            },
            "codeClass": null,
            "userConfig": {
                "name": "disposisi_masuk_status"
            },
            "name": "MyField950",
            "designerId": "aa61d159-2e20-41b4-9bdd-6ebe6e1f2eb7"
        },
        {
            "type": "Ext.data.Field",
            "reference": {
                "name": "fields",
                "type": "array"
            },
            "codeClass": null,
            "userConfig": {
                "name": "disposisi_masuk_status_tgl",
                "type": "date"
            },
            "name": "MyField951",
            "designerId": "6dad2035-f3e1-4756-b41c-f1a598cefb47"
        },
        {
            "type": "Ext.data.Field",
            "reference": {
                "name": "fields",
                "type": "array"
            },
            "codeClass": null,
            "userConfig": {
                "name": "disposisi_masuk_status_staf"
            },
            "name": "MyField952",
            "designerId": "0f570cdf-0fe2-460a-bb0d-1fe2d4f13a99"
        },
        {
            "type": "Ext.data.Field",
            "reference": {
                "name": "fields",
                "type": "array"
            },
            "codeClass": null,
            "userConfig": {
                "name": "disposisi_masuk_status_profil"
            },
            "name": "MyField1482",
            "designerId": "68d151ad-c248-4fd9-9482-6ef49626296b"
        },
        {
            "type": "Ext.data.Field",
            "reference": {
                "name": "fields",
                "type": "array"
            },
            "codeClass": null,
            "userConfig": {
                "name": "disposisi_masuk_aksi"
            },
            "name": "MyField953",
            "designerId": "76dd72c7-0c68-40f0-9743-23440bdf4c15"
        },
        {
            "type": "Ext.data.Field",
            "reference": {
                "name": "fields",
                "type": "array"
            },
            "codeClass": null,
            "userConfig": {
                "name": "disposisi_masuk_aksi_tgl",
                "type": "date"
            },
            "name": "MyField954",
            "designerId": "b3827baf-5031-4a8c-a621-7d61ca6d0849"
        },
        {
            "type": "Ext.data.Field",
            "reference": {
                "name": "fields",
                "type": "array"
            },
            "codeClass": null,
            "userConfig": {
                "name": "disposisi_masuk_aksi_staf"
            },
            "name": "MyField955",
            "designerId": "e5f2f2bd-f710-4db1-a99c-ea56b31e4604"
        },
        {
            "type": "Ext.data.Field",
            "reference": {
                "name": "fields",
                "type": "array"
            },
            "codeClass": null,
            "userConfig": {
                "name": "disposisi_masuk_aksi_profil"
            },
            "name": "MyField1483",
            "designerId": "426f0523-2275-405f-9754-1b2aaeb7663e"
        },
        {
            "type": "Ext.data.Field",
            "reference": {
                "name": "fields",
                "type": "array"
            },
            "codeClass": null,
            "userConfig": {
                "name": "disposisi_masuk_induk_baca_tgl",
                "type": "date"
            },
            "name": "MyField956",
            "designerId": "29eda1be-a274-4774-a098-9af962dbd236"
        },
        {
            "type": "Ext.data.Field",
            "reference": {
                "name": "fields",
                "type": "array"
            },
            "codeClass": null,
            "userConfig": {
                "name": "disposisi_masuk_induk_baca_staf"
            },
            "name": "MyField957",
            "designerId": "a4b51e8f-1a53-4089-962e-eab7fb359e9e"
        },
        {
            "type": "Ext.data.Field",
            "reference": {
                "name": "fields",
                "type": "array"
            },
            "codeClass": null,
            "userConfig": {
                "name": "disposisi_masuk_induk_baca_profil"
            },
            "name": "MyField1484",
            "designerId": "98b70704-639e-4338-99ea-e607a5284f61"
        },
        {
            "type": "Ext.data.Field",
            "reference": {
                "name": "fields",
                "type": "array"
            },
            "codeClass": null,
            "userConfig": {
                "name": "disposisi_masuk_properti"
            },
            "name": "MyField958",
            "designerId": "92f82180-e53d-4d20-a130-54a6dae3c422"
        },
        {
            "type": "Ext.data.Field",
            "reference": {
                "name": "fields",
                "type": "array"
            },
            "codeClass": null,
            "userConfig": {
                "name": "staf_id"
            },
            "name": "MyField959",
            "designerId": "60cb9531-baf0-490c-a8d3-a65805d9cb4f"
        },
        {
            "type": "Ext.data.Field",
            "reference": {
                "name": "fields",
                "type": "array"
            },
            "codeClass": null,
            "userConfig": {
                "name": "staf_nama"
            },
            "name": "MyField960",
            "designerId": "5e62678b-3e9f-4da6-a60b-a29ee51dc1d6"
        },
        {
            "type": "Ext.data.Field",
            "reference": {
                "name": "fields",
                "type": "array"
            },
            "codeClass": null,
            "userConfig": {
                "name": "staf_isaktif"
            },
            "name": "MyField961",
            "designerId": "418225da-1e71-4d51-8cd5-bd81b1db0d4f"
        },
        {
            "type": "Ext.data.Field",
            "reference": {
                "name": "fields",
                "type": "array"
            },
            "codeClass": null,
            "userConfig": {
                "name": "unit_nama"
            },
            "name": "MyField962",
            "designerId": "6f8104c6-af3f-408f-9fb5-55ca4002f379"
        },
        {
            "type": "Ext.data.Field",
            "reference": {
                "name": "fields",
                "type": "array"
            },
            "codeClass": null,
            "userConfig": {
                "name": "jabatan_nama"
            },
            "name": "MyField963",
            "designerId": "1d51e445-e7c8-48d6-bbef-92db18f714e7"
        },
        {
            "type": "Ext.data.Field",
            "reference": {
                "name": "fields",
                "type": "array"
            },
            "codeClass": null,
            "userConfig": {
                "name": "aksi_id"
            },
            "name": "MyField964",
            "designerId": "59535156-32fd-4c99-933c-cba2a58a29d3"
        },
        {
            "type": "Ext.data.Field",
            "reference": {
                "name": "fields",
                "type": "array"
            },
            "codeClass": null,
            "userConfig": {
                "name": "aksi_kode"
            },
            "name": "MyField965",
            "designerId": "9d4e0d45-c45e-45da-9461-d11a3081d386"
        },
        {
            "type": "Ext.data.Field",
            "reference": {
                "name": "fields",
                "type": "array"
            },
            "codeClass": null,
            "userConfig": {
                "name": "aksi_nama"
            },
            "name": "MyField966",
            "designerId": "5786dc5f-3023-490c-be38-5dd14acb9063"
        },
        {
            "type": "Ext.data.Field",
            "reference": {
                "name": "fields",
                "type": "array"
            },
            "codeClass": null,
            "userConfig": {
                "name": "disposisi_masuk_log_tgl",
                "type": "date"
            },
            "name": "MyField967",
            "designerId": "933bee7b-f0f1-41dc-8193-e6f7f98f0bf5"
        },
        {
            "type": "Ext.data.Field",
            "reference": {
                "name": "fields",
                "type": "array"
            },
            "codeClass": null,
            "userConfig": {
                "name": "disposisi_masuk_log_tipe",
                "type": "int"
            },
            "name": "MyField294",
            "designerId": "98a1a068-1f84-4ca9-8022-c938538ca780"
        },
        {
            "type": "basicfunction",
            "reference": {
                "name": "items",
                "type": "array"
            },
            "codeClass": null,
            "userConfig": {
                "designer|params": [
                    "config"
                ],
                "fn": "reading",
                "implHandler": [
                    "config = Ext.apply({",
                    "    callback: Ext.emptyFn,",
                    "    success: Ext.emptyFn,",
                    "    failure: Ext.emptyFn,",
                    "    scope: this",
                    "}, config);",
                    "",
                    "this.set({",
                    "    'disposisi_masuk_log_masuk' : config.masuk,",
                    "    'disposisi_masuk_log_tipe' : 1,",
                    "    'disposisi_masuk_log_staf' : config.staf,",
                    "    'disposisi_masuk_log_tgl': new Date(),",
                    "    'status': 0",
                    "});",
                    "this.save(config);"
                ]
            },
            "name": "reading",
            "designerId": "c87e1c6a-585b-4422-b288-4bdd8fa9d3dc"
        },
        {
            "type": "basicfunction",
            "reference": {
                "name": "items",
                "type": "array"
            },
            "codeClass": null,
            "userConfig": {
                "designer|params": [
                    "config"
                ],
                "fn": "ingatkan",
                "implHandler": [
                    "config = Ext.apply({",
                    "    callback: Ext.emptyFn,",
                    "    success: Ext.emptyFn,",
                    "    failure: Ext.emptyFn,",
                    "    scope: this",
                    "}, config);",
                    "",
                    "this.set({",
                    "    'disposisi_masuk_log_masuk' : config.masuk,",
                    "    'disposisi_masuk_log_tipe' : 8,",
                    "    'disposisi_masuk_log_staf' : config.staf,",
                    "    'disposisi_masuk_log_tgl': new Date()",
                    "});",
                    "this.save(config);"
                ]
            },
            "name": "ingatkan",
            "designerId": "13dd8aab-1be4-4705-b9ab-991357250892"
        },
        {
            "type": "basicfunction",
            "reference": {
                "name": "items",
                "type": "array"
            },
            "codeClass": null,
            "userConfig": {
                "designer|params": [
                    "config"
                ],
                "fn": "status",
                "implHandler": [
                    "config = Ext.apply({",
                    "    callback: Ext.emptyFn,",
                    "    success: Ext.emptyFn,",
                    "    failure: Ext.emptyFn,",
                    "    scope: this",
                    "}, config);",
                    "",
                    "this.set({",
                    "    'disposisi_masuk_log_masuk' : config.masuk,",
                    "    'disposisi_masuk_log_tipe' : 6,",
                    "    'disposisi_masuk_log_staf' : config.staf,",
                    "    'disposisi_masuk_log_status' : config.status,",
                    "    'disposisi_masuk_log_pesan' : config.pesan,",
                    "    'disposisi_masuk_log_tgl': new Date(),",
                    "    'status': 1",
                    "});",
                    "this.save(config);"
                ]
            },
            "name": "status",
            "designerId": "89cf455e-c36a-4d3c-b01f-02fe8f78e7a0"
        },
        {
            "type": "Ext.data.Field",
            "reference": {
                "name": "fields",
                "type": "array"
            },
            "codeClass": null,
            "userConfig": {
                "name": "disposisi_masuk_log_pesan"
            },
            "name": "MyField809",
            "designerId": "3aaf3fb6-ac38-4a68-92e0-68ee8690c5f7"
        },
        {
            "type": "Ext.data.Field",
            "reference": {
                "name": "fields",
                "type": "array"
            },
            "codeClass": null,
            "userConfig": {
                "name": "status"
            },
            "name": "MyField810",
            "designerId": "b2f45cde-f9d6-430b-903e-2c09d196a4e7"
        },
        {
            "type": "Ext.data.Field",
            "reference": {
                "name": "fields",
                "type": "array"
            },
            "codeClass": null,
            "userConfig": {
                "name": "disposisi_masuk_log_berkas_status",
                "type": "int"
            },
            "name": "MyField1571",
            "designerId": "400f8403-92ec-4f04-89cf-61b58455e84f"
        },
        {
            "type": "basicfunction",
            "reference": {
                "name": "items",
                "type": "array"
            },
            "codeClass": null,
            "userConfig": {
                "fn": "berkasLogStatus",
                "implHandler": [
                    "return {",
                    "    BERKAS_REQUEST: 1,",
                    "    BERKAS_APPROVE: 2,",
                    "    BERKAS_CANCEL: 3,",
                    "    BERKAS_DECLINE: 4",
                    "};"
                ]
            },
            "name": "berkasLogStatus",
            "designerId": "6ae836dd-0e00-462b-838d-a4f0f96e3f98"
        }
    ]
}