{
    "type": "Ext.data.Model",
    "reference": {
        "name": "items",
        "type": "array"
    },
    "codeClass": null,
    "userConfig": {
        "designer|userClassName": "Sipas.surat.Log",
        "idProperty": "surat_log_id"
    },
    "name": "Sipas.Ekspedisi1",
    "designerId": "681f5f08-88bc-4c06-9c2a-a8d24f2e7f2a",
    "cn": [
        {
            "type": "Ext.data.proxy.Ajax",
            "reference": {
                "name": "proxy",
                "type": "object"
            },
            "codeClass": null,
            "userConfig": {
                "api": [
                    "{",
                    "    \"create\"\t:\"server.php/sipas/surat_log/create\",",
                    "    \"read\"\t\t:\"server.php/sipas/surat_log/read\",",
                    "    \"update\"\t:\"server.php/sipas/surat_log/update\",",
                    "    \"destroy\"\t:\"server.php/sipas/surat_log/destroy\"",
                    "}"
                ]
            },
            "name": "MyAjaxProxy4",
            "designerId": "975fb06d-f865-40b0-8478-37d0c03d3b8e",
            "cn": [
                {
                    "type": "Ext.data.reader.Json",
                    "reference": {
                        "name": "reader",
                        "type": "object"
                    },
                    "codeClass": null,
                    "userConfig": {
                        "messageProperty": null,
                        "record": null,
                        "root": "data"
                    },
                    "name": "MyJsonReader4",
                    "designerId": "8ef55c03-7092-421d-818a-21bd271201be"
                }
            ]
        },
        {
            "type": "Ext.data.Field",
            "reference": {
                "name": "fields",
                "type": "array"
            },
            "codeClass": null,
            "userConfig": {
                "name": "surat_log_id"
            },
            "name": "MyField400",
            "designerId": "31c04402-cc50-4ad6-bf60-c933b206a6bf"
        },
        {
            "type": "Ext.data.Field",
            "reference": {
                "name": "fields",
                "type": "array"
            },
            "codeClass": null,
            "userConfig": {
                "name": "surat_log_staf"
            },
            "name": "MyField403",
            "designerId": "f1a8f4ef-cec3-4175-a93a-040d7d4074fc"
        },
        {
            "type": "Ext.data.Field",
            "reference": {
                "name": "fields",
                "type": "array"
            },
            "codeClass": null,
            "userConfig": {
                "name": "surat_log_profil"
            },
            "name": "MyField1548",
            "designerId": "93e694a0-48f6-4fce-9fda-009708d54c54"
        },
        {
            "type": "Ext.data.Field",
            "reference": {
                "name": "fields",
                "type": "array"
            },
            "codeClass": null,
            "userConfig": {
                "name": "surat_log_surat"
            },
            "name": "MyField408",
            "designerId": "3d1c5e6d-3eea-4df4-a7f2-33e4e804805e"
        },
        {
            "type": "Ext.data.Field",
            "reference": {
                "name": "fields",
                "type": "array"
            },
            "codeClass": null,
            "userConfig": {
                "name": "surat_log_ekspedisi"
            },
            "name": "MyField409",
            "designerId": "1856df82-606f-40e6-acef-9e2ec40f074b"
        },
        {
            "type": "Ext.data.Field",
            "reference": {
                "name": "fields",
                "type": "array"
            },
            "codeClass": null,
            "userConfig": {
                "name": "surat_log_petugas"
            },
            "name": "MyField410",
            "designerId": "df0ec306-ec72-431d-b5c1-1b8f1e1a9a2c"
        },
        {
            "type": "Ext.data.Field",
            "reference": {
                "name": "fields",
                "type": "array"
            },
            "codeClass": null,
            "userConfig": {
                "name": "surat_log_setuju",
                "type": "int"
            },
            "name": "MyField411",
            "designerId": "e39c3fd2-3f0d-4afe-8f9a-0a9b1ad408a9"
        },
        {
            "type": "Ext.data.Field",
            "reference": {
                "name": "fields",
                "type": "array"
            },
            "codeClass": null,
            "userConfig": {
                "name": "surat_log_catatan"
            },
            "name": "MyField419",
            "designerId": "e1597bb9-2f38-40ce-9321-9a8808ffb7bc"
        },
        {
            "type": "Ext.data.Field",
            "reference": {
                "name": "fields",
                "type": "array"
            },
            "codeClass": null,
            "userConfig": {
                "name": "surat_log_properti"
            },
            "name": "MyField426",
            "designerId": "49245ccf-8e6f-4754-9bcc-f165306a3901"
        },
        {
            "type": "Ext.data.Field",
            "reference": {
                "name": "fields",
                "type": "array"
            },
            "codeClass": null,
            "userConfig": {
                "name": "surat_log_tipe",
                "type": "int"
            },
            "name": "MyField289",
            "designerId": "ca6b8500-4c3c-4bbd-8468-880240aaa7ae"
        },
        {
            "type": "Ext.data.Field",
            "reference": {
                "name": "fields",
                "type": "array"
            },
            "codeClass": null,
            "userConfig": {
                "name": "surat_log_tgl",
                "type": "date"
            },
            "name": "MyField291",
            "designerId": "81f90d59-4fd7-48ff-8f1b-b4c5dd6bd80f"
        },
        {
            "type": "Ext.data.Field",
            "reference": {
                "name": "fields",
                "type": "array"
            },
            "codeClass": null,
            "userConfig": {
                "name": "surat_id"
            },
            "name": "MyField427",
            "designerId": "e303ef40-109f-4e70-b9e6-8c05379f9c33"
        },
        {
            "type": "Ext.data.Field",
            "reference": {
                "name": "fields",
                "type": "array"
            },
            "codeClass": null,
            "userConfig": {
                "name": "surat_arsip"
            },
            "name": "MyField428",
            "designerId": "c1a78f74-7144-4785-9c53-e71a23acdada"
        },
        {
            "type": "Ext.data.Field",
            "reference": {
                "name": "fields",
                "type": "array"
            },
            "codeClass": null,
            "userConfig": {
                "name": "surat_model"
            },
            "name": "MyField429",
            "designerId": "2e11b4a7-59d4-4d8b-93ff-f126dab551a7"
        },
        {
            "type": "Ext.data.Field",
            "reference": {
                "name": "fields",
                "type": "array"
            },
            "codeClass": null,
            "userConfig": {
                "name": "surat_model_sub"
            },
            "name": "MyField1642",
            "designerId": "0e334af7-3eaf-4fe2-8e5c-daca4341cbcf"
        },
        {
            "type": "Ext.data.Field",
            "reference": {
                "name": "fields",
                "type": "array"
            },
            "codeClass": null,
            "userConfig": {
                "name": "surat_itipe"
            },
            "name": "MyField430",
            "designerId": "7e8886fb-99a7-4a48-ab47-8d6c4f4cfcd4"
        },
        {
            "type": "Ext.data.Field",
            "reference": {
                "name": "fields",
                "type": "array"
            },
            "codeClass": null,
            "userConfig": {
                "name": "surat_registrasi"
            },
            "name": "MyField433",
            "designerId": "a467dd1e-4a07-4117-87bc-375c20471e93"
        },
        {
            "type": "Ext.data.Field",
            "reference": {
                "name": "fields",
                "type": "array"
            },
            "codeClass": null,
            "userConfig": {
                "name": "surat_nomor"
            },
            "name": "MyField434",
            "designerId": "f98ae78e-6e1b-4ae2-9dac-cc3384a380ac"
        },
        {
            "type": "Ext.data.Field",
            "reference": {
                "name": "fields",
                "type": "array"
            },
            "codeClass": null,
            "userConfig": {
                "name": "surat_agenda"
            },
            "name": "MyField435",
            "designerId": "79a48275-4001-455e-9492-4d71b3354000"
        },
        {
            "type": "Ext.data.Field",
            "reference": {
                "name": "fields",
                "type": "array"
            },
            "codeClass": null,
            "userConfig": {
                "name": "surat_agenda_sub"
            },
            "name": "MyField436",
            "designerId": "02d0897a-4f21-4d19-a7be-70a37c8a6924"
        },
        {
            "type": "Ext.data.Field",
            "reference": {
                "name": "fields",
                "type": "array"
            },
            "codeClass": null,
            "userConfig": {
                "name": "surat_tanggal",
                "type": "date"
            },
            "name": "MyField465",
            "designerId": "84aafdf4-fbe6-492f-b786-029ec233caad"
        },
        {
            "type": "Ext.data.Field",
            "reference": {
                "name": "fields",
                "type": "array"
            },
            "codeClass": null,
            "userConfig": {
                "name": "surat_perihal"
            },
            "name": "MyField466",
            "designerId": "fac71f3c-ccf8-4b5c-a5c4-ccda0f65956b"
        },
        {
            "type": "Ext.data.Field",
            "reference": {
                "name": "fields",
                "type": "array"
            },
            "codeClass": null,
            "userConfig": {
                "name": "surat_pengirim"
            },
            "name": "MyField467",
            "designerId": "47654fb7-1f70-4e32-a516-fa8332e9c312"
        },
        {
            "type": "Ext.data.Field",
            "reference": {
                "name": "fields",
                "type": "array"
            },
            "codeClass": null,
            "userConfig": {
                "name": "surat_tujuan"
            },
            "name": "MyField470",
            "designerId": "ea653219-1bd5-47c2-bef2-6cefc2b95899"
        },
        {
            "type": "Ext.data.Field",
            "reference": {
                "name": "fields",
                "type": "array"
            },
            "codeClass": null,
            "userConfig": {
                "name": "surat_lampiran"
            },
            "name": "MyField477",
            "designerId": "2a2846a5-c1ee-4b91-a37d-4176e5241adf"
        },
        {
            "type": "Ext.data.Field",
            "reference": {
                "name": "fields",
                "type": "array"
            },
            "codeClass": null,
            "userConfig": {
                "name": "surat_lampiran_sub"
            },
            "name": "MyField479",
            "designerId": "c18d34ee-2e6a-4b09-8113-5964e6c968dc"
        },
        {
            "type": "Ext.data.Field",
            "reference": {
                "name": "fields",
                "type": "array"
            },
            "codeClass": null,
            "userConfig": {
                "name": "surat_usesetuju"
            },
            "name": "MyField504",
            "designerId": "96363917-8272-43fe-b66e-a0de3e7224ae"
        },
        {
            "type": "Ext.data.Field",
            "reference": {
                "name": "fields",
                "type": "array"
            },
            "codeClass": null,
            "userConfig": {
                "name": "surat_ringkasan"
            },
            "name": "MyField505",
            "designerId": "edcca753-5f12-4cd6-8e89-b30480f36f08"
        },
        {
            "type": "Ext.data.Field",
            "reference": {
                "name": "fields",
                "type": "array"
            },
            "codeClass": null,
            "userConfig": {
                "name": "surat_catatan"
            },
            "name": "MyField506",
            "designerId": "1649c1ff-78e4-4393-882d-e438bf66a30c"
        },
        {
            "type": "Ext.data.Field",
            "reference": {
                "name": "fields",
                "type": "array"
            },
            "codeClass": null,
            "userConfig": {
                "name": "surat_unit"
            },
            "name": "MyField511",
            "designerId": "27f49f74-45d8-4402-b715-2803726d05a8"
        },
        {
            "type": "Ext.data.Field",
            "reference": {
                "name": "fields",
                "type": "array"
            },
            "codeClass": null,
            "userConfig": {
                "name": "surat_setuju_isurut"
            },
            "name": "MyField512",
            "designerId": "ad6c2a8a-54f7-470c-95cf-469b820a774f"
        },
        {
            "type": "Ext.data.Field",
            "reference": {
                "name": "fields",
                "type": "array"
            },
            "codeClass": null,
            "userConfig": {
                "name": "surat_setuju_komentar"
            },
            "name": "MyField513",
            "designerId": "e269872b-03c9-4e3c-bbb0-fb1f4140b2fa"
        },
        {
            "type": "Ext.data.Field",
            "reference": {
                "name": "fields",
                "type": "array"
            },
            "codeClass": null,
            "userConfig": {
                "name": "surat_setuju"
            },
            "name": "MyField514",
            "designerId": "87102729-d0dc-439f-bc3e-810a73990866"
        },
        {
            "type": "Ext.data.Field",
            "reference": {
                "name": "fields",
                "type": "array"
            },
            "codeClass": null,
            "userConfig": {
                "name": "surat_setuju_staf"
            },
            "name": "MyField515",
            "designerId": "5704c8f3-275f-4d0b-911b-d3439b010b96"
        },
        {
            "type": "Ext.data.Field",
            "reference": {
                "name": "fields",
                "type": "array"
            },
            "codeClass": null,
            "userConfig": {
                "name": "surat_setuju_profil"
            },
            "name": "MyField1549",
            "designerId": "55894790-3527-4606-af0f-640a4e1ea2cc"
        },
        {
            "type": "Ext.data.Field",
            "reference": {
                "name": "fields",
                "type": "array"
            },
            "codeClass": null,
            "userConfig": {
                "name": "surat_setuju_tgl"
            },
            "name": "MyField516",
            "designerId": "9313ced6-2178-42bc-8b3d-37c48205fa80"
        },
        {
            "type": "Ext.data.Field",
            "reference": {
                "name": "fields",
                "type": "array"
            },
            "codeClass": null,
            "userConfig": {
                "name": "surat_distribusi_staf"
            },
            "name": "MyField517",
            "designerId": "fd98f16f-3e1b-4b59-90c8-f684bc0f00eb"
        },
        {
            "type": "Ext.data.Field",
            "reference": {
                "name": "fields",
                "type": "array"
            },
            "codeClass": null,
            "userConfig": {
                "name": "surat_distribusi_profil"
            },
            "name": "MyField1550",
            "designerId": "5ad033bb-d6be-4eb7-9db5-6b86386c445b"
        },
        {
            "type": "Ext.data.Field",
            "reference": {
                "name": "fields",
                "type": "array"
            },
            "codeClass": null,
            "userConfig": {
                "name": "surat_distribusi_tgl"
            },
            "name": "MyField518",
            "designerId": "9126f908-f78c-4b7f-befa-4a5c4022b64b"
        },
        {
            "type": "Ext.data.Field",
            "reference": {
                "name": "fields",
                "type": "array"
            },
            "codeClass": null,
            "userConfig": {
                "name": "surat_selesai_staf"
            },
            "name": "MyField521",
            "designerId": "0e92f1ba-e536-40ba-a156-8c4e29778fd5"
        },
        {
            "type": "Ext.data.Field",
            "reference": {
                "name": "fields",
                "type": "array"
            },
            "codeClass": null,
            "userConfig": {
                "name": "surat_selesai_profil"
            },
            "name": "MyField1551",
            "designerId": "9915efff-2690-4078-b217-8734db3c9b40"
        },
        {
            "type": "Ext.data.Field",
            "reference": {
                "name": "fields",
                "type": "array"
            },
            "codeClass": null,
            "userConfig": {
                "name": "surat_selesai_tgl"
            },
            "name": "MyField523",
            "designerId": "c617ef5e-327c-46e3-9d26-718585d92705"
        },
        {
            "type": "Ext.data.Field",
            "reference": {
                "name": "fields",
                "type": "array"
            },
            "codeClass": null,
            "userConfig": {
                "name": "surat_terima_staf"
            },
            "name": "MyField524",
            "designerId": "7cb7a60b-5d66-41c5-9079-6e3338bff647"
        },
        {
            "type": "Ext.data.Field",
            "reference": {
                "name": "fields",
                "type": "array"
            },
            "codeClass": null,
            "userConfig": {
                "name": "surat_korespondensi"
            },
            "name": "MyField547",
            "designerId": "48c93cc5-4229-4ab0-9b7f-15e16449a2cf"
        },
        {
            "type": "Ext.data.Field",
            "reference": {
                "name": "fields",
                "type": "array"
            },
            "codeClass": null,
            "userConfig": {
                "name": "surat_korespondensi_surat"
            },
            "name": "MyField573",
            "designerId": "c52e968b-901b-414d-91da-16cadf3e9eb4"
        },
        {
            "type": "Ext.data.Field",
            "reference": {
                "name": "fields",
                "type": "array"
            },
            "codeClass": null,
            "userConfig": {
                "name": "surat_useretensi"
            },
            "name": "MyField588",
            "designerId": "c8ce824d-fda2-462a-b72e-aeac7d39ba3f"
        },
        {
            "type": "Ext.data.Field",
            "reference": {
                "name": "fields",
                "type": "array"
            },
            "codeClass": null,
            "userConfig": {
                "name": "surat_retensi_tgl"
            },
            "name": "MyField589",
            "designerId": "413813f1-ebb0-4d28-8558-7df608d1fc84"
        },
        {
            "type": "Ext.data.Field",
            "reference": {
                "name": "fields",
                "type": "array"
            },
            "codeClass": null,
            "userConfig": {
                "name": "surat_prioritas"
            },
            "name": "MyField590",
            "designerId": "06cf47af-69d3-4fdc-8e22-4c7bcf692115"
        },
        {
            "type": "Ext.data.Field",
            "reference": {
                "name": "fields",
                "type": "array"
            },
            "codeClass": null,
            "userConfig": {
                "name": "surat_kelas"
            },
            "name": "MyField591",
            "designerId": "29cd91b7-b139-4035-93c1-cbc07b53cf19"
        },
        {
            "type": "Ext.data.Field",
            "reference": {
                "name": "fields",
                "type": "array"
            },
            "codeClass": null,
            "userConfig": {
                "name": "surat_lokasi"
            },
            "name": "MyField673",
            "designerId": "d28de15b-3f10-4a9b-9b5a-545714e30813"
        },
        {
            "type": "Ext.data.Field",
            "reference": {
                "name": "fields",
                "type": "array"
            },
            "codeClass": null,
            "userConfig": {
                "name": "surat_jenis"
            },
            "name": "MyField674",
            "designerId": "10afdb55-8a4c-4bea-9868-0bcb696036be"
        },
        {
            "type": "Ext.data.Field",
            "reference": {
                "name": "fields",
                "type": "array"
            },
            "codeClass": null,
            "userConfig": {
                "name": "surat_media"
            },
            "name": "MyField675",
            "designerId": "3fb5d693-8f91-47f0-b0ac-0f1d0de14b2e"
        },
        {
            "type": "Ext.data.Field",
            "reference": {
                "name": "fields",
                "type": "array"
            },
            "codeClass": null,
            "userConfig": {
                "name": "surat_sifat"
            },
            "name": "MyField676",
            "designerId": "955e5e25-c094-41da-bd37-f1aa0151c620"
        },
        {
            "type": "Ext.data.Field",
            "reference": {
                "name": "fields",
                "type": "array"
            },
            "codeClass": null,
            "userConfig": {
                "name": "surat_sla"
            },
            "name": "MyField677",
            "designerId": "11f23d48-d6d8-4abc-9b40-20bda02e356e"
        },
        {
            "type": "Ext.data.Field",
            "reference": {
                "name": "fields",
                "type": "array"
            },
            "codeClass": null,
            "userConfig": {
                "name": "surat_usesla"
            },
            "name": "MyField681",
            "designerId": "40dacdbc-3b79-4b55-ad20-afe8232ba302"
        },
        {
            "type": "Ext.data.Field",
            "reference": {
                "name": "fields",
                "type": "array"
            },
            "codeClass": null,
            "userConfig": {
                "name": "surat_israhasia"
            },
            "name": "MyField682",
            "designerId": "dd432224-d8f7-4122-b2b6-d7b89c472563"
        },
        {
            "type": "Ext.data.Field",
            "reference": {
                "name": "fields",
                "type": "array"
            },
            "codeClass": null,
            "userConfig": {
                "name": "surat_properti"
            },
            "name": "MyField683",
            "designerId": "ae87d2c9-e62c-41d1-9710-f006d48e7635"
        },
        {
            "type": "Ext.data.Field",
            "reference": {
                "name": "fields",
                "type": "array"
            },
            "codeClass": null,
            "userConfig": {
                "name": "surat_ekspedisi"
            },
            "name": "MyField684",
            "designerId": "eeebd872-1e90-4d61-8044-8fb2959ac598"
        },
        {
            "type": "Ext.data.Field",
            "reference": {
                "name": "fields",
                "type": "array"
            },
            "codeClass": null,
            "userConfig": {
                "name": "surat_ekspedisi_tgl",
                "type": "date"
            },
            "name": "MyField1292",
            "designerId": "f8c8129a-57ee-4d63-b199-de65e9e74f69"
        },
        {
            "type": "Ext.data.Field",
            "reference": {
                "name": "fields",
                "type": "array"
            },
            "codeClass": null,
            "userConfig": {
                "name": "staf_id"
            },
            "name": "MyField685",
            "designerId": "fce690bd-2a82-4ffc-8e86-3d6e9945a0f4"
        },
        {
            "type": "Ext.data.Field",
            "reference": {
                "name": "fields",
                "type": "array"
            },
            "codeClass": null,
            "userConfig": {
                "name": "staf_peran"
            },
            "name": "MyField686",
            "designerId": "772abbe6-1126-4503-9589-c636620d05ce"
        },
        {
            "type": "Ext.data.Field",
            "reference": {
                "name": "fields",
                "type": "array"
            },
            "codeClass": null,
            "userConfig": {
                "name": "staf_akun"
            },
            "name": "MyField687",
            "designerId": "0b7b501e-9728-4b96-a536-b99b5178fafb"
        },
        {
            "type": "Ext.data.Field",
            "reference": {
                "name": "fields",
                "type": "array"
            },
            "codeClass": null,
            "userConfig": {
                "name": "staf_kode"
            },
            "name": "MyField688",
            "designerId": "bc937d2f-9fe6-4693-99fc-6b124fb4c7e1"
        },
        {
            "type": "Ext.data.Field",
            "reference": {
                "name": "fields",
                "type": "array"
            },
            "codeClass": null,
            "userConfig": {
                "name": "staf_nama"
            },
            "name": "MyField689",
            "designerId": "f8383c54-069c-4b5e-bf62-f1c15578cd57"
        },
        {
            "type": "Ext.data.Field",
            "reference": {
                "name": "fields",
                "type": "array"
            },
            "codeClass": null,
            "userConfig": {
                "name": "staf_kelamin"
            },
            "name": "MyField690",
            "designerId": "e7cf6953-406c-43ec-99cd-6aa14c12ed0b"
        },
        {
            "type": "Ext.data.Field",
            "reference": {
                "name": "fields",
                "type": "array"
            },
            "codeClass": null,
            "userConfig": {
                "name": "staf_isaktif"
            },
            "name": "MyField691",
            "designerId": "6dfcc15e-98d2-4cbf-bd5d-cb356d009d00"
        },
        {
            "type": "Ext.data.Field",
            "reference": {
                "name": "fields",
                "type": "array"
            },
            "codeClass": null,
            "userConfig": {
                "name": "staf_unit"
            },
            "name": "MyField692",
            "designerId": "5b59e8b8-8a6f-458b-a200-c2908483a1f4"
        },
        {
            "type": "Ext.data.Field",
            "reference": {
                "name": "fields",
                "type": "array"
            },
            "codeClass": null,
            "userConfig": {
                "name": "staf_jabatan"
            },
            "name": "MyField693",
            "designerId": "bb3fdc84-eaee-48d9-94af-03e11cc66fec"
        },
        {
            "type": "Ext.data.Field",
            "reference": {
                "name": "fields",
                "type": "array"
            },
            "codeClass": null,
            "userConfig": {
                "name": "staf_properti"
            },
            "name": "MyField694",
            "designerId": "602bbcb3-4ec9-4b5d-95f2-2a15c808e354"
        },
        {
            "type": "Ext.data.Field",
            "reference": {
                "name": "fields",
                "type": "array"
            },
            "codeClass": null,
            "userConfig": {
                "name": "ekspedisi_id"
            },
            "name": "MyField695",
            "designerId": "0f8b2bbe-78fa-4eeb-b3bd-599990ee5d26"
        },
        {
            "type": "Ext.data.Field",
            "reference": {
                "name": "fields",
                "type": "array"
            },
            "codeClass": null,
            "userConfig": {
                "name": "ekspedisi_nama"
            },
            "name": "MyField696",
            "designerId": "f13c32f7-f66d-4000-aeec-0b58e61e039f"
        },
        {
            "type": "Ext.data.Field",
            "reference": {
                "name": "fields",
                "type": "array"
            },
            "codeClass": null,
            "userConfig": {
                "name": "ekspedisi_kode"
            },
            "name": "MyField697",
            "designerId": "411b3ea4-2811-49e0-bc99-f7d9a16e55a2"
        },
        {
            "type": "Ext.data.Field",
            "reference": {
                "name": "fields",
                "type": "array"
            },
            "codeClass": null,
            "userConfig": {
                "name": "ekspedisi_isaktif"
            },
            "name": "MyField698",
            "designerId": "c24422a4-a512-444c-ab64-5308248cf368"
        },
        {
            "type": "Ext.data.Field",
            "reference": {
                "name": "fields",
                "type": "array"
            },
            "codeClass": null,
            "userConfig": {
                "name": "ekspedisi_properti"
            },
            "name": "MyField699",
            "designerId": "4b549b0d-acc4-488b-8401-e28b73903e2c"
        },
        {
            "type": "Ext.data.association.HasOne",
            "reference": {
                "name": "hasOne",
                "type": "object"
            },
            "codeClass": null,
            "userConfig": {
                "designer|displayName": "getSurat",
                "foreignKey": "surat_log_surat",
                "getterName": "getSurat",
                "model": "Sipas.Surat",
                "primaryKey": "surat_id",
                "setterName": "setSurat"
            },
            "name": "MyHasOneAssociation10",
            "designerId": "6213c46a-c9fd-4876-a4c3-924a995bd652"
        },
        {
            "type": "Ext.data.association.HasOne",
            "reference": {
                "name": "hasOne",
                "type": "object"
            },
            "codeClass": null,
            "userConfig": {
                "designer|displayName": "getEkspedisi",
                "foreignKey": "surat_log_ekspedisi",
                "getterName": "getEkspedisi",
                "model": "Sipas.Ekspedisi",
                "primaryKey": "ekspedisi_id",
                "setterName": "setEkspedisi"
            },
            "name": "MyHasOneAssociation14",
            "designerId": "0af445b9-3a3d-4d75-b148-56745dca0881"
        },
        {
            "type": "Ext.data.Field",
            "reference": {
                "name": "fields",
                "type": "array"
            },
            "codeClass": null,
            "userConfig": {
                "name": "surat_kepada"
            },
            "name": "MyField1077",
            "designerId": "c5c94c92-9673-4630-b8dc-b2a0e0feee3f"
        },
        {
            "type": "Ext.data.Field",
            "reference": {
                "name": "fields",
                "type": "array"
            },
            "codeClass": null,
            "userConfig": {
                "name": "unit_nama"
            },
            "name": "MyField1182",
            "designerId": "73b7e92f-5ef4-46e6-9503-f08a771f5aae"
        },
        {
            "type": "Ext.data.Field",
            "reference": {
                "name": "fields",
                "type": "array"
            },
            "codeClass": null,
            "userConfig": {
                "name": "jabatan_nama"
            },
            "name": "MyField1183",
            "designerId": "83104a10-df03-46e8-ac91-26a4b31c471e"
        },
        {
            "type": "Ext.data.Field",
            "reference": {
                "name": "fields",
                "type": "array"
            },
            "codeClass": null,
            "userConfig": {
                "name": "surat_useberkas",
                "type": "boolean"
            },
            "name": "MyField1574",
            "designerId": "62931ac5-faa2-4a9d-a388-3ca3b9c8ed4e"
        }
    ]
}