{
    "type": "Ext.data.Model",
    "reference": {
        "name": "items",
        "type": "array"
    },
    "codeClass": null,
    "userConfig": {
        "designer|userClassName": "Sipas.disposisi.perintah.Log",
        "idProperty": "disposisi_perintah_log_id"
    },
    "name": "Sipas.disposisi.masuk.Log1",
    "designerId": "462dc24f-637c-40ec-a65c-d5142ff56ae2",
    "cn": [
        {
            "type": "Ext.data.proxy.Ajax",
            "reference": {
                "name": "proxy",
                "type": "object"
            },
            "codeClass": null,
            "userConfig": {
                "api": [
                    "{",
                    "     create: \"server.php/sipas/disposisi_perintah_log/create\",",
                    "     read: \"server.php/sipas/disposisi_perintah_log/read\"",
                    "}"
                ]
            },
            "name": "MyAjaxProxy6",
            "designerId": "ef65a9f5-e42c-438c-ba79-0fa9a8f4ab20",
            "cn": [
                {
                    "type": "Ext.data.reader.Json",
                    "reference": {
                        "name": "reader",
                        "type": "object"
                    },
                    "codeClass": null,
                    "userConfig": {
                        "messageProperty": "message",
                        "record": null,
                        "root": "data"
                    },
                    "name": "MyJsonReader6",
                    "designerId": "0e464e84-b236-4583-b4f9-3d7410b88854"
                }
            ]
        },
        {
            "type": "Ext.data.Field",
            "reference": {
                "name": "fields",
                "type": "array"
            },
            "codeClass": null,
            "userConfig": {
                "name": "disposisi_perintah_log_id"
            },
            "name": "MyField44",
            "designerId": "f81091b8-a9c8-40fb-8177-eab6f662b0b5"
        },
        {
            "type": "Ext.data.Field",
            "reference": {
                "name": "fields",
                "type": "array"
            },
            "codeClass": null,
            "userConfig": {
                "name": "disposisi_perintah_log_disposisi"
            },
            "name": "MyField45",
            "designerId": "d9208d22-55a0-4f81-8640-272d6e84a1b5"
        },
        {
            "type": "Ext.data.Field",
            "reference": {
                "name": "fields",
                "type": "array"
            },
            "codeClass": null,
            "userConfig": {
                "name": "disposisi_perintah_log_perintah"
            },
            "name": "MyField46",
            "designerId": "2796c875-b1e2-4462-8662-1c41b07eef3e"
        },
        {
            "type": "Ext.data.Field",
            "reference": {
                "name": "fields",
                "type": "array"
            },
            "codeClass": null,
            "userConfig": {
                "name": "disposisi_perintah_log_pesan",
                "type": null
            },
            "name": "MyField47",
            "designerId": "3ff1980f-9e48-4b63-9a99-5ac3876099f7"
        },
        {
            "type": "Ext.data.Field",
            "reference": {
                "name": "fields",
                "type": "array"
            },
            "codeClass": null,
            "userConfig": {
                "name": "disposisi_perintah_log_staf",
                "type": null
            },
            "name": "MyField48",
            "designerId": "04e4f583-bc26-470b-b361-371c3845f835"
        },
        {
            "type": "Ext.data.Field",
            "reference": {
                "name": "fields",
                "type": "array"
            },
            "codeClass": null,
            "userConfig": {
                "name": "disposisi_perintah_log_tgl",
                "type": "date"
            },
            "name": "MyField3",
            "designerId": "41b00a14-311e-4d4c-a6e5-532e70144917"
        },
        {
            "type": "Ext.data.Field",
            "reference": {
                "name": "fields",
                "type": "array"
            },
            "codeClass": null,
            "userConfig": {
                "name": "perintah_id"
            },
            "name": "MyField964",
            "designerId": "f6db875a-1dae-454c-848b-365064738938"
        },
        {
            "type": "Ext.data.Field",
            "reference": {
                "name": "fields",
                "type": "array"
            },
            "codeClass": null,
            "userConfig": {
                "name": "perintah_kode"
            },
            "name": "MyField965",
            "designerId": "52d49608-a981-47be-93eb-e526e2426115"
        },
        {
            "type": "Ext.data.Field",
            "reference": {
                "name": "fields",
                "type": "array"
            },
            "codeClass": null,
            "userConfig": {
                "name": "perintah_nama"
            },
            "name": "MyField966",
            "designerId": "f0b14871-cd62-4e81-8523-8e0e995c321a"
        },
        {
            "type": "Ext.data.Field",
            "reference": {
                "name": "fields",
                "type": "array"
            },
            "codeClass": null,
            "userConfig": {
                "name": "staf_id"
            },
            "name": "MyField1516",
            "designerId": "f244ed2a-a902-480c-8c1c-648847eb1e06"
        },
        {
            "type": "Ext.data.Field",
            "reference": {
                "name": "fields",
                "type": "array"
            },
            "codeClass": null,
            "userConfig": {
                "name": "staf_nama"
            },
            "name": "MyField1532",
            "designerId": "40d4b77c-79bc-41c7-9700-130207e87f29"
        },
        {
            "type": "Ext.data.Field",
            "reference": {
                "name": "fields",
                "type": "array"
            },
            "codeClass": null,
            "userConfig": {
                "name": "staf_isaktif"
            },
            "name": "MyField1537",
            "designerId": "deec3d97-a325-4818-9cb3-32880a9e1443"
        },
        {
            "type": "Ext.data.Field",
            "reference": {
                "name": "fields",
                "type": "array"
            },
            "codeClass": null,
            "userConfig": {
                "name": "unit_nama"
            },
            "name": "MyField1541",
            "designerId": "8fb80edd-fed9-4cdc-985d-40e9316d01a8"
        },
        {
            "type": "Ext.data.Field",
            "reference": {
                "name": "fields",
                "type": "array"
            },
            "codeClass": null,
            "userConfig": {
                "name": "jabatan_nama"
            },
            "name": "MyField1542",
            "designerId": "793a2ec8-1670-4def-843f-04ef26d0a39d"
        },
        {
            "type": "Ext.data.association.HasOne",
            "reference": {
                "name": "hasOne",
                "type": "object"
            },
            "codeClass": null,
            "userConfig": {
                "designer|displayName": "getPerintah",
                "foreignKey": "disposisi_perintah_log_perintah",
                "getterName": "getPerintah",
                "model": "Sipas.Perintah",
                "primaryKey": "perintah_id",
                "setterName": "setPerintah"
            },
            "name": "MyHasOneAssociation45",
            "designerId": "e5354410-6c98-4373-bb92-831cede42fd8"
        }
    ]
}