Sencha Cmd 6.1.0.42 - Crash report
================================================
An error occurred while executing the following command: build app

Diagnostic information:
=======================
                      app.bootstrap.base : Y:\timah-pangkalpinang\master\v5.22-master\webapp\src
                           app.classpath : Y:\timah-pangkalpinang\master\v5.22-master\webapp\src/app,Y:\timah-pangkalpinang\master\v5.22-master\webapp\src/app.js,Y:\timah-pangkalpinang\master\v5.22-master\webapp\src/resources/ux
                         app.cmd.version : 6.1.0.42                                          
                          app.config.dir : Y:\timah-pangkalpinang\master\v5.22-master\webapp\src\.sencha\app
                                 app.dir : Y:\timah-pangkalpinang\master\v5.22-master\webapp\src
                           app.framework : ext                                               
                   app.framework.version : 4.2.1.883                                         
                                  app.id : 5767c018-4b9a-4c8e-9e69-e91c618889aa              
                       app.indexHtmlPath : index.html                                        
                                app.name : SIPAS                                             
                         app.output.base : Y:\timah-pangkalpinang\master\v5.22-master\webapp\src/build/${build.environment}/SIPAS
                           app.page.name : index.html                                        
                      app.requires.names :                                                   
                   app.requires.packages :                                                   
                      app.resource.paths : Y:\timah-pangkalpinang\master\v5.22-master\webapp\src/resources
                        app.sass.etcpath : Y:\timah-pangkalpinang\master\v5.22-master\webapp\src/sass/etc/all.scss
                      app.sass.namespace : SIPAS                                             
                        app.sass.srcpath : Y:\timah-pangkalpinang\master\v5.22-master\webapp\src/sass/src
                        app.sass.varpath : Y:\timah-pangkalpinang\master\v5.22-master\webapp\src/sass/var
        app.slicer.js.0.isWidgetManifest : true                                              
                    app.slicer.js.0.path : Y:\timah-pangkalpinang\master\v5.22-master\webapp\src/sass/example/custom.js
                    app.slicer.js.length : 1                                                 
         app.testing.output.cache.enable : false                                             
        app.testing.output.deltas.enable : false                                             
                               app.theme : ext-theme-neptune-fa386201-8ef7-4f03-be91-93322a152150
                        app.web.mappings : Y:\timah-pangkalpinang\master\v5.22-master\webapp\src
                            app.web.port : 1841                                              
                    buildenvironment.dir : Y:\timah-pangkalpinang\master\v5.22-master\webapp\src
               buildenvironment.load.dir : Y:\timah-pangkalpinang\master\v5.22-master\webapp\src
                      cmd.architect.mode : true                                              
                          cmd.config.dir : C:\Users\acer\bin\Sencha\Cmd\6.1.0.42             
                                 cmd.dir : C:\Users\acer\bin\Sencha\Cmd\6.1.0.42             
                    cmd.framework.minver : 4.2.0                                             
                   cmd.framework.version : 4.2.99.99999                                      
                            cmd.jvm.args : -Xms128m -Xmx1024m -Dapple.awt.UIElement=true     
              cmd.merge.tool.args.araxis : -wait -merge -3 -a1 {base} {user} {generated} {out}
              cmd.merge.tool.args.kdiff3 : {base} {user} {generated} -o {out}                
             cmd.merge.tool.args.p4merge : {base} {user} {generated} {out}                   
           cmd.merge.tool.args.smartsync : {user} {generated} {base}                         
          cmd.merge.tool.args.sourcegear : --merge --result={out} {user} {base} {generated}  
            cmd.merge.tool.args.tortoise : -base:{base} -theirs:{generated} -mine:{user} -merged:{out}
                              cmd.minver : 3.0.0.0                                           
                            cmd.platform : windows                                           
                         cmd.server.port : 1841                                              
                     cmd.unicode.escapes : C:\Users\acer\bin\Sencha\Cmd\6.1.0.42/unicode-escapes.json
                             cmd.version : 6.1.0.42                                          
                            cmd.web.port : 1841                                              
                     config.skipDownload : true                                              
                      config.skipInherit : false                                             
                     framework.classpath : Y:\timah-pangkalpinang\master\v5.22-master\webapp\src\ext/src
                    framework.cmd.minver : 3.1.0.206                                         
                   framework.cmd.version : 3.1.2.342                                         
                    framework.config.dir : C:\Users\acer\bin\Sencha\Cmd\6.1.0.42\plugins\ext\4.2
                           framework.dir : Y:\timah-pangkalpinang\master\v5.22-master\webapp\src\ext
                          framework.name : ext                                               
                  framework.packages.dir : Y:\timah-pangkalpinang\master\v5.22-master\webapp\src\ext/packages
                       framework.version : 4.2.1.883                                         
                       inspector.address : http://localhost:1839/                            
                          repo.local.dir : C:\Users\acer\bin\Sencha\Cmd\repo                 
        system.java.net.useSystemProxies : true                                              
                        theme.base.names : ext-theme-base,ext-theme-neutral,ext-theme-neptune,ext-theme-neptune-fa386201-8ef7-4f03-be91-93322a152150
                     theme.base.packages : Y:\timah-pangkalpinang\master\v5.22-master\webapp\src\ext\packages\ext-theme-base,Y:\timah-pangkalpinang\master\v5.22-master\webapp\src\ext\packages\ext-theme-neutral,Y:\timah-pangkalpinang\master\v5.22-master\webapp\src\ext\packages\ext-theme-neptune,Y:\timah-pangkalpinang\master\v5.22-master\webapp\src\packages\local\ext-theme-neptune-fa386201-8ef7-4f03-be91-93322a152150
                              theme.name : ext-theme-neptune-fa386201-8ef7-4f03-be91-93322a152150
                     workspace.build.dir : Y:\timah-pangkalpinang\master\v5.22-master\webapp\src/build
                   workspace.cmd.version : 6.1.0.42                                          
                    workspace.config.dir : Y:\timah-pangkalpinang\master\v5.22-master\webapp\src\.sencha\workspace
                           workspace.dir : Y:\timah-pangkalpinang\master\v5.22-master\webapp\src
           workspace.frameworks.ext.path : Y:\timah-pangkalpinang\master\v5.22-master\webapp\src\ext
                  workspace.packages.dir : Y:\timah-pangkalpinang\master\v5.22-master\webapp\src/packages/local,Y:\timah-pangkalpinang\master\v5.22-master\webapp\src/packages
              workspace.packages.extract : Y:\timah-pangkalpinang\master\v5.22-master\webapp\src/packages/remote
                     workspace.theme.dir : Y:\timah-pangkalpinang\master\v5.22-master\webapp\src/packages/local,Y:\timah-pangkalpinang\master\v5.22-master\webapp\src/packages/${args.themeName}

Exception information:
=======================
java.lang.NullPointerException
     at java.io.File.<init>(Unknown Source)
     at com.sencha.util.FileUtil.readFile(FileUtil.java:158)
     at com.sencha.tools.compiler.jsb.projects.JsbBuilder.processBuild(JsbBuilder.java:29)
     at com.sencha.command.build.JsbCommand.execute(JsbCommand.java:15)
     at sun.reflect.NativeMethodAccessorImpl.invoke0(Native Method)
     at sun.reflect.NativeMethodAccessorImpl.invoke(Unknown Source)
     at sun.reflect.DelegatingMethodAccessorImpl.invoke(Unknown Source)
     at java.lang.reflect.Method.invoke(Unknown Source)
     at com.sencha.util.MethodInvoker$Arguments.invoke(MethodInvoker.java:175)
     at com.sencha.cli.Command.dispatch(Command.java:43)
     at com.sencha.cli.Commands.dispatch(Commands.java:64)
     at com.sencha.command.Sencha.dispatch(Sencha.java:78)
     at com.sencha.command.Sencha.main(Sencha.java:146)

