2019-12-03 06:21:03 +0000  Initial pipeline context: <IDEDistributionProcessingPipelineContext: 0x7fd03b65e130; archive(resolved)='<IDEArchive: 0x7fd03b0f4430>', distributionTask(resolved)='2', distributionDestination(resolved)='1', distributionMethod(resolved)='<IDEDistributionMethodiOSEnterprise: 0x7fd054576cf0>', team(resolved)='<IDEProvisioningDisambiguatableBasicTeam: 0x7fd05265e490; teamID='2TY2R3QYJ3', teamName='TIMAH (PERSERO), PT TBK', teamType='Enterprise', username='ihya.maulia@pttimah.co.id', isFreeProvisioningTeam='0'>'>
	Chain (12, self inclusive):
	<IDEDistributionProcessingPipelineContext: 0x7fd03b65e130; archive = '<IDEArchive: 0x7fd03b0f4430>', distributionMethod='<IDEDistributionMethodiOSEnterprise: 0x7fd054576cf0>', team='<IDEProvisioningDisambiguatableBasicTeam: 0x7fd05265e490; teamID='2TY2R3QYJ3', teamName='TIMAH (PERSERO), PT TBK', teamType='Enterprise', username='ihya.maulia@pttimah.co.id', isFreeProvisioningTeam='0'>'>
	<IDEDistributionProcessingPipelineContext: 0x7fd03b2796b0; archive = '<IDEArchive: 0x7fd03b0f4430>', distributionMethod='<IDEDistributionMethodiOSEnterprise: 0x7fd054576cf0>', team='<IDEProvisioningDisambiguatableBasicTeam: 0x7fd05265e490; teamID='2TY2R3QYJ3', teamName='TIMAH (PERSERO), PT TBK', teamType='Enterprise', username='ihya.maulia@pttimah.co.id', isFreeProvisioningTeam='0'>'>
	<IDEDistributionContext: 0x7fd03c954cb0; archive = '<IDEArchive: 0x7fd03b0f4430>', distributionMethod='<IDEDistributionMethodiOSEnterprise: 0x7fd054576cf0>', team='<IDEProvisioningDisambiguatableBasicTeam: 0x7fd05265e490; teamID='2TY2R3QYJ3', teamName='TIMAH (PERSERO), PT TBK', teamType='Enterprise', username='ihya.maulia@pttimah.co.id', isFreeProvisioningTeam='0'>'>
	<IDEDistributionContext: 0x7fd03cb07c10; archive = '<IDEArchive: 0x7fd03b0f4430>', distributionMethod='<IDEDistributionMethodiOSEnterprise: 0x7fd054576cf0>', team='<IDEProvisioningDisambiguatableBasicTeam: 0x7fd05265e490; teamID='2TY2R3QYJ3', teamName='TIMAH (PERSERO), PT TBK', teamType='Enterprise', username='ihya.maulia@pttimah.co.id', isFreeProvisioningTeam='0'>'>
	<IDEDistributionContext: 0x7fd03b299850; archive = '<IDEArchive: 0x7fd03b0f4430>', distributionMethod='<IDEDistributionMethodiOSEnterprise: 0x7fd054576cf0>', team='<IDEProvisioningDisambiguatableBasicTeam: 0x7fd05265e490; teamID='2TY2R3QYJ3', teamName='TIMAH (PERSERO), PT TBK', teamType='Enterprise', username='ihya.maulia@pttimah.co.id', isFreeProvisioningTeam='0'>'>
	<IDEDistributionContext: 0x7fd03cb03870; archive = '<IDEArchive: 0x7fd03b0f4430>', distributionMethod='<IDEDistributionMethodiOSEnterprise: 0x7fd054576cf0>', team='<IDEProvisioningDisambiguatableBasicTeam: 0x7fd05265e490; teamID='2TY2R3QYJ3', teamName='TIMAH (PERSERO), PT TBK', teamType='Enterprise', username='ihya.maulia@pttimah.co.id', isFreeProvisioningTeam='0'>'>
	<IDEDistributionContext: 0x7fd0593bf9e0; archive = '<IDEArchive: 0x7fd03b0f4430>', distributionMethod='<IDEDistributionMethodiOSEnterprise: 0x7fd054576cf0>', team='<IDEProvisioningDisambiguatableBasicTeam: 0x7fd05265e490; teamID='2TY2R3QYJ3', teamName='TIMAH (PERSERO), PT TBK', teamType='Enterprise', username='ihya.maulia@pttimah.co.id', isFreeProvisioningTeam='0'>'>
	<IDEDistributionContext: 0x7fd03bfa57e0; archive = '<IDEArchive: 0x7fd03b0f4430>', distributionMethod='<IDEDistributionMethodiOSEnterprise: 0x7fd054576cf0>', team='<IDEProvisioningDisambiguatableBasicTeam: 0x7fd05265e490; teamID='2TY2R3QYJ3', teamName='TIMAH (PERSERO), PT TBK', teamType='Enterprise', username='ihya.maulia@pttimah.co.id', isFreeProvisioningTeam='0'>'>
	<IDEDistributionContext: 0x7fd03b467e20; archive = '<IDEArchive: 0x7fd03b0f4430>', distributionMethod='<IDEDistributionMethodiOSEnterprise: 0x7fd054576cf0>', team='<IDEProvisioningDisambiguatableBasicTeam: 0x7fd05265e490; teamID='2TY2R3QYJ3', teamName='TIMAH (PERSERO), PT TBK', teamType='Enterprise', username='ihya.maulia@pttimah.co.id', isFreeProvisioningTeam='0'>'>
	<IDEDistributionContext: 0x7fd03c9bd9a0; archive = '<IDEArchive: 0x7fd03b0f4430>', distributionMethod='<IDEDistributionMethodiOSEnterprise: 0x7fd054576cf0>', team='(null)'>
	<IDEDistributionContext: 0x7fd03b29a6d0; archive = '<IDEArchive: 0x7fd03b0f4430>', distributionMethod='<IDEDistributionMethodiOSEnterprise: 0x7fd054576cf0>', team='(null)'>
	<IDEDistributionContext: 0x7fd03bcbaf40; archive = '<IDEArchive: 0x7fd03b0f4430>', distributionMethod='(null)', team='(null)'>
</IDEDistributionProcessingPipelineContext: 0x7fd03b65e130>
2019-12-03 06:21:03 +0000  Processing step: IDEDistributionCreateDestRootStep
2019-12-03 06:21:03 +0000  Processing step: IDEDistributionCopyItemStep
2019-12-03 06:21:03 +0000  Running /usr/bin/ditto '-V' '/Users/me/Library/Developer/Xcode/Archives/2019-12-03/TEO Timah 03-12-19 13.19.xcarchive/Products/Applications/TEO Timah.app' '/var/folders/cv/chb54v312_x_0ft1g5jnp9zr0000gn/T/XcodeDistPipeline.VPV/Root/Payload/TEO Timah.app'
2019-12-03 06:21:03 +0000  >>> Copying /Users/me/Library/Developer/Xcode/Archives/2019-12-03/TEO Timah 03-12-19 13.19.xcarchive/Products/Applications/TEO Timah.app 
2019-12-03 06:21:03 +0000  copying file ./_CodeSignature/CodeResources ... 
2019-12-03 06:21:03 +0000  79717 bytes for ./_CodeSignature/CodeResources
2019-12-03 06:21:03 +0000  copying file ./scannerOverlay.nib ... 
2019-12-03 06:21:03 +0000  1462 bytes for ./scannerOverlay.nib
2019-12-03 06:21:03 +0000  copying file ./LaunchImage-1100-Portrait-2436h@3x.png ... 
2019-12-03 06:21:03 +0000  89590 bytes for ./LaunchImage-1100-Portrait-2436h@3x.png
copying file ./LaunchImage@2x.png ... 
2019-12-03 06:21:03 +0000  44963 bytes for ./LaunchImage@2x.png
2019-12-03 06:21:03 +0000  copying file ./AppIcon20x20@2x.png ... 
2019-12-03 06:21:03 +0000  3075 bytes for ./AppIcon20x20@2x.png
2019-12-03 06:21:03 +0000  copying file ./MainViewController.nib ... 
2019-12-03 06:21:03 +0000  943 bytes for ./MainViewController.nib
2019-12-03 06:21:03 +0000  copying file ./AppIcon57x57.png ... 
2019-12-03 06:21:03 +0000  4794 bytes for ./AppIcon57x57.png
2019-12-03 06:21:03 +0000  copying file ./AppIcon20x20@3x.png ... 
2019-12-03 06:21:03 +0000  5013 bytes for ./AppIcon20x20@3x.png
2019-12-03 06:21:03 +0000  copying file ./AppIcon29x29.png ... 
2019-12-03 06:21:03 +0000  2044 bytes for ./AppIcon29x29.png
2019-12-03 06:21:03 +0000  copying file ./TEO Timah ... 
2019-12-03 06:21:03 +0000  4933904 bytes for ./TEO Timah
copying file ./LaunchImage-568h@2x.png ... 
2019-12-03 06:21:03 +0000  55543 bytes for ./LaunchImage-568h@2x.png
copying file ./ELCAlbumPickerController.nib ... 
1455 bytes for ./ELCAlbumPickerController.nib
copying file ./AppIcon60x60@2x.png ... 
12677 bytes for ./AppIcon60x60@2x.png
copying file ./AppIcon72x72@2x~ipad.png ... 
16140 bytes for ./AppIcon72x72@2x~ipad.png
copying file ./AppIcon29x29@2x.png ... 
4980 bytes for ./AppIcon29x29@2x.png
copying file ./LaunchImage-1100-Landscape-2436h@3x.png ... 
74595 bytes for ./LaunchImage-1100-Landscape-2436h@3x.png
copying file ./LaunchImage-800-667h@2x.png ... 
42242 bytes for ./LaunchImage-800-667h@2x.png
copying file ./LaunchImage-Portrait@2x~ipad.png ... 
238431 bytes for ./LaunchImage-Portrait@2x~ipad.png
copying file ./AppIcon40x40@3x.png ... 
12677 bytes for ./AppIcon40x40@3x.png
copying file ./AppIcon57x57@2x.png ... 
12028 bytes for ./AppIcon57x57@2x.png
copying file ./AppIcon29x29~ipad.png ... 
2044 bytes for ./AppIcon29x29~ipad.png
copying file ./AppIcon40x40@2x.png ... 
7485 bytes for ./AppIcon40x40@2x.png
copying file ./LaunchImage-Portrait~ipad.png ... 
63613 bytes for ./LaunchImage-Portrait~ipad.png
copying file ./AppIcon29x29@3x.png ... 
8437 bytes for ./AppIcon29x29@3x.png
copying file ./GoogleService-Info.plist ... 
866 bytes for ./GoogleService-Info.plist
copying file ./AppIcon60x60@3x.png ... 
21119 bytes for ./AppIcon60x60@3x.png
copying file ./config.xml ... 
6066 bytes for ./config.xml
copying file ./www/rule.json ... 
46939 bytes for ./www/rule.json
copying file ./www/runtime.json ... 
1035 bytes for ./www/runtime.json
copying file ./www/index.html ... 
4370 bytes for ./www/index.html
copying file ./www/language.json ... 
9747 bytes for ./www/language.json
copying file ./www/CHANGELOG.md ... 
1636 bytes for ./www/CHANGELOG.md
copying file ./www/cordova.js ... 
69846 bytes for ./www/cordova.js
2019-12-03 06:21:03 +0000  copying file ./www/plugins/cordova-plugin-certificates/www/certificate.js ... 
1909 bytes for ./www/plugins/cordova-plugin-certificates/www/certificate.js
copying file ./www/plugins/cordova-plugin-fileopener/www/FileOpener.js ... 
396 bytes for ./www/plugins/cordova-plugin-fileopener/www/FileOpener.js
2019-12-03 06:21:03 +0000  copying file ./www/plugins/cordova-plugin-file/www/requestFileSystem.js ... 
2019-12-03 06:21:03 +0000  3244 bytes for ./www/plugins/cordova-plugin-file/www/requestFileSystem.js
2019-12-03 06:21:03 +0000  copying file ./www/plugins/cordova-plugin-file/www/DirectoryEntry.js ... 
2019-12-03 06:21:03 +0000  4681 bytes for ./www/plugins/cordova-plugin-file/www/DirectoryEntry.js
copying file ./www/plugins/cordova-plugin-file/www/FileSystem.js ... 
2019-12-03 06:21:03 +0000  1960 bytes for ./www/plugins/cordova-plugin-file/www/FileSystem.js
2019-12-03 06:21:03 +0000  copying file ./www/plugins/cordova-plugin-file/www/Flags.js ... 
2019-12-03 06:21:03 +0000  1336 bytes for ./www/plugins/cordova-plugin-file/www/Flags.js
2019-12-03 06:21:03 +0000  copying file ./www/plugins/cordova-plugin-file/www/fileSystemPaths.js ... 
2019-12-03 06:21:03 +0000  2548 bytes for ./www/plugins/cordova-plugin-file/www/fileSystemPaths.js
2019-12-03 06:21:03 +0000  copying file ./www/plugins/cordova-plugin-file/www/FileEntry.js ... 
2019-12-03 06:21:03 +0000  3423 bytes for ./www/plugins/cordova-plugin-file/www/FileEntry.js
2019-12-03 06:21:03 +0000  copying file ./www/plugins/cordova-plugin-file/www/fileSystems.js ... 
2019-12-03 06:21:03 +0000  1047 bytes for ./www/plugins/cordova-plugin-file/www/fileSystems.js
2019-12-03 06:21:03 +0000  copying file ./www/plugins/cordova-plugin-file/www/DirectoryReader.js ... 
2019-12-03 06:21:03 +0000  2724 bytes for ./www/plugins/cordova-plugin-file/www/DirectoryReader.js
2019-12-03 06:21:03 +0000  copying file ./www/plugins/cordova-plugin-file/www/Metadata.js ... 
2019-12-03 06:21:03 +0000  1488 bytes for ./www/plugins/cordova-plugin-file/www/Metadata.js
2019-12-03 06:21:03 +0000  copying file ./www/plugins/cordova-plugin-file/www/ios/FileSystem.js ... 
2019-12-03 06:21:03 +0000  1222 bytes for ./www/plugins/cordova-plugin-file/www/ios/FileSystem.js
2019-12-03 06:21:03 +0000  copying file ./www/plugins/cordova-plugin-file/www/browser/isChrome.js ... 
2019-12-03 06:21:03 +0000  1232 bytes for ./www/plugins/cordova-plugin-file/www/browser/isChrome.js
2019-12-03 06:21:03 +0000  copying file ./www/plugins/cordova-plugin-file/www/LocalFileSystem.js ... 
2019-12-03 06:21:03 +0000  957 bytes for ./www/plugins/cordova-plugin-file/www/LocalFileSystem.js
2019-12-03 06:21:03 +0000  copying file ./www/plugins/cordova-plugin-file/www/FileReader.js ... 
2019-12-03 06:21:03 +0000  10523 bytes for ./www/plugins/cordova-plugin-file/www/FileReader.js
2019-12-03 06:21:03 +0000  copying file ./www/plugins/cordova-plugin-file/www/fileSystems-roots.js ... 
2019-12-03 06:21:03 +0000  1598 bytes for ./www/plugins/cordova-plugin-file/www/fileSystems-roots.js
2019-12-03 06:21:03 +0000  copying file ./www/plugins/cordova-plugin-file/www/FileUploadOptions.js ... 
2019-12-03 06:21:03 +0000  1831 bytes for ./www/plugins/cordova-plugin-file/www/FileUploadOptions.js
2019-12-03 06:21:03 +0000  copying file ./www/plugins/cordova-plugin-file/www/FileWriter.js ... 
2019-12-03 06:21:03 +0000  10544 bytes for ./www/plugins/cordova-plugin-file/www/FileWriter.js
2019-12-03 06:21:03 +0000  copying file ./www/plugins/cordova-plugin-file/www/FileError.js ... 
2019-12-03 06:21:03 +0000  1483 bytes for ./www/plugins/cordova-plugin-file/www/FileError.js
copying file ./www/plugins/cordova-plugin-file/www/FileUploadResult.js ... 
2019-12-03 06:21:03 +0000  1111 bytes for ./www/plugins/cordova-plugin-file/www/FileUploadResult.js
2019-12-03 06:21:03 +0000  copying file ./www/plugins/cordova-plugin-file/www/ProgressEvent.js ... 
2019-12-03 06:21:03 +0000  2544 bytes for ./www/plugins/cordova-plugin-file/www/ProgressEvent.js
2019-12-03 06:21:03 +0000  copying file ./www/plugins/cordova-plugin-file/www/File.js ... 
2019-12-03 06:21:03 +0000  2714 bytes for ./www/plugins/cordova-plugin-file/www/File.js
2019-12-03 06:21:03 +0000  copying file ./www/plugins/cordova-plugin-file/www/resolveLocalFileSystemURI.js ... 
2019-12-03 06:21:03 +0000  4325 bytes for ./www/plugins/cordova-plugin-file/www/resolveLocalFileSystemURI.js
2019-12-03 06:21:03 +0000  copying file ./www/plugins/cordova-plugin-file/www/Entry.js ... 
2019-12-03 06:21:03 +0000  9869 bytes for ./www/plugins/cordova-plugin-file/www/Entry.js
2019-12-03 06:21:03 +0000  copying file ./www/plugins/cordova-plugin-spinner/www/spinner-plugin.js ... 
2019-12-03 06:21:03 +0000  1786 bytes for ./www/plugins/cordova-plugin-spinner/www/spinner-plugin.js
2019-12-03 06:21:03 +0000  copying file ./www/plugins/cordova-plugin-file-opener2/www/plugins.FileOpener2.js ... 
2019-12-03 06:21:03 +0000  2492 bytes for ./www/plugins/cordova-plugin-file-opener2/www/plugins.FileOpener2.js
2019-12-03 06:21:03 +0000  copying file ./www/plugins/cordova-plugin-fcm-ng/www/FCMPlugin.js ... 
2019-12-03 06:21:03 +0000  2061 bytes for ./www/plugins/cordova-plugin-fcm-ng/www/FCMPlugin.js
2019-12-03 06:21:03 +0000  copying file ./www/plugins/cordova-plugin-headercolor/www/HeaderColor.js ... 
2019-12-03 06:21:03 +0000  401 bytes for ./www/plugins/cordova-plugin-headercolor/www/HeaderColor.js
2019-12-03 06:21:03 +0000  copying file ./www/plugins/cordova-plugin-app-version/www/AppVersionPlugin.js ... 
2019-12-03 06:21:03 +0000  2276 bytes for ./www/plugins/cordova-plugin-app-version/www/AppVersionPlugin.js
2019-12-03 06:21:03 +0000  copying file ./www/plugins/cordova-plugin-inappbrowser/www/inappbrowser.js ... 
2019-12-03 06:21:03 +0000  4485 bytes for ./www/plugins/cordova-plugin-inappbrowser/www/inappbrowser.js
2019-12-03 06:21:03 +0000  copying file ./www/plugins/cordova-plugin-device/www/device.js ... 
2019-12-03 06:21:03 +0000  3070 bytes for ./www/plugins/cordova-plugin-device/www/device.js
2019-12-03 06:21:03 +0000  copying file ./www/plugins/cordova-sqlite-storage/www/SQLitePlugin.js ... 
2019-12-03 06:21:03 +0000  33721 bytes for ./www/plugins/cordova-sqlite-storage/www/SQLitePlugin.js
2019-12-03 06:21:03 +0000  copying file ./www/plugins/cordova-plugin-background-mode/www/background-mode.js ... 
2019-12-03 06:21:03 +0000  10931 bytes for ./www/plugins/cordova-plugin-background-mode/www/background-mode.js
2019-12-03 06:21:03 +0000  copying file ./www/plugins/cordova-plugin-native-spinner/www/SpinnerDialog.js ... 
2019-12-03 06:21:03 +0000  1094 bytes for ./www/plugins/cordova-plugin-native-spinner/www/SpinnerDialog.js
2019-12-03 06:21:03 +0000  copying file ./www/plugins/cordova-plugin-buildinfo/www/buildinfo.js ... 
2019-12-03 06:21:03 +0000  4081 bytes for ./www/plugins/cordova-plugin-buildinfo/www/buildinfo.js
2019-12-03 06:21:03 +0000  copying file ./www/plugins/cordova-plugin-file-transfer/www/FileTransferError.js ... 
2019-12-03 06:21:03 +0000  1488 bytes for ./www/plugins/cordova-plugin-file-transfer/www/FileTransferError.js
2019-12-03 06:21:03 +0000  copying file ./www/plugins/cordova-plugin-file-transfer/www/FileTransfer.js ... 
2019-12-03 06:21:03 +0000  8568 bytes for ./www/plugins/cordova-plugin-file-transfer/www/FileTransfer.js
2019-12-03 06:21:03 +0000  copying file ./www/plugins/cordova-plugin-badge/www/badge.js ... 
2019-12-03 06:21:03 +0000  8152 bytes for ./www/plugins/cordova-plugin-badge/www/badge.js
2019-12-03 06:21:03 +0000  copying file ./www/plugins/cordova-plugin-chrome-apps-common/events.js ... 
2019-12-03 06:21:03 +0000  1954 bytes for ./www/plugins/cordova-plugin-chrome-apps-common/events.js
2019-12-03 06:21:03 +0000  copying file ./www/plugins/cordova-plugin-chrome-apps-common/errors.js ... 
2019-12-03 06:21:03 +0000  1086 bytes for ./www/plugins/cordova-plugin-chrome-apps-common/errors.js
2019-12-03 06:21:03 +0000  copying file ./www/plugins/cordova-plugin-chrome-apps-common/helpers.js ... 
2019-12-03 06:21:03 +0000  2312 bytes for ./www/plugins/cordova-plugin-chrome-apps-common/helpers.js
2019-12-03 06:21:03 +0000  copying file ./www/plugins/cordova-plugin-chrome-apps-common/stubs.js ... 
2019-12-03 06:21:03 +0000  477 bytes for ./www/plugins/cordova-plugin-chrome-apps-common/stubs.js
2019-12-03 06:21:03 +0000  copying file ./www/plugins/cordova-plugin-background-fetch/www/BackgroundFetch.js ... 
2019-12-03 06:21:03 +0000  2617 bytes for ./www/plugins/cordova-plugin-background-fetch/www/BackgroundFetch.js
2019-12-03 06:21:03 +0000  copying file ./www/plugins/cordova-plugin-globalization/www/globalization.js ... 
2019-12-03 06:21:03 +0000  18085 bytes for ./www/plugins/cordova-plugin-globalization/www/globalization.js
2019-12-03 06:21:03 +0000  copying file ./www/plugins/cordova-plugin-globalization/www/GlobalizationError.js ... 
2019-12-03 06:21:03 +0000  1354 bytes for ./www/plugins/cordova-plugin-globalization/www/GlobalizationError.js
2019-12-03 06:21:03 +0000  copying file ./www/plugins/phonegap-plugin-barcodescanner/www/barcodescanner.js ... 
2019-12-03 06:21:03 +0000  5020 bytes for ./www/plugins/phonegap-plugin-barcodescanner/www/barcodescanner.js
2019-12-03 06:21:03 +0000  copying file ./www/plugins/cordova-plugin-network-information/www/Connection.js ... 
2019-12-03 06:21:03 +0000  1132 bytes for ./www/plugins/cordova-plugin-network-information/www/Connection.js
2019-12-03 06:21:03 +0000  copying file ./www/plugins/cordova-plugin-network-information/www/network.js ... 
2019-12-03 06:21:03 +0000  3369 bytes for ./www/plugins/cordova-plugin-network-information/www/network.js
2019-12-03 06:21:03 +0000  copying file ./www/plugins/cordova-plugin-image-picker/www/imagepicker.js ... 
2019-12-03 06:21:03 +0000  1294 bytes for ./www/plugins/cordova-plugin-image-picker/www/imagepicker.js
2019-12-03 06:21:03 +0000  copying file ./www/plugins/cordova-plugin-dialogs/www/notification.js ... 
2019-12-03 06:21:03 +0000  6013 bytes for ./www/plugins/cordova-plugin-dialogs/www/notification.js
2019-12-03 06:21:03 +0000  copying file ./www/plugins/cordova-plugin-camera/www/CameraPopoverOptions.js ... 
2019-12-03 06:21:03 +0000  2296 bytes for ./www/plugins/cordova-plugin-camera/www/CameraPopoverOptions.js
2019-12-03 06:21:03 +0000  copying file ./www/plugins/cordova-plugin-camera/www/ios/CameraPopoverHandle.js ... 
2019-12-03 06:21:03 +0000  2271 bytes for ./www/plugins/cordova-plugin-camera/www/ios/CameraPopoverHandle.js
2019-12-03 06:21:03 +0000  copying file ./www/plugins/cordova-plugin-camera/www/CameraConstants.js ... 
2019-12-03 06:21:03 +0000  3488 bytes for ./www/plugins/cordova-plugin-camera/www/CameraConstants.js
2019-12-03 06:21:03 +0000  copying file ./www/plugins/cordova-plugin-camera/www/Camera.js ... 
2019-12-03 06:21:03 +0000  7995 bytes for ./www/plugins/cordova-plugin-camera/www/Camera.js
2019-12-03 06:21:03 +0000  copying file ./www/plugins/net.ekuwang.cordova.plugin.statusbar/www/statusbar.js ... 
2019-12-03 06:21:03 +0000  1006 bytes for ./www/plugins/net.ekuwang.cordova.plugin.statusbar/www/statusbar.js
2019-12-03 06:21:03 +0000  copying file ./www/plugins/cordova-plugin-statusbar/www/statusbar.js ... 
2019-12-03 06:21:03 +0000  3376 bytes for ./www/plugins/cordova-plugin-statusbar/www/statusbar.js
2019-12-03 06:21:03 +0000  copying file ./www/plugins/cordova-plugin-chrome-apps-runtime/lib/CryptoJS/sha256.js ... 
2019-12-03 06:21:03 +0000  4797 bytes for ./www/plugins/cordova-plugin-chrome-apps-runtime/lib/CryptoJS/sha256.js
2019-12-03 06:21:03 +0000  copying file ./www/plugins/cordova-plugin-chrome-apps-runtime/lib/CryptoJS/enc-base64-min.js ... 
2019-12-03 06:21:03 +0000  1084 bytes for ./www/plugins/cordova-plugin-chrome-apps-runtime/lib/CryptoJS/enc-base64-min.js
2019-12-03 06:21:03 +0000  copying file ./www/plugins/cordova-plugin-chrome-apps-runtime/api/runtime.js ... 
2019-12-03 06:21:03 +0000  7515 bytes for ./www/plugins/cordova-plugin-chrome-apps-runtime/api/runtime.js
2019-12-03 06:21:03 +0000  copying file ./www/plugins/cordova-plugin-chrome-apps-runtime/api/app/runtime.js ... 
2019-12-03 06:21:03 +0000  436 bytes for ./www/plugins/cordova-plugin-chrome-apps-runtime/api/app/runtime.js
2019-12-03 06:21:03 +0000  copying file ./www/plugins/cordova-plugin-background-service/www/BackgroundService.js ... 
2019-12-03 06:21:03 +0000  2166 bytes for ./www/plugins/cordova-plugin-background-service/www/BackgroundService.js
2019-12-03 06:21:03 +0000  copying file ./www/plugins/cordova-plugin-chrome-apps-storage/storage.js ... 
2019-12-03 06:21:03 +0000  6440 bytes for ./www/plugins/cordova-plugin-chrome-apps-storage/storage.js
2019-12-03 06:21:03 +0000  copying file ./www/js/SpinnerDialog.js ... 
2019-12-03 06:21:03 +0000  990 bytes for ./www/js/SpinnerDialog.js
2019-12-03 06:21:03 +0000  copying file ./www/resources/css/cupertino-79825c63-be93-4952-be23-d0d011c339f2.css ... 
2019-12-03 06:21:03 +0000  397349 bytes for ./www/resources/css/cupertino-79825c63-be93-4952-be23-d0d011c339f2.css
2019-12-03 06:21:03 +0000  copying file ./www/resources/ionicons/css/ionicons.min.css ... 
46587 bytes for ./www/resources/ionicons/css/ionicons.min.css
copying file ./www/resources/ionicons/fonts/ionicons.eot ... 
2019-12-03 06:21:03 +0000  112650 bytes for ./www/resources/ionicons/fonts/ionicons.eot
2019-12-03 06:21:03 +0000  copying file ./www/resources/ionicons/fonts/ionicons.woff ... 
2019-12-03 06:21:03 +0000  65912 bytes for ./www/resources/ionicons/fonts/ionicons.woff
copying file ./www/resources/ionicons/fonts/ionicons.ttf ... 
2019-12-03 06:21:03 +0000  112472 bytes for ./www/resources/ionicons/fonts/ionicons.ttf
2019-12-03 06:21:03 +0000  copying file ./www/resources/ionicons/fonts/ionicons.svg ... 
2019-12-03 06:21:03 +0000  312749 bytes for ./www/resources/ionicons/fonts/ionicons.svg
2019-12-03 06:21:03 +0000  copying file ./www/resources/ionicons/fonts/ionicons.woff2 ... 
50632 bytes for ./www/resources/ionicons/fonts/ionicons.woff2
2019-12-03 06:21:03 +0000  copying file ./www/resources/img/icon.png ... 
2019-12-03 06:21:03 +0000  5947 bytes for ./www/resources/img/icon.png
2019-12-03 06:21:03 +0000  copying file ./www/resources/ux/SwipeTabs.js ... 
2019-12-03 06:21:03 +0000  2875 bytes for ./www/resources/ux/SwipeTabs.js
2019-12-03 06:21:03 +0000  copying file ./www/resources/ux/crypt/Base64.js ... 
2019-12-03 06:21:03 +0000  2095 bytes for ./www/resources/ux/crypt/Base64.js
2019-12-03 06:21:03 +0000  copying file ./www/resources/ux/crypt/MD5.js ... 
2019-12-03 06:21:03 +0000  5659 bytes for ./www/resources/ux/crypt/MD5.js
2019-12-03 06:21:03 +0000  copying file ./www/resources/ux/component/Manipulator.js ... 
2019-12-03 06:21:03 +0000  11614 bytes for ./www/resources/ux/component/Manipulator.js
2019-12-03 06:21:03 +0000  copying file ./www/resources/ux/component/ActivityMonitor.js ... 
2019-12-03 06:21:03 +0000  6068 bytes for ./www/resources/ux/component/ActivityMonitor.js
2019-12-03 06:21:03 +0000  copying file ./www/resources/ux/controller/Hasview.js ... 
2019-12-03 06:21:03 +0000  3463 bytes for ./www/resources/ux/controller/Hasview.js
2019-12-03 06:21:03 +0000  copying file ./www/resources/ux/controller/Template.js ... 
2019-12-03 06:21:03 +0000  1780 bytes for ./www/resources/ux/controller/Template.js
2019-12-03 06:21:03 +0000  copying file ./www/resources/ux/Ripple.js ... 
2019-12-03 06:21:03 +0000  1602 bytes for ./www/resources/ux/Ripple.js
2019-12-03 06:21:03 +0000  copying file ./www/resources/ux/ImageViewer.js ... 
2019-12-03 06:21:03 +0000  17760 bytes for ./www/resources/ux/ImageViewer.js
2019-12-03 06:21:03 +0000  copying file ./www/resources/ux/task/DelayedTaskRunner.js ... 
2019-12-03 06:21:03 +0000  2062 bytes for ./www/resources/ux/task/DelayedTaskRunner.js
2019-12-03 06:21:03 +0000  copying file ./www/resources/ux/PinchZoomImage.js ... 
2019-12-03 06:21:03 +0000  8640 bytes for ./www/resources/ux/PinchZoomImage.js
2019-12-03 06:21:03 +0000  copying file ./www/resources/ux/Transform.js ... 
2019-12-03 06:21:03 +0000  2305 bytes for ./www/resources/ux/Transform.js
2019-12-03 06:21:03 +0000  copying file ./www/resources/materialicons/material-icons.css ... 
2019-12-03 06:21:03 +0000  670 bytes for ./www/resources/materialicons/material-icons.css
2019-12-03 06:21:03 +0000  copying file ./www/resources/fonts/Roboto_700_italic.ttf ... 
2019-12-03 06:21:03 +0000  21176 bytes for ./www/resources/fonts/Roboto_700_italic.ttf
2019-12-03 06:21:03 +0000  copying file ./www/resources/fonts/Roboto_700_normal.ttf ... 
2019-12-03 06:21:03 +0000  32500 bytes for ./www/resources/fonts/Roboto_700_normal.ttf
2019-12-03 06:21:03 +0000  copying file ./www/resources/fonts/Roboto_100_normal.woff ... 
2019-12-03 06:21:03 +0000  18572 bytes for ./www/resources/fonts/Roboto_100_normal.woff
2019-12-03 06:21:03 +0000  copying file ./www/resources/fonts/Roboto_100_italic.ttf ... 
2019-12-03 06:21:03 +0000  21712 bytes for ./www/resources/fonts/Roboto_100_italic.ttf
2019-12-03 06:21:03 +0000  copying file ./www/resources/fonts/Roboto_500_normal.woff ... 
2019-12-03 06:21:03 +0000  18576 bytes for ./www/resources/fonts/Roboto_500_normal.woff
2019-12-03 06:21:03 +0000  copying file ./www/resources/fonts/Roboto_100_normal.ttf ... 
2019-12-03 06:21:03 +0000  20084 bytes for ./www/resources/fonts/Roboto_100_normal.ttf
2019-12-03 06:21:03 +0000  copying file ./www/resources/fonts/Roboto_400_italic.woff ... 
2019-12-03 06:21:03 +0000  19880 bytes for ./www/resources/fonts/Roboto_400_italic.woff
2019-12-03 06:21:03 +0000  copying file ./www/resources/fonts/Roboto_700_italic.woff ... 
2019-12-03 06:21:03 +0000  19460 bytes for ./www/resources/fonts/Roboto_700_italic.woff
2019-12-03 06:21:03 +0000  copying file ./www/resources/fonts/Roboto_300_italic.woff ... 
2019-12-03 06:21:03 +0000  20216 bytes for ./www/resources/fonts/Roboto_300_italic.woff
2019-12-03 06:21:03 +0000  copying file ./www/resources/fonts/Roboto_100_italic.woff ... 
2019-12-03 06:21:03 +0000  19840 bytes for ./www/resources/fonts/Roboto_100_italic.woff
2019-12-03 06:21:03 +0000  copying file ./www/resources/fonts/Roboto_500_italic.woff ... 
2019-12-03 06:21:03 +0000  19844 bytes for ./www/resources/fonts/Roboto_500_italic.woff
2019-12-03 06:21:03 +0000  copying file ./www/resources/fonts/Roboto_300_italic.ttf ... 
2019-12-03 06:21:03 +0000  21640 bytes for ./www/resources/fonts/Roboto_300_italic.ttf
2019-12-03 06:21:03 +0000  copying file ./www/resources/fonts/Roboto_400_normal.woff ... 
2019-12-03 06:21:03 +0000  18520 bytes for ./www/resources/fonts/Roboto_400_normal.woff
copying file ./www/resources/fonts/Roboto_400_italic.ttf ... 
2019-12-03 06:21:03 +0000  33404 bytes for ./www/resources/fonts/Roboto_400_italic.ttf
2019-12-03 06:21:03 +0000  copying file ./www/resources/fonts/fonts.css ... 
2019-12-03 06:21:03 +0000  3240 bytes for ./www/resources/fonts/fonts.css
2019-12-03 06:21:03 +0000  copying file ./www/resources/fonts/Roboto_300_normal.ttf ... 
2019-12-03 06:21:03 +0000  19908 bytes for ./www/resources/fonts/Roboto_300_normal.ttf
2019-12-03 06:21:03 +0000  copying file ./www/resources/fonts/Roboto_400_normal.ttf ... 
2019-12-03 06:21:03 +0000  19876 bytes for ./www/resources/fonts/Roboto_400_normal.ttf
2019-12-03 06:21:03 +0000  copying file ./www/resources/fonts/Roboto_500_italic.ttf ... 
2019-12-03 06:21:03 +0000  33868 bytes for ./www/resources/fonts/Roboto_500_italic.ttf
2019-12-03 06:21:03 +0000  copying file ./www/resources/fonts/Roboto_700_normal.woff ... 
2019-12-03 06:21:03 +0000  18568 bytes for ./www/resources/fonts/Roboto_700_normal.woff
2019-12-03 06:21:03 +0000  copying file ./www/resources/fonts/Roboto_500_normal.ttf ... 
2019-12-03 06:21:03 +0000  32580 bytes for ./www/resources/fonts/Roboto_500_normal.ttf
2019-12-03 06:21:03 +0000  copying file ./www/resources/fonts/Roboto_300_normal.woff ... 
2019-12-03 06:21:03 +0000  18520 bytes for ./www/resources/fonts/Roboto_300_normal.woff
2019-12-03 06:21:03 +0000  copying file ./www/resources/sipas/images.css ... 
2019-12-03 06:21:03 +0000  125090 bytes for ./www/resources/sipas/images.css
2019-12-03 06:21:03 +0000  copying file ./www/cordova-js-src/exec.js ... 
2019-12-03 06:21:03 +0000  8856 bytes for ./www/cordova-js-src/exec.js
2019-12-03 06:21:03 +0000  copying file ./www/cordova-js-src/plugin/ios/logger.js ... 
2019-12-03 06:21:03 +0000  10181 bytes for ./www/cordova-js-src/plugin/ios/logger.js
2019-12-03 06:21:03 +0000  copying file ./www/cordova-js-src/plugin/ios/console.js ... 
2019-12-03 06:21:03 +0000  6873 bytes for ./www/cordova-js-src/plugin/ios/console.js
2019-12-03 06:21:03 +0000  copying file ./www/cordova-js-src/platform.js ... 
2019-12-03 06:21:03 +0000  1168 bytes for ./www/cordova-js-src/platform.js
2019-12-03 06:21:03 +0000  copying file ./www/license.json ... 
2019-12-03 06:21:03 +0000  313345 bytes for ./www/license.json
2019-12-03 06:21:03 +0000  copying file ./www/cordova_plugins.js ... 
16359 bytes for ./www/cordova_plugins.js
2019-12-03 06:21:03 +0000  copying file ./www/backup/index.html ... 
2019-12-03 06:21:03 +0000  4370 bytes for ./www/backup/index.html
2019-12-03 06:21:03 +0000  copying file ./www/backup/19_app.js ... 
2019-12-03 06:21:04 +0000  2559217 bytes for ./www/backup/19_app.js
2019-12-03 06:21:04 +0000  copying file ./www/backup/resources/css/cupertino-79825c63-be93-4952-be23-d0d011c339f2.css ... 
396953 bytes for ./www/backup/resources/css/cupertino-79825c63-be93-4952-be23-d0d011c339f2.css
copying file ./www/backup/resources/ionicons/css/ionicons.min.css ... 
46587 bytes for ./www/backup/resources/ionicons/css/ionicons.min.css
copying file ./www/backup/resources/ionicons/fonts/ionicons.eot ... 
112650 bytes for ./www/backup/resources/ionicons/fonts/ionicons.eot
copying file ./www/backup/resources/ionicons/fonts/ionicons.woff ... 
65912 bytes for ./www/backup/resources/ionicons/fonts/ionicons.woff
copying file ./www/backup/resources/ionicons/fonts/ionicons.ttf ... 
112472 bytes for ./www/backup/resources/ionicons/fonts/ionicons.ttf
copying file ./www/backup/resources/ionicons/fonts/ionicons.svg ... 
312749 bytes for ./www/backup/resources/ionicons/fonts/ionicons.svg
copying file ./www/backup/resources/ionicons/fonts/ionicons.woff2 ... 
50632 bytes for ./www/backup/resources/ionicons/fonts/ionicons.woff2
copying file ./www/backup/resources/img/icon.png ... 
5947 bytes for ./www/backup/resources/img/icon.png
copying file ./www/backup/resources/ux/SwipeTabs.js ... 
2875 bytes for ./www/backup/resources/ux/SwipeTabs.js
copying file ./www/backup/resources/ux/crypt/Base64.js ... 
2019-12-03 06:21:04 +0000  2095 bytes for ./www/backup/resources/ux/crypt/Base64.js
copying file ./www/backup/resources/ux/crypt/MD5.js ... 
5659 bytes for ./www/backup/resources/ux/crypt/MD5.js
copying file ./www/backup/resources/ux/component/Manipulator.js ... 
11614 bytes for ./www/backup/resources/ux/component/Manipulator.js
copying file ./www/backup/resources/ux/component/ActivityMonitor.js ... 
6068 bytes for ./www/backup/resources/ux/component/ActivityMonitor.js
copying file ./www/backup/resources/ux/controller/Hasview.js ... 
2019-12-03 06:21:04 +0000  3463 bytes for ./www/backup/resources/ux/controller/Hasview.js
copying file ./www/backup/resources/ux/controller/Template.js ... 
2019-12-03 06:21:04 +0000  1780 bytes for ./www/backup/resources/ux/controller/Template.js
2019-12-03 06:21:04 +0000  copying file ./www/backup/resources/ux/Ripple.js ... 
2019-12-03 06:21:04 +0000  1602 bytes for ./www/backup/resources/ux/Ripple.js
2019-12-03 06:21:04 +0000  copying file ./www/backup/resources/ux/ImageViewer.js ... 
2019-12-03 06:21:04 +0000  17760 bytes for ./www/backup/resources/ux/ImageViewer.js
2019-12-03 06:21:04 +0000  copying file ./www/backup/resources/ux/task/DelayedTaskRunner.js ... 
2019-12-03 06:21:04 +0000  2062 bytes for ./www/backup/resources/ux/task/DelayedTaskRunner.js
2019-12-03 06:21:04 +0000  copying file ./www/backup/resources/ux/PinchZoomImage.js ... 
2019-12-03 06:21:04 +0000  8640 bytes for ./www/backup/resources/ux/PinchZoomImage.js
2019-12-03 06:21:04 +0000  copying file ./www/backup/resources/ux/Transform.js ... 
2019-12-03 06:21:04 +0000  2305 bytes for ./www/backup/resources/ux/Transform.js
2019-12-03 06:21:04 +0000  copying file ./www/backup/resources/materialicons/material-icons.css ... 
2019-12-03 06:21:04 +0000  670 bytes for ./www/backup/resources/materialicons/material-icons.css
2019-12-03 06:21:04 +0000  copying file ./www/backup/resources/fonts/Roboto_700_italic.ttf ... 
2019-12-03 06:21:04 +0000  21176 bytes for ./www/backup/resources/fonts/Roboto_700_italic.ttf
2019-12-03 06:21:04 +0000  copying file ./www/backup/resources/fonts/Roboto_700_normal.ttf ... 
2019-12-03 06:21:04 +0000  32500 bytes for ./www/backup/resources/fonts/Roboto_700_normal.ttf
2019-12-03 06:21:04 +0000  copying file ./www/backup/resources/fonts/Roboto_100_normal.woff ... 
2019-12-03 06:21:04 +0000  18572 bytes for ./www/backup/resources/fonts/Roboto_100_normal.woff
2019-12-03 06:21:04 +0000  copying file ./www/backup/resources/fonts/Roboto_100_italic.ttf ... 
2019-12-03 06:21:04 +0000  21712 bytes for ./www/backup/resources/fonts/Roboto_100_italic.ttf
2019-12-03 06:21:04 +0000  copying file ./www/backup/resources/fonts/Roboto_500_normal.woff ... 
2019-12-03 06:21:04 +0000  18576 bytes for ./www/backup/resources/fonts/Roboto_500_normal.woff
2019-12-03 06:21:04 +0000  copying file ./www/backup/resources/fonts/Roboto_100_normal.ttf ... 
2019-12-03 06:21:04 +0000  20084 bytes for ./www/backup/resources/fonts/Roboto_100_normal.ttf
copying file ./www/backup/resources/fonts/Roboto_400_italic.woff ... 
2019-12-03 06:21:04 +0000  19880 bytes for ./www/backup/resources/fonts/Roboto_400_italic.woff
2019-12-03 06:21:04 +0000  copying file ./www/backup/resources/fonts/Roboto_700_italic.woff ... 
2019-12-03 06:21:04 +0000  19460 bytes for ./www/backup/resources/fonts/Roboto_700_italic.woff
2019-12-03 06:21:04 +0000  copying file ./www/backup/resources/fonts/Roboto_300_italic.woff ... 
2019-12-03 06:21:04 +0000  20216 bytes for ./www/backup/resources/fonts/Roboto_300_italic.woff
2019-12-03 06:21:04 +0000  copying file ./www/backup/resources/fonts/Roboto_100_italic.woff ... 
2019-12-03 06:21:04 +0000  19840 bytes for ./www/backup/resources/fonts/Roboto_100_italic.woff
2019-12-03 06:21:04 +0000  copying file ./www/backup/resources/fonts/Roboto_500_italic.woff ... 
2019-12-03 06:21:04 +0000  19844 bytes for ./www/backup/resources/fonts/Roboto_500_italic.woff
2019-12-03 06:21:04 +0000  copying file ./www/backup/resources/fonts/Roboto_300_italic.ttf ... 
2019-12-03 06:21:04 +0000  21640 bytes for ./www/backup/resources/fonts/Roboto_300_italic.ttf
2019-12-03 06:21:04 +0000  copying file ./www/backup/resources/fonts/Roboto_400_normal.woff ... 
2019-12-03 06:21:04 +0000  18520 bytes for ./www/backup/resources/fonts/Roboto_400_normal.woff
2019-12-03 06:21:04 +0000  copying file ./www/backup/resources/fonts/Roboto_400_italic.ttf ... 
2019-12-03 06:21:04 +0000  33404 bytes for ./www/backup/resources/fonts/Roboto_400_italic.ttf
2019-12-03 06:21:04 +0000  copying file ./www/backup/resources/fonts/fonts.css ... 
2019-12-03 06:21:04 +0000  3240 bytes for ./www/backup/resources/fonts/fonts.css
2019-12-03 06:21:04 +0000  copying file ./www/backup/resources/fonts/Roboto_300_normal.ttf ... 
2019-12-03 06:21:04 +0000  19908 bytes for ./www/backup/resources/fonts/Roboto_300_normal.ttf
2019-12-03 06:21:04 +0000  copying file ./www/backup/resources/fonts/Roboto_400_normal.ttf ... 
2019-12-03 06:21:04 +0000  19876 bytes for ./www/backup/resources/fonts/Roboto_400_normal.ttf
2019-12-03 06:21:04 +0000  copying file ./www/backup/resources/fonts/Roboto_500_italic.ttf ... 
2019-12-03 06:21:04 +0000  33868 bytes for ./www/backup/resources/fonts/Roboto_500_italic.ttf
2019-12-03 06:21:04 +0000  copying file ./www/backup/resources/fonts/Roboto_700_normal.woff ... 
2019-12-03 06:21:04 +0000  18568 bytes for ./www/backup/resources/fonts/Roboto_700_normal.woff
2019-12-03 06:21:04 +0000  copying file ./www/backup/resources/fonts/Roboto_500_normal.ttf ... 
2019-12-03 06:21:04 +0000  32580 bytes for ./www/backup/resources/fonts/Roboto_500_normal.ttf
2019-12-03 06:21:04 +0000  copying file ./www/backup/resources/fonts/Roboto_300_normal.woff ... 
2019-12-03 06:21:04 +0000  18520 bytes for ./www/backup/resources/fonts/Roboto_300_normal.woff
2019-12-03 06:21:04 +0000  copying file ./www/backup/resources/sipas/images.css ... 
2019-12-03 06:21:04 +0000  125090 bytes for ./www/backup/resources/sipas/images.css
2019-12-03 06:21:04 +0000  copying file ./www/backup/26_app.js ... 
2019-12-03 06:21:04 +0000  1494120 bytes for ./www/backup/26_app.js
copying file ./www/backup/26app.js ... 
2019-12-03 06:21:04 +0000  1494253 bytes for ./www/backup/26app.js
copying file ./www/backup/app.js ... 
2019-12-03 06:21:04 +0000  4612205 bytes for ./www/backup/app.js
2019-12-03 06:21:04 +0000  copying file ./www/app.js ... 
2019-12-03 06:21:04 +0000  2562492 bytes for ./www/app.js
2019-12-03 06:21:04 +0000  copying file ./LaunchImage-Landscape~ipad.png ... 
68272 bytes for ./LaunchImage-Landscape~ipad.png
copying file ./appbeep.wav ... 
11968 bytes for ./appbeep.wav
copying file ./LaunchImage-700-Portrait~ipad.png ... 
63613 bytes for ./LaunchImage-700-Portrait~ipad.png
copying file ./ELCAssetPicker.nib ... 
1234 bytes for ./ELCAssetPicker.nib
copying file ./Assets.car ... 
532328 bytes for ./Assets.car
copying file ./AppIcon40x40@2x~ipad.png ... 
7485 bytes for ./AppIcon40x40@2x~ipad.png
copying file ./AppIcon76x76@2x~ipad.png ... 
17154 bytes for ./AppIcon76x76@2x~ipad.png
copying file ./LaunchImage-800-Portrait-736h@3x.png ... 
52727 bytes for ./LaunchImage-800-Portrait-736h@3x.png
copying file ./AppIcon72x72~ipad.png ... 
6542 bytes for ./AppIcon72x72~ipad.png
copying file ./CDVLaunchScreen.storyboardc/01J-lp-oVM-view-Ze5-6b-2t3.nib ... 
2284 bytes for ./CDVLaunchScreen.storyboardc/01J-lp-oVM-view-Ze5-6b-2t3.nib
copying file ./CDVLaunchScreen.storyboardc/UIViewController-01J-lp-oVM.nib ... 
832 bytes for ./CDVLaunchScreen.storyboardc/UIViewController-01J-lp-oVM.nib
copying file ./CDVLaunchScreen.storyboardc/Info.plist ... 
258 bytes for ./CDVLaunchScreen.storyboardc/Info.plist
copying file ./LaunchImage-700@2x.png ... 
44963 bytes for ./LaunchImage-700@2x.png
copying file ./AppIcon83.5x83.5@2x~ipad.png ... 
19343 bytes for ./AppIcon83.5x83.5@2x~ipad.png
copying file ./LaunchImage-700-568h@2x.png ... 
55543 bytes for ./LaunchImage-700-568h@2x.png
copying file ./LaunchImage-Landscape@2x~ipad.png ... 
2019-12-03 06:21:04 +0000  258594 bytes for ./LaunchImage-Landscape@2x~ipad.png
copying file ./CDVNotification.bundle/beep.wav ... 
8114 bytes for ./CDVNotification.bundle/beep.wav
copying file ./AppIcon50x50~ipad.png ... 
2019-12-03 06:21:04 +0000  3999 bytes for ./AppIcon50x50~ipad.png
2019-12-03 06:21:04 +0000  copying file ./Overlay.png ... 
2019-12-03 06:21:04 +0000  2885 bytes for ./Overlay.png
2019-12-03 06:21:04 +0000  copying file ./AppIcon29x29@2x~ipad.png ... 
2019-12-03 06:21:04 +0000  4980 bytes for ./AppIcon29x29@2x~ipad.png
copying file ./LaunchImage-700-Landscape@2x~ipad.png ... 
2019-12-03 06:21:04 +0000  258594 bytes for ./LaunchImage-700-Landscape@2x~ipad.png
2019-12-03 06:21:04 +0000  copying file ./ELCAssetTablePicker.nib ... 
2019-12-03 06:21:04 +0000  1476 bytes for ./ELCAssetTablePicker.nib
2019-12-03 06:21:04 +0000  copying file ./AppIcon50x50@2x~ipad.png ... 
2019-12-03 06:21:04 +0000  10139 bytes for ./AppIcon50x50@2x~ipad.png
2019-12-03 06:21:04 +0000  copying file ./AppIcon40x40~ipad.png ... 
2019-12-03 06:21:04 +0000  3075 bytes for ./AppIcon40x40~ipad.png
2019-12-03 06:21:04 +0000  copying file ./AppIcon20x20~ipad.png ... 
2019-12-03 06:21:04 +0000  1316 bytes for ./AppIcon20x20~ipad.png
copying file ./LaunchImage.png ... 
2019-12-03 06:21:04 +0000  16283 bytes for ./LaunchImage.png
2019-12-03 06:21:04 +0000  copying file ./embedded.mobileprovision ... 
2019-12-03 06:21:04 +0000  13770 bytes for ./embedded.mobileprovision
2019-12-03 06:21:04 +0000  copying file ./LaunchImage-800-Landscape-736h@3x.png ... 
2019-12-03 06:21:04 +0000  55178 bytes for ./LaunchImage-800-Landscape-736h@3x.png
2019-12-03 06:21:04 +0000  copying file ./LaunchImage-700-Portrait@2x~ipad.png ... 
2019-12-03 06:21:04 +0000  238431 bytes for ./LaunchImage-700-Portrait@2x~ipad.png
2019-12-03 06:21:04 +0000  copying file ./LaunchImage-700-Landscape~ipad.png ... 
68272 bytes for ./LaunchImage-700-Landscape~ipad.png
2019-12-03 06:21:04 +0000  copying file ./CDVBarcodeScanner.bundle/beep.caf ... 
2019-12-03 06:21:04 +0000  16020 bytes for ./CDVBarcodeScanner.bundle/beep.caf
2019-12-03 06:21:04 +0000  copying file ./CDVBarcodeScanner.bundle/torch.png ... 
2019-12-03 06:21:04 +0000  3173 bytes for ./CDVBarcodeScanner.bundle/torch.png
2019-12-03 06:21:04 +0000  copying file ./CDVBarcodeScanner.bundle/torch@2x.png ... 
2019-12-03 06:21:04 +0000  3687 bytes for ./CDVBarcodeScanner.bundle/torch@2x.png
2019-12-03 06:21:04 +0000  copying file ./CDVBarcodeScanner.bundle/torch@3x.png ... 
2019-12-03 06:21:04 +0000  4302 bytes for ./CDVBarcodeScanner.bundle/torch@3x.png
2019-12-03 06:21:04 +0000  copying file ./Overlay@2x.png ... 
2019-12-03 06:21:04 +0000  7359 bytes for ./Overlay@2x.png
2019-12-03 06:21:04 +0000  copying file ./AppIcon20x20@2x~ipad.png ... 
2019-12-03 06:21:04 +0000  3075 bytes for ./AppIcon20x20@2x~ipad.png
2019-12-03 06:21:04 +0000  copying file ./Info.plist ... 
2019-12-03 06:21:04 +0000  2501 bytes for ./Info.plist
2019-12-03 06:21:04 +0000  copying file ./PkgInfo ... 
2019-12-03 06:21:04 +0000  8 bytes for ./PkgInfo
2019-12-03 06:21:04 +0000  copying file ./AppIcon76x76~ipad.png ... 
2019-12-03 06:21:04 +0000  7166 bytes for ./AppIcon76x76~ipad.png
2019-12-03 06:21:04 +0000  /usr/bin/ditto exited with 0
2019-12-03 06:21:04 +0000  Processing step: IDEDistributionEmbedProfileStep
2019-12-03 06:21:04 +0000  Processing step: IDEDistributionAppThinningPlistStep
2019-12-03 06:21:04 +0000  Skipping step: IDEDistributionAppThinningPlistStep because it said so
2019-12-03 06:21:04 +0000  Processing step: IDEDistributionCompileBitcodeStep
2019-12-03 06:21:04 +0000  Skipping step: IDEDistributionCompileBitcodeStep because it said so
2019-12-03 06:21:04 +0000  Processing step: IDEDistributionCodeSlimmingStep
2019-12-03 06:21:04 +0000  Processing step: IDEDistributionCopyBCSymbolMapsStep
2019-12-03 06:21:04 +0000  Skipping step: IDEDistributionCopyBCSymbolMapsStep because it said so
2019-12-03 06:21:04 +0000  Processing step: IDEDistributionSymbolsStep
2019-12-03 06:21:04 +0000  Skipping step: IDEDistributionSymbolsStep because it said so
2019-12-03 06:21:04 +0000  Processing step: IDEDistributionAppThinningStep
2019-12-03 06:21:04 +0000  Skipping step: IDEDistributionAppThinningStep because it said so
2019-12-03 06:21:04 +0000  Processing step: IDEDistributionArchThinningStep
2019-12-03 06:21:04 +0000  Running /Applications/Xcode.app/Contents/Developer/Toolchains/XcodeDefault.xctoolchain/usr/bin/lipo '/var/folders/cv/chb54v312_x_0ft1g5jnp9zr0000gn/T/XcodeDistPipeline.VPV/Root/Payload/TEO Timah.app/TEO Timah' '-verify_arch' 'arm64e'
2019-12-03 06:21:04 +0000  /Applications/Xcode.app/Contents/Developer/Toolchains/XcodeDefault.xctoolchain/usr/bin/lipo exited with 1
2019-12-03 06:21:04 +0000  Skipping architecture thinning for item "TEO Timah" because arch "arm64e" wasn't found
2019-12-03 06:21:04 +0000  Processing step: IDEDistributionODRStep
2019-12-03 06:21:04 +0000  Processing step: IDEDistributionStripXattrsStep
2019-12-03 06:21:04 +0000  Running /usr/bin/xattr '-crs' '/var/folders/cv/chb54v312_x_0ft1g5jnp9zr0000gn/T/XcodeDistPipeline.VPV/Root/Payload/TEO Timah.app'
2019-12-03 06:21:04 +0000  /usr/bin/xattr exited with 0
2019-12-03 06:21:04 +0000  Processing step: IDEDistributionCodesignStep
2019-12-03 06:21:04 +0000  Entitlements for <IDEDistributionItem: 0x7fd03cbdbb80 'id.co.pttimah.teo.inhouse' '<DVTFilePath:0x7fd03b213680:'/Users/me/Library/Developer/Xcode/Archives/2019-12-03/TEO Timah 03-12-19 13.19.xcarchive/Products/Applications/TEO Timah.app'>'>: {
    "application-identifier" = "2TY2R3QYJ3.id.co.pttimah.teo.inhouse";
    "aps-environment" = production;
    "com.apple.developer.team-identifier" = 2TY2R3QYJ3;
    "get-task-allow" = 0;
}
2019-12-03 06:21:04 +0000  Writing entitlements for <IDEDistributionItem: 0x7fd03cbdbb80 'id.co.pttimah.teo.inhouse' '<DVTFilePath:0x7fd03b213680:'/Users/me/Library/Developer/Xcode/Archives/2019-12-03/TEO Timah 03-12-19 13.19.xcarchive/Products/Applications/TEO Timah.app'>'> to: /var/folders/cv/chb54v312_x_0ft1g5jnp9zr0000gn/T/XcodeDistPipeline.VPV/entitlementsv77CsB
2019-12-03 06:21:04 +0000  Running /usr/bin/codesign '-vvv' '--force' '--sign' '3A7F802B37774B12D21448F7611D8A3647989CB4' '--entitlements' '/var/folders/cv/chb54v312_x_0ft1g5jnp9zr0000gn/T/XcodeDistPipeline.VPV/entitlementsv77CsB' '--preserve-metadata=identifier,flags,runtime' '/var/folders/cv/chb54v312_x_0ft1g5jnp9zr0000gn/T/XcodeDistPipeline.VPV/Root/Payload/TEO Timah.app'
2019-12-03 06:21:04 +0000  /var/folders/cv/chb54v312_x_0ft1g5jnp9zr0000gn/T/XcodeDistPipeline.VPV/Root/Payload/TEO Timah.app: replacing existing signature
2019-12-03 06:21:04 +0000  /var/folders/cv/chb54v312_x_0ft1g5jnp9zr0000gn/T/XcodeDistPipeline.VPV/Root/Payload/TEO Timah.app: signed app bundle with Mach-O universal (armv7 arm64) [id.co.pttimah.teo.inhouse]
2019-12-03 06:21:04 +0000  /usr/bin/codesign exited with 0
2019-12-03 06:21:04 +0000  Processing step: IDEDistributionZipODRItemStep
2019-12-03 06:21:04 +0000  Skipping step: IDEDistributionZipODRItemStep because it said so
2019-12-03 06:21:04 +0000  Processing step: IDEDistributionCreateIPAStep
2019-12-03 06:21:04 +0000  Running /usr/bin/ditto '-V' '-c' '-k' '--norsrc' '/var/folders/cv/chb54v312_x_0ft1g5jnp9zr0000gn/T/XcodeDistPipeline.VPV/Root' '/var/folders/cv/chb54v312_x_0ft1g5jnp9zr0000gn/T/XcodeDistPipeline.VPV/Packages/TEO Timah.ipa'
2019-12-03 06:21:04 +0000  >>> Copying /var/folders/cv/chb54v312_x_0ft1g5jnp9zr0000gn/T/XcodeDistPipeline.VPV/Root 
2019-12-03 06:21:04 +0000  copying file ./Payload/TEO Timah.app/_CodeSignature/CodeResources ... 
2019-12-03 06:21:04 +0000  79717 bytes for ./Payload/TEO Timah.app/_CodeSignature/CodeResources
2019-12-03 06:21:04 +0000  copying file ./Payload/TEO Timah.app/scannerOverlay.nib ... 
2019-12-03 06:21:04 +0000  1462 bytes for ./Payload/TEO Timah.app/scannerOverlay.nib
2019-12-03 06:21:04 +0000  copying file ./Payload/TEO Timah.app/LaunchImage-1100-Portrait-2436h@3x.png ... 
2019-12-03 06:21:04 +0000  89590 bytes for ./Payload/TEO Timah.app/LaunchImage-1100-Portrait-2436h@3x.png
copying file ./Payload/TEO Timah.app/LaunchImage@2x.png ... 
2019-12-03 06:21:04 +0000  44963 bytes for ./Payload/TEO Timah.app/LaunchImage@2x.png
copying file ./Payload/TEO Timah.app/AppIcon20x20@2x.png ... 
2019-12-03 06:21:04 +0000  3075 bytes for ./Payload/TEO Timah.app/AppIcon20x20@2x.png
copying file ./Payload/TEO Timah.app/MainViewController.nib ... 
2019-12-03 06:21:04 +0000  943 bytes for ./Payload/TEO Timah.app/MainViewController.nib
2019-12-03 06:21:04 +0000  copying file ./Payload/TEO Timah.app/AppIcon57x57.png ... 
2019-12-03 06:21:04 +0000  4794 bytes for ./Payload/TEO Timah.app/AppIcon57x57.png
copying file ./Payload/TEO Timah.app/AppIcon20x20@3x.png ... 
2019-12-03 06:21:04 +0000  5013 bytes for ./Payload/TEO Timah.app/AppIcon20x20@3x.png
copying file ./Payload/TEO Timah.app/AppIcon29x29.png ... 
2019-12-03 06:21:04 +0000  2044 bytes for ./Payload/TEO Timah.app/AppIcon29x29.png
2019-12-03 06:21:04 +0000  copying file ./Payload/TEO Timah.app/TEO Timah ... 
2019-12-03 06:21:05 +0000  4933904 bytes for ./Payload/TEO Timah.app/TEO Timah
copying file ./Payload/TEO Timah.app/LaunchImage-568h@2x.png ... 
2019-12-03 06:21:05 +0000  55543 bytes for ./Payload/TEO Timah.app/LaunchImage-568h@2x.png
copying file ./Payload/TEO Timah.app/ELCAlbumPickerController.nib ... 
1455 bytes for ./Payload/TEO Timah.app/ELCAlbumPickerController.nib
copying file ./Payload/TEO Timah.app/AppIcon60x60@2x.png ... 
12677 bytes for ./Payload/TEO Timah.app/AppIcon60x60@2x.png
copying file ./Payload/TEO Timah.app/AppIcon72x72@2x~ipad.png ... 
16140 bytes for ./Payload/TEO Timah.app/AppIcon72x72@2x~ipad.png
copying file ./Payload/TEO Timah.app/AppIcon29x29@2x.png ... 
4980 bytes for ./Payload/TEO Timah.app/AppIcon29x29@2x.png
copying file ./Payload/TEO Timah.app/LaunchImage-1100-Landscape-2436h@3x.png ... 
74595 bytes for ./Payload/TEO Timah.app/LaunchImage-1100-Landscape-2436h@3x.png
copying file ./Payload/TEO Timah.app/LaunchImage-800-667h@2x.png ... 
42242 bytes for ./Payload/TEO Timah.app/LaunchImage-800-667h@2x.png
copying file ./Payload/TEO Timah.app/LaunchImage-Portrait@2x~ipad.png ... 
2019-12-03 06:21:05 +0000  238431 bytes for ./Payload/TEO Timah.app/LaunchImage-Portrait@2x~ipad.png
copying file ./Payload/TEO Timah.app/AppIcon40x40@3x.png ... 
2019-12-03 06:21:05 +0000  12677 bytes for ./Payload/TEO Timah.app/AppIcon40x40@3x.png
2019-12-03 06:21:05 +0000  copying file ./Payload/TEO Timah.app/AppIcon57x57@2x.png ... 
2019-12-03 06:21:05 +0000  12028 bytes for ./Payload/TEO Timah.app/AppIcon57x57@2x.png
copying file ./Payload/TEO Timah.app/AppIcon29x29~ipad.png ... 
2019-12-03 06:21:05 +0000  2044 bytes for ./Payload/TEO Timah.app/AppIcon29x29~ipad.png
2019-12-03 06:21:05 +0000  copying file ./Payload/TEO Timah.app/AppIcon40x40@2x.png ... 
2019-12-03 06:21:05 +0000  7485 bytes for ./Payload/TEO Timah.app/AppIcon40x40@2x.png
2019-12-03 06:21:05 +0000  copying file ./Payload/TEO Timah.app/LaunchImage-Portrait~ipad.png ... 
63613 bytes for ./Payload/TEO Timah.app/LaunchImage-Portrait~ipad.png
copying file ./Payload/TEO Timah.app/AppIcon29x29@3x.png ... 
8437 bytes for ./Payload/TEO Timah.app/AppIcon29x29@3x.png
copying file ./Payload/TEO Timah.app/GoogleService-Info.plist ... 
866 bytes for ./Payload/TEO Timah.app/GoogleService-Info.plist
copying file ./Payload/TEO Timah.app/AppIcon60x60@3x.png ... 
21119 bytes for ./Payload/TEO Timah.app/AppIcon60x60@3x.png
copying file ./Payload/TEO Timah.app/config.xml ... 
6066 bytes for ./Payload/TEO Timah.app/config.xml
copying file ./Payload/TEO Timah.app/www/rule.json ... 
46939 bytes for ./Payload/TEO Timah.app/www/rule.json
copying file ./Payload/TEO Timah.app/www/runtime.json ... 
1035 bytes for ./Payload/TEO Timah.app/www/runtime.json
copying file ./Payload/TEO Timah.app/www/index.html ... 
4370 bytes for ./Payload/TEO Timah.app/www/index.html
copying file ./Payload/TEO Timah.app/www/language.json ... 
9747 bytes for ./Payload/TEO Timah.app/www/language.json
copying file ./Payload/TEO Timah.app/www/CHANGELOG.md ... 
1636 bytes for ./Payload/TEO Timah.app/www/CHANGELOG.md
copying file ./Payload/TEO Timah.app/www/cordova.js ... 
2019-12-03 06:21:05 +0000  69846 bytes for ./Payload/TEO Timah.app/www/cordova.js
2019-12-03 06:21:05 +0000  copying file ./Payload/TEO Timah.app/www/plugins/cordova-plugin-certificates/www/certificate.js ... 
2019-12-03 06:21:05 +0000  1909 bytes for ./Payload/TEO Timah.app/www/plugins/cordova-plugin-certificates/www/certificate.js
2019-12-03 06:21:05 +0000  copying file ./Payload/TEO Timah.app/www/plugins/cordova-plugin-fileopener/www/FileOpener.js ... 
2019-12-03 06:21:05 +0000  396 bytes for ./Payload/TEO Timah.app/www/plugins/cordova-plugin-fileopener/www/FileOpener.js
2019-12-03 06:21:05 +0000  copying file ./Payload/TEO Timah.app/www/plugins/cordova-plugin-file/www/requestFileSystem.js ... 
2019-12-03 06:21:05 +0000  3244 bytes for ./Payload/TEO Timah.app/www/plugins/cordova-plugin-file/www/requestFileSystem.js
2019-12-03 06:21:05 +0000  copying file ./Payload/TEO Timah.app/www/plugins/cordova-plugin-file/www/DirectoryEntry.js ... 
2019-12-03 06:21:05 +0000  4681 bytes for ./Payload/TEO Timah.app/www/plugins/cordova-plugin-file/www/DirectoryEntry.js
2019-12-03 06:21:05 +0000  copying file ./Payload/TEO Timah.app/www/plugins/cordova-plugin-file/www/FileSystem.js ... 
2019-12-03 06:21:05 +0000  1960 bytes for ./Payload/TEO Timah.app/www/plugins/cordova-plugin-file/www/FileSystem.js
copying file ./Payload/TEO Timah.app/www/plugins/cordova-plugin-file/www/Flags.js ... 
2019-12-03 06:21:05 +0000  1336 bytes for ./Payload/TEO Timah.app/www/plugins/cordova-plugin-file/www/Flags.js
copying file ./Payload/TEO Timah.app/www/plugins/cordova-plugin-file/www/fileSystemPaths.js ... 
2019-12-03 06:21:05 +0000  2548 bytes for ./Payload/TEO Timah.app/www/plugins/cordova-plugin-file/www/fileSystemPaths.js
2019-12-03 06:21:05 +0000  copying file ./Payload/TEO Timah.app/www/plugins/cordova-plugin-file/www/FileEntry.js ... 
2019-12-03 06:21:05 +0000  3423 bytes for ./Payload/TEO Timah.app/www/plugins/cordova-plugin-file/www/FileEntry.js
copying file ./Payload/TEO Timah.app/www/plugins/cordova-plugin-file/www/fileSystems.js ... 
2019-12-03 06:21:05 +0000  1047 bytes for ./Payload/TEO Timah.app/www/plugins/cordova-plugin-file/www/fileSystems.js
2019-12-03 06:21:05 +0000  copying file ./Payload/TEO Timah.app/www/plugins/cordova-plugin-file/www/DirectoryReader.js ... 
2019-12-03 06:21:05 +0000  2724 bytes for ./Payload/TEO Timah.app/www/plugins/cordova-plugin-file/www/DirectoryReader.js
copying file ./Payload/TEO Timah.app/www/plugins/cordova-plugin-file/www/Metadata.js ... 
2019-12-03 06:21:05 +0000  1488 bytes for ./Payload/TEO Timah.app/www/plugins/cordova-plugin-file/www/Metadata.js
copying file ./Payload/TEO Timah.app/www/plugins/cordova-plugin-file/www/ios/FileSystem.js ... 
2019-12-03 06:21:05 +0000  1222 bytes for ./Payload/TEO Timah.app/www/plugins/cordova-plugin-file/www/ios/FileSystem.js
2019-12-03 06:21:05 +0000  copying file ./Payload/TEO Timah.app/www/plugins/cordova-plugin-file/www/browser/isChrome.js ... 
2019-12-03 06:21:05 +0000  1232 bytes for ./Payload/TEO Timah.app/www/plugins/cordova-plugin-file/www/browser/isChrome.js
2019-12-03 06:21:05 +0000  copying file ./Payload/TEO Timah.app/www/plugins/cordova-plugin-file/www/LocalFileSystem.js ... 
2019-12-03 06:21:05 +0000  957 bytes for ./Payload/TEO Timah.app/www/plugins/cordova-plugin-file/www/LocalFileSystem.js
copying file ./Payload/TEO Timah.app/www/plugins/cordova-plugin-file/www/FileReader.js ... 
2019-12-03 06:21:05 +0000  10523 bytes for ./Payload/TEO Timah.app/www/plugins/cordova-plugin-file/www/FileReader.js
2019-12-03 06:21:05 +0000  copying file ./Payload/TEO Timah.app/www/plugins/cordova-plugin-file/www/fileSystems-roots.js ... 
2019-12-03 06:21:05 +0000  1598 bytes for ./Payload/TEO Timah.app/www/plugins/cordova-plugin-file/www/fileSystems-roots.js
copying file ./Payload/TEO Timah.app/www/plugins/cordova-plugin-file/www/FileUploadOptions.js ... 
2019-12-03 06:21:05 +0000  1831 bytes for ./Payload/TEO Timah.app/www/plugins/cordova-plugin-file/www/FileUploadOptions.js
copying file ./Payload/TEO Timah.app/www/plugins/cordova-plugin-file/www/FileWriter.js ... 
2019-12-03 06:21:05 +0000  10544 bytes for ./Payload/TEO Timah.app/www/plugins/cordova-plugin-file/www/FileWriter.js
2019-12-03 06:21:05 +0000  copying file ./Payload/TEO Timah.app/www/plugins/cordova-plugin-file/www/FileError.js ... 
2019-12-03 06:21:05 +0000  1483 bytes for ./Payload/TEO Timah.app/www/plugins/cordova-plugin-file/www/FileError.js
copying file ./Payload/TEO Timah.app/www/plugins/cordova-plugin-file/www/FileUploadResult.js ... 
2019-12-03 06:21:05 +0000  1111 bytes for ./Payload/TEO Timah.app/www/plugins/cordova-plugin-file/www/FileUploadResult.js
copying file ./Payload/TEO Timah.app/www/plugins/cordova-plugin-file/www/ProgressEvent.js ... 
2019-12-03 06:21:05 +0000  2544 bytes for ./Payload/TEO Timah.app/www/plugins/cordova-plugin-file/www/ProgressEvent.js
2019-12-03 06:21:05 +0000  copying file ./Payload/TEO Timah.app/www/plugins/cordova-plugin-file/www/File.js ... 
2019-12-03 06:21:05 +0000  2714 bytes for ./Payload/TEO Timah.app/www/plugins/cordova-plugin-file/www/File.js
copying file ./Payload/TEO Timah.app/www/plugins/cordova-plugin-file/www/resolveLocalFileSystemURI.js ... 
2019-12-03 06:21:05 +0000  4325 bytes for ./Payload/TEO Timah.app/www/plugins/cordova-plugin-file/www/resolveLocalFileSystemURI.js
2019-12-03 06:21:05 +0000  copying file ./Payload/TEO Timah.app/www/plugins/cordova-plugin-file/www/Entry.js ... 
2019-12-03 06:21:05 +0000  9869 bytes for ./Payload/TEO Timah.app/www/plugins/cordova-plugin-file/www/Entry.js
2019-12-03 06:21:05 +0000  copying file ./Payload/TEO Timah.app/www/plugins/cordova-plugin-spinner/www/spinner-plugin.js ... 
2019-12-03 06:21:05 +0000  1786 bytes for ./Payload/TEO Timah.app/www/plugins/cordova-plugin-spinner/www/spinner-plugin.js
2019-12-03 06:21:05 +0000  copying file ./Payload/TEO Timah.app/www/plugins/cordova-plugin-file-opener2/www/plugins.FileOpener2.js ... 
2019-12-03 06:21:05 +0000  2492 bytes for ./Payload/TEO Timah.app/www/plugins/cordova-plugin-file-opener2/www/plugins.FileOpener2.js
2019-12-03 06:21:05 +0000  copying file ./Payload/TEO Timah.app/www/plugins/cordova-plugin-fcm-ng/www/FCMPlugin.js ... 
2019-12-03 06:21:05 +0000  2061 bytes for ./Payload/TEO Timah.app/www/plugins/cordova-plugin-fcm-ng/www/FCMPlugin.js
2019-12-03 06:21:05 +0000  copying file ./Payload/TEO Timah.app/www/plugins/cordova-plugin-headercolor/www/HeaderColor.js ... 
2019-12-03 06:21:05 +0000  401 bytes for ./Payload/TEO Timah.app/www/plugins/cordova-plugin-headercolor/www/HeaderColor.js
2019-12-03 06:21:05 +0000  copying file ./Payload/TEO Timah.app/www/plugins/cordova-plugin-app-version/www/AppVersionPlugin.js ... 
2019-12-03 06:21:05 +0000  2276 bytes for ./Payload/TEO Timah.app/www/plugins/cordova-plugin-app-version/www/AppVersionPlugin.js
2019-12-03 06:21:05 +0000  copying file ./Payload/TEO Timah.app/www/plugins/cordova-plugin-inappbrowser/www/inappbrowser.js ... 
2019-12-03 06:21:05 +0000  4485 bytes for ./Payload/TEO Timah.app/www/plugins/cordova-plugin-inappbrowser/www/inappbrowser.js
2019-12-03 06:21:05 +0000  copying file ./Payload/TEO Timah.app/www/plugins/cordova-plugin-device/www/device.js ... 
2019-12-03 06:21:05 +0000  3070 bytes for ./Payload/TEO Timah.app/www/plugins/cordova-plugin-device/www/device.js
2019-12-03 06:21:05 +0000  copying file ./Payload/TEO Timah.app/www/plugins/cordova-sqlite-storage/www/SQLitePlugin.js ... 
2019-12-03 06:21:05 +0000  33721 bytes for ./Payload/TEO Timah.app/www/plugins/cordova-sqlite-storage/www/SQLitePlugin.js
2019-12-03 06:21:05 +0000  copying file ./Payload/TEO Timah.app/www/plugins/cordova-plugin-background-mode/www/background-mode.js ... 
2019-12-03 06:21:05 +0000  10931 bytes for ./Payload/TEO Timah.app/www/plugins/cordova-plugin-background-mode/www/background-mode.js
2019-12-03 06:21:05 +0000  copying file ./Payload/TEO Timah.app/www/plugins/cordova-plugin-native-spinner/www/SpinnerDialog.js ... 
2019-12-03 06:21:05 +0000  1094 bytes for ./Payload/TEO Timah.app/www/plugins/cordova-plugin-native-spinner/www/SpinnerDialog.js
2019-12-03 06:21:05 +0000  copying file ./Payload/TEO Timah.app/www/plugins/cordova-plugin-buildinfo/www/buildinfo.js ... 
2019-12-03 06:21:05 +0000  4081 bytes for ./Payload/TEO Timah.app/www/plugins/cordova-plugin-buildinfo/www/buildinfo.js
2019-12-03 06:21:05 +0000  copying file ./Payload/TEO Timah.app/www/plugins/cordova-plugin-file-transfer/www/FileTransferError.js ... 
2019-12-03 06:21:05 +0000  1488 bytes for ./Payload/TEO Timah.app/www/plugins/cordova-plugin-file-transfer/www/FileTransferError.js
2019-12-03 06:21:05 +0000  copying file ./Payload/TEO Timah.app/www/plugins/cordova-plugin-file-transfer/www/FileTransfer.js ... 
2019-12-03 06:21:05 +0000  8568 bytes for ./Payload/TEO Timah.app/www/plugins/cordova-plugin-file-transfer/www/FileTransfer.js
2019-12-03 06:21:05 +0000  copying file ./Payload/TEO Timah.app/www/plugins/cordova-plugin-badge/www/badge.js ... 
2019-12-03 06:21:05 +0000  8152 bytes for ./Payload/TEO Timah.app/www/plugins/cordova-plugin-badge/www/badge.js
2019-12-03 06:21:05 +0000  copying file ./Payload/TEO Timah.app/www/plugins/cordova-plugin-chrome-apps-common/events.js ... 
2019-12-03 06:21:05 +0000  1954 bytes for ./Payload/TEO Timah.app/www/plugins/cordova-plugin-chrome-apps-common/events.js
2019-12-03 06:21:05 +0000  copying file ./Payload/TEO Timah.app/www/plugins/cordova-plugin-chrome-apps-common/errors.js ... 
2019-12-03 06:21:05 +0000  1086 bytes for ./Payload/TEO Timah.app/www/plugins/cordova-plugin-chrome-apps-common/errors.js
copying file ./Payload/TEO Timah.app/www/plugins/cordova-plugin-chrome-apps-common/helpers.js ... 
2019-12-03 06:21:05 +0000  2312 bytes for ./Payload/TEO Timah.app/www/plugins/cordova-plugin-chrome-apps-common/helpers.js
2019-12-03 06:21:05 +0000  copying file ./Payload/TEO Timah.app/www/plugins/cordova-plugin-chrome-apps-common/stubs.js ... 
2019-12-03 06:21:05 +0000  477 bytes for ./Payload/TEO Timah.app/www/plugins/cordova-plugin-chrome-apps-common/stubs.js
2019-12-03 06:21:05 +0000  copying file ./Payload/TEO Timah.app/www/plugins/cordova-plugin-background-fetch/www/BackgroundFetch.js ... 
2019-12-03 06:21:05 +0000  2617 bytes for ./Payload/TEO Timah.app/www/plugins/cordova-plugin-background-fetch/www/BackgroundFetch.js
2019-12-03 06:21:05 +0000  copying file ./Payload/TEO Timah.app/www/plugins/cordova-plugin-globalization/www/globalization.js ... 
2019-12-03 06:21:05 +0000  18085 bytes for ./Payload/TEO Timah.app/www/plugins/cordova-plugin-globalization/www/globalization.js
2019-12-03 06:21:05 +0000  copying file ./Payload/TEO Timah.app/www/plugins/cordova-plugin-globalization/www/GlobalizationError.js ... 
2019-12-03 06:21:05 +0000  1354 bytes for ./Payload/TEO Timah.app/www/plugins/cordova-plugin-globalization/www/GlobalizationError.js
2019-12-03 06:21:05 +0000  copying file ./Payload/TEO Timah.app/www/plugins/phonegap-plugin-barcodescanner/www/barcodescanner.js ... 
2019-12-03 06:21:05 +0000  5020 bytes for ./Payload/TEO Timah.app/www/plugins/phonegap-plugin-barcodescanner/www/barcodescanner.js
2019-12-03 06:21:05 +0000  copying file ./Payload/TEO Timah.app/www/plugins/cordova-plugin-network-information/www/Connection.js ... 
2019-12-03 06:21:05 +0000  1132 bytes for ./Payload/TEO Timah.app/www/plugins/cordova-plugin-network-information/www/Connection.js
2019-12-03 06:21:05 +0000  copying file ./Payload/TEO Timah.app/www/plugins/cordova-plugin-network-information/www/network.js ... 
2019-12-03 06:21:05 +0000  3369 bytes for ./Payload/TEO Timah.app/www/plugins/cordova-plugin-network-information/www/network.js
2019-12-03 06:21:05 +0000  copying file ./Payload/TEO Timah.app/www/plugins/cordova-plugin-image-picker/www/imagepicker.js ... 
2019-12-03 06:21:05 +0000  1294 bytes for ./Payload/TEO Timah.app/www/plugins/cordova-plugin-image-picker/www/imagepicker.js
2019-12-03 06:21:05 +0000  copying file ./Payload/TEO Timah.app/www/plugins/cordova-plugin-dialogs/www/notification.js ... 
2019-12-03 06:21:05 +0000  6013 bytes for ./Payload/TEO Timah.app/www/plugins/cordova-plugin-dialogs/www/notification.js
2019-12-03 06:21:05 +0000  copying file ./Payload/TEO Timah.app/www/plugins/cordova-plugin-camera/www/CameraPopoverOptions.js ... 
2019-12-03 06:21:05 +0000  2296 bytes for ./Payload/TEO Timah.app/www/plugins/cordova-plugin-camera/www/CameraPopoverOptions.js
2019-12-03 06:21:05 +0000  copying file ./Payload/TEO Timah.app/www/plugins/cordova-plugin-camera/www/ios/CameraPopoverHandle.js ... 
2019-12-03 06:21:05 +0000  2271 bytes for ./Payload/TEO Timah.app/www/plugins/cordova-plugin-camera/www/ios/CameraPopoverHandle.js
2019-12-03 06:21:05 +0000  copying file ./Payload/TEO Timah.app/www/plugins/cordova-plugin-camera/www/CameraConstants.js ... 
2019-12-03 06:21:05 +0000  3488 bytes for ./Payload/TEO Timah.app/www/plugins/cordova-plugin-camera/www/CameraConstants.js
copying file ./Payload/TEO Timah.app/www/plugins/cordova-plugin-camera/www/Camera.js ... 
2019-12-03 06:21:05 +0000  7995 bytes for ./Payload/TEO Timah.app/www/plugins/cordova-plugin-camera/www/Camera.js
2019-12-03 06:21:05 +0000  copying file ./Payload/TEO Timah.app/www/plugins/net.ekuwang.cordova.plugin.statusbar/www/statusbar.js ... 
2019-12-03 06:21:05 +0000  1006 bytes for ./Payload/TEO Timah.app/www/plugins/net.ekuwang.cordova.plugin.statusbar/www/statusbar.js
2019-12-03 06:21:05 +0000  copying file ./Payload/TEO Timah.app/www/plugins/cordova-plugin-statusbar/www/statusbar.js ... 
2019-12-03 06:21:05 +0000  3376 bytes for ./Payload/TEO Timah.app/www/plugins/cordova-plugin-statusbar/www/statusbar.js
2019-12-03 06:21:05 +0000  copying file ./Payload/TEO Timah.app/www/plugins/cordova-plugin-chrome-apps-runtime/lib/CryptoJS/sha256.js ... 
2019-12-03 06:21:05 +0000  4797 bytes for ./Payload/TEO Timah.app/www/plugins/cordova-plugin-chrome-apps-runtime/lib/CryptoJS/sha256.js
2019-12-03 06:21:05 +0000  copying file ./Payload/TEO Timah.app/www/plugins/cordova-plugin-chrome-apps-runtime/lib/CryptoJS/enc-base64-min.js ... 
2019-12-03 06:21:05 +0000  1084 bytes for ./Payload/TEO Timah.app/www/plugins/cordova-plugin-chrome-apps-runtime/lib/CryptoJS/enc-base64-min.js
2019-12-03 06:21:05 +0000  copying file ./Payload/TEO Timah.app/www/plugins/cordova-plugin-chrome-apps-runtime/api/runtime.js ... 
2019-12-03 06:21:05 +0000  7515 bytes for ./Payload/TEO Timah.app/www/plugins/cordova-plugin-chrome-apps-runtime/api/runtime.js
2019-12-03 06:21:05 +0000  copying file ./Payload/TEO Timah.app/www/plugins/cordova-plugin-chrome-apps-runtime/api/app/runtime.js ... 
2019-12-03 06:21:05 +0000  436 bytes for ./Payload/TEO Timah.app/www/plugins/cordova-plugin-chrome-apps-runtime/api/app/runtime.js
2019-12-03 06:21:05 +0000  copying file ./Payload/TEO Timah.app/www/plugins/cordova-plugin-background-service/www/BackgroundService.js ... 
2019-12-03 06:21:05 +0000  2166 bytes for ./Payload/TEO Timah.app/www/plugins/cordova-plugin-background-service/www/BackgroundService.js
2019-12-03 06:21:05 +0000  copying file ./Payload/TEO Timah.app/www/plugins/cordova-plugin-chrome-apps-storage/storage.js ... 
2019-12-03 06:21:05 +0000  6440 bytes for ./Payload/TEO Timah.app/www/plugins/cordova-plugin-chrome-apps-storage/storage.js
2019-12-03 06:21:05 +0000  copying file ./Payload/TEO Timah.app/www/js/SpinnerDialog.js ... 
2019-12-03 06:21:05 +0000  990 bytes for ./Payload/TEO Timah.app/www/js/SpinnerDialog.js
2019-12-03 06:21:05 +0000  copying file ./Payload/TEO Timah.app/www/resources/css/cupertino-79825c63-be93-4952-be23-d0d011c339f2.css ... 
2019-12-03 06:21:05 +0000  397349 bytes for ./Payload/TEO Timah.app/www/resources/css/cupertino-79825c63-be93-4952-be23-d0d011c339f2.css
2019-12-03 06:21:05 +0000  copying file ./Payload/TEO Timah.app/www/resources/ionicons/css/ionicons.min.css ... 
2019-12-03 06:21:05 +0000  46587 bytes for ./Payload/TEO Timah.app/www/resources/ionicons/css/ionicons.min.css
2019-12-03 06:21:05 +0000  copying file ./Payload/TEO Timah.app/www/resources/ionicons/fonts/ionicons.eot ... 
2019-12-03 06:21:05 +0000  112650 bytes for ./Payload/TEO Timah.app/www/resources/ionicons/fonts/ionicons.eot
copying file ./Payload/TEO Timah.app/www/resources/ionicons/fonts/ionicons.woff ... 
2019-12-03 06:21:05 +0000  65912 bytes for ./Payload/TEO Timah.app/www/resources/ionicons/fonts/ionicons.woff
copying file ./Payload/TEO Timah.app/www/resources/ionicons/fonts/ionicons.ttf ... 
2019-12-03 06:21:05 +0000  112472 bytes for ./Payload/TEO Timah.app/www/resources/ionicons/fonts/ionicons.ttf
copying file ./Payload/TEO Timah.app/www/resources/ionicons/fonts/ionicons.svg ... 
2019-12-03 06:21:05 +0000  312749 bytes for ./Payload/TEO Timah.app/www/resources/ionicons/fonts/ionicons.svg
copying file ./Payload/TEO Timah.app/www/resources/ionicons/fonts/ionicons.woff2 ... 
2019-12-03 06:21:05 +0000  50632 bytes for ./Payload/TEO Timah.app/www/resources/ionicons/fonts/ionicons.woff2
2019-12-03 06:21:05 +0000  copying file ./Payload/TEO Timah.app/www/resources/img/icon.png ... 
2019-12-03 06:21:05 +0000  5947 bytes for ./Payload/TEO Timah.app/www/resources/img/icon.png
2019-12-03 06:21:05 +0000  copying file ./Payload/TEO Timah.app/www/resources/ux/SwipeTabs.js ... 
2019-12-03 06:21:05 +0000  2875 bytes for ./Payload/TEO Timah.app/www/resources/ux/SwipeTabs.js
2019-12-03 06:21:05 +0000  copying file ./Payload/TEO Timah.app/www/resources/ux/crypt/Base64.js ... 
2019-12-03 06:21:05 +0000  2095 bytes for ./Payload/TEO Timah.app/www/resources/ux/crypt/Base64.js
copying file ./Payload/TEO Timah.app/www/resources/ux/crypt/MD5.js ... 
2019-12-03 06:21:05 +0000  5659 bytes for ./Payload/TEO Timah.app/www/resources/ux/crypt/MD5.js
2019-12-03 06:21:05 +0000  copying file ./Payload/TEO Timah.app/www/resources/ux/component/Manipulator.js ... 
2019-12-03 06:21:05 +0000  11614 bytes for ./Payload/TEO Timah.app/www/resources/ux/component/Manipulator.js
copying file ./Payload/TEO Timah.app/www/resources/ux/component/ActivityMonitor.js ... 
2019-12-03 06:21:05 +0000  6068 bytes for ./Payload/TEO Timah.app/www/resources/ux/component/ActivityMonitor.js
2019-12-03 06:21:05 +0000  copying file ./Payload/TEO Timah.app/www/resources/ux/controller/Hasview.js ... 
2019-12-03 06:21:05 +0000  3463 bytes for ./Payload/TEO Timah.app/www/resources/ux/controller/Hasview.js
2019-12-03 06:21:05 +0000  copying file ./Payload/TEO Timah.app/www/resources/ux/controller/Template.js ... 
2019-12-03 06:21:05 +0000  1780 bytes for ./Payload/TEO Timah.app/www/resources/ux/controller/Template.js
copying file ./Payload/TEO Timah.app/www/resources/ux/Ripple.js ... 
2019-12-03 06:21:05 +0000  1602 bytes for ./Payload/TEO Timah.app/www/resources/ux/Ripple.js
copying file ./Payload/TEO Timah.app/www/resources/ux/ImageViewer.js ... 
2019-12-03 06:21:05 +0000  17760 bytes for ./Payload/TEO Timah.app/www/resources/ux/ImageViewer.js
2019-12-03 06:21:05 +0000  copying file ./Payload/TEO Timah.app/www/resources/ux/task/DelayedTaskRunner.js ... 
2019-12-03 06:21:05 +0000  2062 bytes for ./Payload/TEO Timah.app/www/resources/ux/task/DelayedTaskRunner.js
2019-12-03 06:21:05 +0000  copying file ./Payload/TEO Timah.app/www/resources/ux/PinchZoomImage.js ... 
2019-12-03 06:21:05 +0000  8640 bytes for ./Payload/TEO Timah.app/www/resources/ux/PinchZoomImage.js
2019-12-03 06:21:05 +0000  copying file ./Payload/TEO Timah.app/www/resources/ux/Transform.js ... 
2019-12-03 06:21:05 +0000  2305 bytes for ./Payload/TEO Timah.app/www/resources/ux/Transform.js
2019-12-03 06:21:05 +0000  copying file ./Payload/TEO Timah.app/www/resources/materialicons/material-icons.css ... 
2019-12-03 06:21:05 +0000  670 bytes for ./Payload/TEO Timah.app/www/resources/materialicons/material-icons.css
2019-12-03 06:21:05 +0000  copying file ./Payload/TEO Timah.app/www/resources/fonts/Roboto_700_italic.ttf ... 
2019-12-03 06:21:05 +0000  21176 bytes for ./Payload/TEO Timah.app/www/resources/fonts/Roboto_700_italic.ttf
copying file ./Payload/TEO Timah.app/www/resources/fonts/Roboto_700_normal.ttf ... 
2019-12-03 06:21:05 +0000  32500 bytes for ./Payload/TEO Timah.app/www/resources/fonts/Roboto_700_normal.ttf
copying file ./Payload/TEO Timah.app/www/resources/fonts/Roboto_100_normal.woff ... 
2019-12-03 06:21:05 +0000  18572 bytes for ./Payload/TEO Timah.app/www/resources/fonts/Roboto_100_normal.woff
copying file ./Payload/TEO Timah.app/www/resources/fonts/Roboto_100_italic.ttf ... 
2019-12-03 06:21:05 +0000  21712 bytes for ./Payload/TEO Timah.app/www/resources/fonts/Roboto_100_italic.ttf
2019-12-03 06:21:05 +0000  copying file ./Payload/TEO Timah.app/www/resources/fonts/Roboto_500_normal.woff ... 
2019-12-03 06:21:05 +0000  18576 bytes for ./Payload/TEO Timah.app/www/resources/fonts/Roboto_500_normal.woff
copying file ./Payload/TEO Timah.app/www/resources/fonts/Roboto_100_normal.ttf ... 
2019-12-03 06:21:05 +0000  20084 bytes for ./Payload/TEO Timah.app/www/resources/fonts/Roboto_100_normal.ttf
copying file ./Payload/TEO Timah.app/www/resources/fonts/Roboto_400_italic.woff ... 
2019-12-03 06:21:05 +0000  19880 bytes for ./Payload/TEO Timah.app/www/resources/fonts/Roboto_400_italic.woff
copying file ./Payload/TEO Timah.app/www/resources/fonts/Roboto_700_italic.woff ... 
2019-12-03 06:21:05 +0000  19460 bytes for ./Payload/TEO Timah.app/www/resources/fonts/Roboto_700_italic.woff
copying file ./Payload/TEO Timah.app/www/resources/fonts/Roboto_300_italic.woff ... 
2019-12-03 06:21:05 +0000  20216 bytes for ./Payload/TEO Timah.app/www/resources/fonts/Roboto_300_italic.woff
2019-12-03 06:21:05 +0000  copying file ./Payload/TEO Timah.app/www/resources/fonts/Roboto_100_italic.woff ... 
2019-12-03 06:21:05 +0000  19840 bytes for ./Payload/TEO Timah.app/www/resources/fonts/Roboto_100_italic.woff
2019-12-03 06:21:05 +0000  copying file ./Payload/TEO Timah.app/www/resources/fonts/Roboto_500_italic.woff ... 
2019-12-03 06:21:05 +0000  19844 bytes for ./Payload/TEO Timah.app/www/resources/fonts/Roboto_500_italic.woff
2019-12-03 06:21:05 +0000  copying file ./Payload/TEO Timah.app/www/resources/fonts/Roboto_300_italic.ttf ... 
2019-12-03 06:21:05 +0000  21640 bytes for ./Payload/TEO Timah.app/www/resources/fonts/Roboto_300_italic.ttf
copying file ./Payload/TEO Timah.app/www/resources/fonts/Roboto_400_normal.woff ... 
2019-12-03 06:21:05 +0000  18520 bytes for ./Payload/TEO Timah.app/www/resources/fonts/Roboto_400_normal.woff
copying file ./Payload/TEO Timah.app/www/resources/fonts/Roboto_400_italic.ttf ... 
2019-12-03 06:21:05 +0000  33404 bytes for ./Payload/TEO Timah.app/www/resources/fonts/Roboto_400_italic.ttf
copying file ./Payload/TEO Timah.app/www/resources/fonts/fonts.css ... 
2019-12-03 06:21:05 +0000  3240 bytes for ./Payload/TEO Timah.app/www/resources/fonts/fonts.css
copying file ./Payload/TEO Timah.app/www/resources/fonts/Roboto_300_normal.ttf ... 
2019-12-03 06:21:05 +0000  19908 bytes for ./Payload/TEO Timah.app/www/resources/fonts/Roboto_300_normal.ttf
copying file ./Payload/TEO Timah.app/www/resources/fonts/Roboto_400_normal.ttf ... 
2019-12-03 06:21:05 +0000  19876 bytes for ./Payload/TEO Timah.app/www/resources/fonts/Roboto_400_normal.ttf
copying file ./Payload/TEO Timah.app/www/resources/fonts/Roboto_500_italic.ttf ... 
2019-12-03 06:21:05 +0000  33868 bytes for ./Payload/TEO Timah.app/www/resources/fonts/Roboto_500_italic.ttf
2019-12-03 06:21:05 +0000  copying file ./Payload/TEO Timah.app/www/resources/fonts/Roboto_700_normal.woff ... 
2019-12-03 06:21:05 +0000  18568 bytes for ./Payload/TEO Timah.app/www/resources/fonts/Roboto_700_normal.woff
copying file ./Payload/TEO Timah.app/www/resources/fonts/Roboto_500_normal.ttf ... 
2019-12-03 06:21:05 +0000  32580 bytes for ./Payload/TEO Timah.app/www/resources/fonts/Roboto_500_normal.ttf
copying file ./Payload/TEO Timah.app/www/resources/fonts/Roboto_300_normal.woff ... 
2019-12-03 06:21:05 +0000  18520 bytes for ./Payload/TEO Timah.app/www/resources/fonts/Roboto_300_normal.woff
2019-12-03 06:21:05 +0000  copying file ./Payload/TEO Timah.app/www/resources/sipas/images.css ... 
2019-12-03 06:21:05 +0000  125090 bytes for ./Payload/TEO Timah.app/www/resources/sipas/images.css
2019-12-03 06:21:05 +0000  copying file ./Payload/TEO Timah.app/www/cordova-js-src/exec.js ... 
2019-12-03 06:21:05 +0000  8856 bytes for ./Payload/TEO Timah.app/www/cordova-js-src/exec.js
2019-12-03 06:21:05 +0000  copying file ./Payload/TEO Timah.app/www/cordova-js-src/plugin/ios/logger.js ... 
2019-12-03 06:21:05 +0000  10181 bytes for ./Payload/TEO Timah.app/www/cordova-js-src/plugin/ios/logger.js
copying file ./Payload/TEO Timah.app/www/cordova-js-src/plugin/ios/console.js ... 
2019-12-03 06:21:05 +0000  6873 bytes for ./Payload/TEO Timah.app/www/cordova-js-src/plugin/ios/console.js
2019-12-03 06:21:05 +0000  copying file ./Payload/TEO Timah.app/www/cordova-js-src/platform.js ... 
2019-12-03 06:21:05 +0000  1168 bytes for ./Payload/TEO Timah.app/www/cordova-js-src/platform.js
copying file ./Payload/TEO Timah.app/www/license.json ... 
2019-12-03 06:21:05 +0000  313345 bytes for ./Payload/TEO Timah.app/www/license.json
copying file ./Payload/TEO Timah.app/www/cordova_plugins.js ... 
2019-12-03 06:21:05 +0000  16359 bytes for ./Payload/TEO Timah.app/www/cordova_plugins.js
2019-12-03 06:21:05 +0000  copying file ./Payload/TEO Timah.app/www/backup/index.html ... 
2019-12-03 06:21:05 +0000  4370 bytes for ./Payload/TEO Timah.app/www/backup/index.html
2019-12-03 06:21:05 +0000  copying file ./Payload/TEO Timah.app/www/backup/19_app.js ... 
2019-12-03 06:21:05 +0000  2559217 bytes for ./Payload/TEO Timah.app/www/backup/19_app.js
2019-12-03 06:21:05 +0000  copying file ./Payload/TEO Timah.app/www/backup/resources/css/cupertino-79825c63-be93-4952-be23-d0d011c339f2.css ... 
2019-12-03 06:21:05 +0000  396953 bytes for ./Payload/TEO Timah.app/www/backup/resources/css/cupertino-79825c63-be93-4952-be23-d0d011c339f2.css
2019-12-03 06:21:05 +0000  copying file ./Payload/TEO Timah.app/www/backup/resources/ionicons/css/ionicons.min.css ... 
2019-12-03 06:21:05 +0000  46587 bytes for ./Payload/TEO Timah.app/www/backup/resources/ionicons/css/ionicons.min.css
2019-12-03 06:21:05 +0000  copying file ./Payload/TEO Timah.app/www/backup/resources/ionicons/fonts/ionicons.eot ... 
2019-12-03 06:21:05 +0000  112650 bytes for ./Payload/TEO Timah.app/www/backup/resources/ionicons/fonts/ionicons.eot
copying file ./Payload/TEO Timah.app/www/backup/resources/ionicons/fonts/ionicons.woff ... 
2019-12-03 06:21:05 +0000  65912 bytes for ./Payload/TEO Timah.app/www/backup/resources/ionicons/fonts/ionicons.woff
copying file ./Payload/TEO Timah.app/www/backup/resources/ionicons/fonts/ionicons.ttf ... 
2019-12-03 06:21:05 +0000  112472 bytes for ./Payload/TEO Timah.app/www/backup/resources/ionicons/fonts/ionicons.ttf
copying file ./Payload/TEO Timah.app/www/backup/resources/ionicons/fonts/ionicons.svg ... 
2019-12-03 06:21:05 +0000  312749 bytes for ./Payload/TEO Timah.app/www/backup/resources/ionicons/fonts/ionicons.svg
copying file ./Payload/TEO Timah.app/www/backup/resources/ionicons/fonts/ionicons.woff2 ... 
2019-12-03 06:21:05 +0000  50632 bytes for ./Payload/TEO Timah.app/www/backup/resources/ionicons/fonts/ionicons.woff2
2019-12-03 06:21:05 +0000  copying file ./Payload/TEO Timah.app/www/backup/resources/img/icon.png ... 
2019-12-03 06:21:05 +0000  5947 bytes for ./Payload/TEO Timah.app/www/backup/resources/img/icon.png
2019-12-03 06:21:05 +0000  copying file ./Payload/TEO Timah.app/www/backup/resources/ux/SwipeTabs.js ... 
2019-12-03 06:21:05 +0000  2875 bytes for ./Payload/TEO Timah.app/www/backup/resources/ux/SwipeTabs.js
2019-12-03 06:21:05 +0000  copying file ./Payload/TEO Timah.app/www/backup/resources/ux/crypt/Base64.js ... 
2019-12-03 06:21:05 +0000  2095 bytes for ./Payload/TEO Timah.app/www/backup/resources/ux/crypt/Base64.js
copying file ./Payload/TEO Timah.app/www/backup/resources/ux/crypt/MD5.js ... 
2019-12-03 06:21:05 +0000  5659 bytes for ./Payload/TEO Timah.app/www/backup/resources/ux/crypt/MD5.js
2019-12-03 06:21:05 +0000  copying file ./Payload/TEO Timah.app/www/backup/resources/ux/component/Manipulator.js ... 
2019-12-03 06:21:05 +0000  11614 bytes for ./Payload/TEO Timah.app/www/backup/resources/ux/component/Manipulator.js
copying file ./Payload/TEO Timah.app/www/backup/resources/ux/component/ActivityMonitor.js ... 
2019-12-03 06:21:05 +0000  6068 bytes for ./Payload/TEO Timah.app/www/backup/resources/ux/component/ActivityMonitor.js
2019-12-03 06:21:05 +0000  copying file ./Payload/TEO Timah.app/www/backup/resources/ux/controller/Hasview.js ... 
2019-12-03 06:21:05 +0000  3463 bytes for ./Payload/TEO Timah.app/www/backup/resources/ux/controller/Hasview.js
2019-12-03 06:21:05 +0000  copying file ./Payload/TEO Timah.app/www/backup/resources/ux/controller/Template.js ... 
2019-12-03 06:21:05 +0000  1780 bytes for ./Payload/TEO Timah.app/www/backup/resources/ux/controller/Template.js
copying file ./Payload/TEO Timah.app/www/backup/resources/ux/Ripple.js ... 
2019-12-03 06:21:05 +0000  1602 bytes for ./Payload/TEO Timah.app/www/backup/resources/ux/Ripple.js
2019-12-03 06:21:05 +0000  copying file ./Payload/TEO Timah.app/www/backup/resources/ux/ImageViewer.js ... 
2019-12-03 06:21:05 +0000  17760 bytes for ./Payload/TEO Timah.app/www/backup/resources/ux/ImageViewer.js
2019-12-03 06:21:05 +0000  copying file ./Payload/TEO Timah.app/www/backup/resources/ux/task/DelayedTaskRunner.js ... 
2019-12-03 06:21:05 +0000  2062 bytes for ./Payload/TEO Timah.app/www/backup/resources/ux/task/DelayedTaskRunner.js
2019-12-03 06:21:05 +0000  copying file ./Payload/TEO Timah.app/www/backup/resources/ux/PinchZoomImage.js ... 
2019-12-03 06:21:05 +0000  8640 bytes for ./Payload/TEO Timah.app/www/backup/resources/ux/PinchZoomImage.js
2019-12-03 06:21:05 +0000  copying file ./Payload/TEO Timah.app/www/backup/resources/ux/Transform.js ... 
2019-12-03 06:21:05 +0000  2305 bytes for ./Payload/TEO Timah.app/www/backup/resources/ux/Transform.js
2019-12-03 06:21:05 +0000  copying file ./Payload/TEO Timah.app/www/backup/resources/materialicons/material-icons.css ... 
2019-12-03 06:21:05 +0000  670 bytes for ./Payload/TEO Timah.app/www/backup/resources/materialicons/material-icons.css
2019-12-03 06:21:05 +0000  copying file ./Payload/TEO Timah.app/www/backup/resources/fonts/Roboto_700_italic.ttf ... 
2019-12-03 06:21:05 +0000  21176 bytes for ./Payload/TEO Timah.app/www/backup/resources/fonts/Roboto_700_italic.ttf
2019-12-03 06:21:05 +0000  copying file ./Payload/TEO Timah.app/www/backup/resources/fonts/Roboto_700_normal.ttf ... 
2019-12-03 06:21:05 +0000  32500 bytes for ./Payload/TEO Timah.app/www/backup/resources/fonts/Roboto_700_normal.ttf
copying file ./Payload/TEO Timah.app/www/backup/resources/fonts/Roboto_100_normal.woff ... 
2019-12-03 06:21:05 +0000  18572 bytes for ./Payload/TEO Timah.app/www/backup/resources/fonts/Roboto_100_normal.woff
copying file ./Payload/TEO Timah.app/www/backup/resources/fonts/Roboto_100_italic.ttf ... 
2019-12-03 06:21:05 +0000  21712 bytes for ./Payload/TEO Timah.app/www/backup/resources/fonts/Roboto_100_italic.ttf
copying file ./Payload/TEO Timah.app/www/backup/resources/fonts/Roboto_500_normal.woff ... 
2019-12-03 06:21:05 +0000  18576 bytes for ./Payload/TEO Timah.app/www/backup/resources/fonts/Roboto_500_normal.woff
copying file ./Payload/TEO Timah.app/www/backup/resources/fonts/Roboto_100_normal.ttf ... 
2019-12-03 06:21:05 +0000  20084 bytes for ./Payload/TEO Timah.app/www/backup/resources/fonts/Roboto_100_normal.ttf
copying file ./Payload/TEO Timah.app/www/backup/resources/fonts/Roboto_400_italic.woff ... 
2019-12-03 06:21:05 +0000  19880 bytes for ./Payload/TEO Timah.app/www/backup/resources/fonts/Roboto_400_italic.woff
copying file ./Payload/TEO Timah.app/www/backup/resources/fonts/Roboto_700_italic.woff ... 
2019-12-03 06:21:05 +0000  19460 bytes for ./Payload/TEO Timah.app/www/backup/resources/fonts/Roboto_700_italic.woff
copying file ./Payload/TEO Timah.app/www/backup/resources/fonts/Roboto_300_italic.woff ... 
2019-12-03 06:21:05 +0000  20216 bytes for ./Payload/TEO Timah.app/www/backup/resources/fonts/Roboto_300_italic.woff
copying file ./Payload/TEO Timah.app/www/backup/resources/fonts/Roboto_100_italic.woff ... 
2019-12-03 06:21:05 +0000  19840 bytes for ./Payload/TEO Timah.app/www/backup/resources/fonts/Roboto_100_italic.woff
copying file ./Payload/TEO Timah.app/www/backup/resources/fonts/Roboto_500_italic.woff ... 
2019-12-03 06:21:05 +0000  19844 bytes for ./Payload/TEO Timah.app/www/backup/resources/fonts/Roboto_500_italic.woff
copying file ./Payload/TEO Timah.app/www/backup/resources/fonts/Roboto_300_italic.ttf ... 
2019-12-03 06:21:05 +0000  21640 bytes for ./Payload/TEO Timah.app/www/backup/resources/fonts/Roboto_300_italic.ttf
copying file ./Payload/TEO Timah.app/www/backup/resources/fonts/Roboto_400_normal.woff ... 
2019-12-03 06:21:05 +0000  18520 bytes for ./Payload/TEO Timah.app/www/backup/resources/fonts/Roboto_400_normal.woff
copying file ./Payload/TEO Timah.app/www/backup/resources/fonts/Roboto_400_italic.ttf ... 
2019-12-03 06:21:05 +0000  33404 bytes for ./Payload/TEO Timah.app/www/backup/resources/fonts/Roboto_400_italic.ttf
copying file ./Payload/TEO Timah.app/www/backup/resources/fonts/fonts.css ... 
2019-12-03 06:21:05 +0000  3240 bytes for ./Payload/TEO Timah.app/www/backup/resources/fonts/fonts.css
copying file ./Payload/TEO Timah.app/www/backup/resources/fonts/Roboto_300_normal.ttf ... 
2019-12-03 06:21:05 +0000  19908 bytes for ./Payload/TEO Timah.app/www/backup/resources/fonts/Roboto_300_normal.ttf
copying file ./Payload/TEO Timah.app/www/backup/resources/fonts/Roboto_400_normal.ttf ... 
2019-12-03 06:21:05 +0000  19876 bytes for ./Payload/TEO Timah.app/www/backup/resources/fonts/Roboto_400_normal.ttf
copying file ./Payload/TEO Timah.app/www/backup/resources/fonts/Roboto_500_italic.ttf ... 
2019-12-03 06:21:05 +0000  33868 bytes for ./Payload/TEO Timah.app/www/backup/resources/fonts/Roboto_500_italic.ttf
copying file ./Payload/TEO Timah.app/www/backup/resources/fonts/Roboto_700_normal.woff ... 
2019-12-03 06:21:05 +0000  18568 bytes for ./Payload/TEO Timah.app/www/backup/resources/fonts/Roboto_700_normal.woff
copying file ./Payload/TEO Timah.app/www/backup/resources/fonts/Roboto_500_normal.ttf ... 
2019-12-03 06:21:05 +0000  32580 bytes for ./Payload/TEO Timah.app/www/backup/resources/fonts/Roboto_500_normal.ttf
copying file ./Payload/TEO Timah.app/www/backup/resources/fonts/Roboto_300_normal.woff ... 
2019-12-03 06:21:05 +0000  18520 bytes for ./Payload/TEO Timah.app/www/backup/resources/fonts/Roboto_300_normal.woff
2019-12-03 06:21:05 +0000  copying file ./Payload/TEO Timah.app/www/backup/resources/sipas/images.css ... 
2019-12-03 06:21:05 +0000  125090 bytes for ./Payload/TEO Timah.app/www/backup/resources/sipas/images.css
2019-12-03 06:21:05 +0000  copying file ./Payload/TEO Timah.app/www/backup/26_app.js ... 
2019-12-03 06:21:05 +0000  1494120 bytes for ./Payload/TEO Timah.app/www/backup/26_app.js
copying file ./Payload/TEO Timah.app/www/backup/26app.js ... 
2019-12-03 06:21:05 +0000  1494253 bytes for ./Payload/TEO Timah.app/www/backup/26app.js
copying file ./Payload/TEO Timah.app/www/backup/app.js ... 
2019-12-03 06:21:05 +0000  4612205 bytes for ./Payload/TEO Timah.app/www/backup/app.js
2019-12-03 06:21:05 +0000  copying file ./Payload/TEO Timah.app/www/app.js ... 
2019-12-03 06:21:05 +0000  2562492 bytes for ./Payload/TEO Timah.app/www/app.js
2019-12-03 06:21:05 +0000  copying file ./Payload/TEO Timah.app/LaunchImage-Landscape~ipad.png ... 
68272 bytes for ./Payload/TEO Timah.app/LaunchImage-Landscape~ipad.png
copying file ./Payload/TEO Timah.app/appbeep.wav ... 
11968 bytes for ./Payload/TEO Timah.app/appbeep.wav
copying file ./Payload/TEO Timah.app/LaunchImage-700-Portrait~ipad.png ... 
63613 bytes for ./Payload/TEO Timah.app/LaunchImage-700-Portrait~ipad.png
copying file ./Payload/TEO Timah.app/ELCAssetPicker.nib ... 
1234 bytes for ./Payload/TEO Timah.app/ELCAssetPicker.nib
copying file ./Payload/TEO Timah.app/Assets.car ... 
2019-12-03 06:21:05 +0000  532328 bytes for ./Payload/TEO Timah.app/Assets.car
2019-12-03 06:21:05 +0000  copying file ./Payload/TEO Timah.app/AppIcon40x40@2x~ipad.png ... 
2019-12-03 06:21:05 +0000  7485 bytes for ./Payload/TEO Timah.app/AppIcon40x40@2x~ipad.png
2019-12-03 06:21:05 +0000  copying file ./Payload/TEO Timah.app/AppIcon76x76@2x~ipad.png ... 
2019-12-03 06:21:05 +0000  17154 bytes for ./Payload/TEO Timah.app/AppIcon76x76@2x~ipad.png
2019-12-03 06:21:05 +0000  copying file ./Payload/TEO Timah.app/LaunchImage-800-Portrait-736h@3x.png ... 
2019-12-03 06:21:05 +0000  52727 bytes for ./Payload/TEO Timah.app/LaunchImage-800-Portrait-736h@3x.png
copying file ./Payload/TEO Timah.app/AppIcon72x72~ipad.png ... 
2019-12-03 06:21:05 +0000  6542 bytes for ./Payload/TEO Timah.app/AppIcon72x72~ipad.png
copying file ./Payload/TEO Timah.app/CDVLaunchScreen.storyboardc/01J-lp-oVM-view-Ze5-6b-2t3.nib ... 
2284 bytes for ./Payload/TEO Timah.app/CDVLaunchScreen.storyboardc/01J-lp-oVM-view-Ze5-6b-2t3.nib
copying file ./Payload/TEO Timah.app/CDVLaunchScreen.storyboardc/UIViewController-01J-lp-oVM.nib ... 
832 bytes for ./Payload/TEO Timah.app/CDVLaunchScreen.storyboardc/UIViewController-01J-lp-oVM.nib
copying file ./Payload/TEO Timah.app/CDVLaunchScreen.storyboardc/Info.plist ... 
258 bytes for ./Payload/TEO Timah.app/CDVLaunchScreen.storyboardc/Info.plist
copying file ./Payload/TEO Timah.app/LaunchImage-700@2x.png ... 
44963 bytes for ./Payload/TEO Timah.app/LaunchImage-700@2x.png
copying file ./Payload/TEO Timah.app/AppIcon83.5x83.5@2x~ipad.png ... 
19343 bytes for ./Payload/TEO Timah.app/AppIcon83.5x83.5@2x~ipad.png
copying file ./Payload/TEO Timah.app/LaunchImage-700-568h@2x.png ... 
55543 bytes for ./Payload/TEO Timah.app/LaunchImage-700-568h@2x.png
copying file ./Payload/TEO Timah.app/LaunchImage-Landscape@2x~ipad.png ... 
2019-12-03 06:21:06 +0000  258594 bytes for ./Payload/TEO Timah.app/LaunchImage-Landscape@2x~ipad.png
2019-12-03 06:21:06 +0000  copying file ./Payload/TEO Timah.app/CDVNotification.bundle/beep.wav ... 
8114 bytes for ./Payload/TEO Timah.app/CDVNotification.bundle/beep.wav
copying file ./Payload/TEO Timah.app/AppIcon50x50~ipad.png ... 
3999 bytes for ./Payload/TEO Timah.app/AppIcon50x50~ipad.png
copying file ./Payload/TEO Timah.app/Overlay.png ... 
2885 bytes for ./Payload/TEO Timah.app/Overlay.png
copying file ./Payload/TEO Timah.app/AppIcon29x29@2x~ipad.png ... 
4980 bytes for ./Payload/TEO Timah.app/AppIcon29x29@2x~ipad.png
copying file ./Payload/TEO Timah.app/LaunchImage-700-Landscape@2x~ipad.png ... 
2019-12-03 06:21:06 +0000  258594 bytes for ./Payload/TEO Timah.app/LaunchImage-700-Landscape@2x~ipad.png
2019-12-03 06:21:06 +0000  copying file ./Payload/TEO Timah.app/ELCAssetTablePicker.nib ... 
1476 bytes for ./Payload/TEO Timah.app/ELCAssetTablePicker.nib
2019-12-03 06:21:06 +0000  copying file ./Payload/TEO Timah.app/AppIcon50x50@2x~ipad.png ... 
2019-12-03 06:21:06 +0000  10139 bytes for ./Payload/TEO Timah.app/AppIcon50x50@2x~ipad.png
2019-12-03 06:21:06 +0000  copying file ./Payload/TEO Timah.app/AppIcon40x40~ipad.png ... 
2019-12-03 06:21:06 +0000  3075 bytes for ./Payload/TEO Timah.app/AppIcon40x40~ipad.png
copying file ./Payload/TEO Timah.app/AppIcon20x20~ipad.png ... 
2019-12-03 06:21:06 +0000  1316 bytes for ./Payload/TEO Timah.app/AppIcon20x20~ipad.png
2019-12-03 06:21:06 +0000  copying file ./Payload/TEO Timah.app/LaunchImage.png ... 
2019-12-03 06:21:06 +0000  16283 bytes for ./Payload/TEO Timah.app/LaunchImage.png
2019-12-03 06:21:06 +0000  copying file ./Payload/TEO Timah.app/embedded.mobileprovision ... 
2019-12-03 06:21:06 +0000  7546 bytes for ./Payload/TEO Timah.app/embedded.mobileprovision
2019-12-03 06:21:06 +0000  copying file ./Payload/TEO Timah.app/LaunchImage-800-Landscape-736h@3x.png ... 
2019-12-03 06:21:06 +0000  55178 bytes for ./Payload/TEO Timah.app/LaunchImage-800-Landscape-736h@3x.png
copying file ./Payload/TEO Timah.app/LaunchImage-700-Portrait@2x~ipad.png ... 
2019-12-03 06:21:06 +0000  238431 bytes for ./Payload/TEO Timah.app/LaunchImage-700-Portrait@2x~ipad.png
copying file ./Payload/TEO Timah.app/LaunchImage-700-Landscape~ipad.png ... 
2019-12-03 06:21:06 +0000  68272 bytes for ./Payload/TEO Timah.app/LaunchImage-700-Landscape~ipad.png
2019-12-03 06:21:06 +0000  copying file ./Payload/TEO Timah.app/CDVBarcodeScanner.bundle/beep.caf ... 
2019-12-03 06:21:06 +0000  16020 bytes for ./Payload/TEO Timah.app/CDVBarcodeScanner.bundle/beep.caf
2019-12-03 06:21:06 +0000  copying file ./Payload/TEO Timah.app/CDVBarcodeScanner.bundle/torch.png ... 
2019-12-03 06:21:06 +0000  3173 bytes for ./Payload/TEO Timah.app/CDVBarcodeScanner.bundle/torch.png
2019-12-03 06:21:06 +0000  copying file ./Payload/TEO Timah.app/CDVBarcodeScanner.bundle/torch@2x.png ... 
2019-12-03 06:21:06 +0000  3687 bytes for ./Payload/TEO Timah.app/CDVBarcodeScanner.bundle/torch@2x.png
copying file ./Payload/TEO Timah.app/CDVBarcodeScanner.bundle/torch@3x.png ... 
2019-12-03 06:21:06 +0000  4302 bytes for ./Payload/TEO Timah.app/CDVBarcodeScanner.bundle/torch@3x.png
2019-12-03 06:21:06 +0000  copying file ./Payload/TEO Timah.app/Overlay@2x.png ... 
2019-12-03 06:21:06 +0000  7359 bytes for ./Payload/TEO Timah.app/Overlay@2x.png
2019-12-03 06:21:06 +0000  copying file ./Payload/TEO Timah.app/AppIcon20x20@2x~ipad.png ... 
2019-12-03 06:21:06 +0000  3075 bytes for ./Payload/TEO Timah.app/AppIcon20x20@2x~ipad.png
2019-12-03 06:21:06 +0000  copying file ./Payload/TEO Timah.app/Info.plist ... 
2019-12-03 06:21:06 +0000  2501 bytes for ./Payload/TEO Timah.app/Info.plist
2019-12-03 06:21:06 +0000  copying file ./Payload/TEO Timah.app/PkgInfo ... 
8 bytes for ./Payload/TEO Timah.app/PkgInfo
2019-12-03 06:21:06 +0000  copying file ./Payload/TEO Timah.app/AppIcon76x76~ipad.png ... 
2019-12-03 06:21:06 +0000  7166 bytes for ./Payload/TEO Timah.app/AppIcon76x76~ipad.png
2019-12-03 06:21:06 +0000  /usr/bin/ditto exited with 0
2019-12-03 06:21:06 +0000  Processing step: IDEDistributionAppStoreInformationStep
2019-12-03 06:21:06 +0000  Skipping step: IDEDistributionAppStoreInformationStep because it said so
2019-12-03 06:21:06 +0000  Processing step: IDEDistributionCreateManifestStep
